gcc -g -msoft-float -O0 -fno-omit-frame-pointer -mno-red-zone -mcmodel=large -fno-plt -fno-pic -mno-sse -fno-stack-protector  -fno-stack-protector -Wno-builtin-declaration-mismatch -nostdlib -static -Wl,-T,../../lib/user/user.lds tests/userprog/args.o tests/lib.o lib/user/entry.o libc.a -o tests/userprog/args-none
pintos -v -k -T 60 -m 20   --fs-disk=10 -p tests/userprog/args-none:args-none --swap-disk=4 -- -q   -f run args-none < /dev/null 2> tests/userprog/args-none.errors > tests/userprog/args-none.output
perl -I../.. ../../tests/userprog/args-none.ck tests/userprog/args-none tests/userprog/args-none.result
pass tests/userprog/args-none
gcc -g -msoft-float -O0 -fno-omit-frame-pointer -mno-red-zone -mcmodel=large -fno-plt -fno-pic -mno-sse -fno-stack-protector  -fno-stack-protector -Wno-builtin-declaration-mismatch -nostdlib -static -Wl,-T,../../lib/user/user.lds tests/userprog/args.o tests/lib.o lib/user/entry.o libc.a -o tests/userprog/args-single
pintos -v -k -T 60 -m 20   --fs-disk=10 -p tests/userprog/args-single:args-single --swap-disk=4 -- -q   -f run 'args-single onearg' < /dev/null 2> tests/userprog/args-single.errors > tests/userprog/args-single.output
perl -I../.. ../../tests/userprog/args-single.ck tests/userprog/args-single tests/userprog/args-single.result
pass tests/userprog/args-single
gcc -g -msoft-float -O0 -fno-omit-frame-pointer -mno-red-zone -mcmodel=large -fno-plt -fno-pic -mno-sse -fno-stack-protector  -fno-stack-protector -Wno-builtin-declaration-mismatch -nostdlib -static -Wl,-T,../../lib/user/user.lds tests/userprog/args.o tests/lib.o lib/user/entry.o libc.a -o tests/userprog/args-multiple
pintos -v -k -T 60 -m 20   --fs-disk=10 -p tests/userprog/args-multiple:args-multiple --swap-disk=4 -- -q   -f run 'args-multiple some arguments for you!' < /dev/null 2> tests/userprog/args-multiple.errors > tests/userprog/args-multiple.output
perl -I../.. ../../tests/userprog/args-multiple.ck tests/userprog/args-multiple tests/userprog/args-multiple.result
pass tests/userprog/args-multiple
gcc -g -msoft-float -O0 -fno-omit-frame-pointer -mno-red-zone -mcmodel=large -fno-plt -fno-pic -mno-sse -fno-stack-protector  -fno-stack-protector -Wno-builtin-declaration-mismatch -nostdlib -static -Wl,-T,../../lib/user/user.lds tests/userprog/args.o tests/lib.o lib/user/entry.o libc.a -o tests/userprog/args-many
pintos -v -k -T 60 -m 20   --fs-disk=10 -p tests/userprog/args-many:args-many --swap-disk=4 -- -q   -f run 'args-many a b c d e f g h i j k l m n o p q r s t u v' < /dev/null 2> tests/userprog/args-many.errors > tests/userprog/args-many.output
perl -I../.. ../../tests/userprog/args-many.ck tests/userprog/args-many tests/userprog/args-many.result
pass tests/userprog/args-many
gcc -g -msoft-float -O0 -fno-omit-frame-pointer -mno-red-zone -mcmodel=large -fno-plt -fno-pic -mno-sse -fno-stack-protector  -fno-stack-protector -Wno-builtin-declaration-mismatch -nostdlib -static -Wl,-T,../../lib/user/user.lds tests/userprog/args.o tests/lib.o lib/user/entry.o libc.a -o tests/userprog/args-dbl-space
pintos -v -k -T 60 -m 20   --fs-disk=10 -p tests/userprog/args-dbl-space:args-dbl-space --swap-disk=4 -- -q   -f run 'args-dbl-space two  spaces!' < /dev/null 2> tests/userprog/args-dbl-space.errors > tests/userprog/args-dbl-space.output
perl -I../.. ../../tests/userprog/args-dbl-space.ck tests/userprog/args-dbl-space tests/userprog/args-dbl-space.result
pass tests/userprog/args-dbl-space
gcc -c ../../tests/userprog/halt.c -o tests/userprog/halt.o -g -msoft-float -O0 -fno-omit-frame-pointer -mno-red-zone -mcmodel=large -fno-plt -fno-pic -mno-sse -fno-stack-protector  -fno-stack-protector -Wno-builtin-declaration-mismatch -nostdinc -I../.. -I../../include/lib -I../../include -I../../include/lib/kernel -I../../include/lib/user -I. -Wall -W -Wstrict-prototypes -Wmissing-prototypes -Wsystem-headers  -MMD -MF tests/userprog/halt.d
gcc -c ../../tests/main.c -o tests/main.o -g -msoft-float -O0 -fno-omit-frame-pointer -mno-red-zone -mcmodel=large -fno-plt -fno-pic -mno-sse -fno-stack-protector  -fno-stack-protector -Wno-builtin-declaration-mismatch -nostdinc -I../.. -I../../include/lib -I../../include -I../../include/lib/kernel -I../../include/lib/user -I. -Wall -W -Wstrict-prototypes -Wmissing-prototypes -Wsystem-headers  -MMD -MF tests/main.d
gcc -g -msoft-float -O0 -fno-omit-frame-pointer -mno-red-zone -mcmodel=large -fno-plt -fno-pic -mno-sse -fno-stack-protector  -fno-stack-protector -Wno-builtin-declaration-mismatch -nostdlib -static -Wl,-T,../../lib/user/user.lds tests/userprog/halt.o tests/main.o tests/lib.o lib/user/entry.o libc.a -o tests/userprog/halt
pintos -v -k -T 60 -m 20   --fs-disk=10 -p tests/userprog/halt:halt --swap-disk=4 -- -q   -f run halt < /dev/null 2> tests/userprog/halt.errors > tests/userprog/halt.output
perl -I../.. ../../tests/userprog/halt.ck tests/userprog/halt tests/userprog/halt.result
pass tests/userprog/halt
gcc -c ../../tests/userprog/exit.c -o tests/userprog/exit.o -g -msoft-float -O0 -fno-omit-frame-pointer -mno-red-zone -mcmodel=large -fno-plt -fno-pic -mno-sse -fno-stack-protector  -fno-stack-protector -Wno-builtin-declaration-mismatch -nostdinc -I../.. -I../../include/lib -I../../include -I../../include/lib/kernel -I../../include/lib/user -I. -Wall -W -Wstrict-prototypes -Wmissing-prototypes -Wsystem-headers  -MMD -MF tests/userprog/exit.d
gcc -g -msoft-float -O0 -fno-omit-frame-pointer -mno-red-zone -mcmodel=large -fno-plt -fno-pic -mno-sse -fno-stack-protector  -fno-stack-protector -Wno-builtin-declaration-mismatch -nostdlib -static -Wl,-T,../../lib/user/user.lds tests/userprog/exit.o tests/main.o tests/lib.o lib/user/entry.o libc.a -o tests/userprog/exit
pintos -v -k -T 60 -m 20   --fs-disk=10 -p tests/userprog/exit:exit --swap-disk=4 -- -q   -f run exit < /dev/null 2> tests/userprog/exit.errors > tests/userprog/exit.output
perl -I../.. ../../tests/userprog/exit.ck tests/userprog/exit tests/userprog/exit.result
pass tests/userprog/exit
gcc -c ../../tests/userprog/create-normal.c -o tests/userprog/create-normal.o -g -msoft-float -O0 -fno-omit-frame-pointer -mno-red-zone -mcmodel=large -fno-plt -fno-pic -mno-sse -fno-stack-protector  -fno-stack-protector -Wno-builtin-declaration-mismatch -nostdinc -I../.. -I../../include/lib -I../../include -I../../include/lib/kernel -I../../include/lib/user -I. -Wall -W -Wstrict-prototypes -Wmissing-prototypes -Wsystem-headers  -MMD -MF tests/userprog/create-normal.d
gcc -g -msoft-float -O0 -fno-omit-frame-pointer -mno-red-zone -mcmodel=large -fno-plt -fno-pic -mno-sse -fno-stack-protector  -fno-stack-protector -Wno-builtin-declaration-mismatch -nostdlib -static -Wl,-T,../../lib/user/user.lds tests/userprog/create-normal.o tests/main.o tests/lib.o lib/user/entry.o libc.a -o tests/userprog/create-normal
pintos -v -k -T 60 -m 20   --fs-disk=10 -p tests/userprog/create-normal:create-normal --swap-disk=4 -- -q   -f run create-normal < /dev/null 2> tests/userprog/create-normal.errors > tests/userprog/create-normal.output
perl -I../.. ../../tests/userprog/create-normal.ck tests/userprog/create-normal tests/userprog/create-normal.result
pass tests/userprog/create-normal
gcc -c ../../tests/userprog/create-empty.c -o tests/userprog/create-empty.o -g -msoft-float -O0 -fno-omit-frame-pointer -mno-red-zone -mcmodel=large -fno-plt -fno-pic -mno-sse -fno-stack-protector  -fno-stack-protector -Wno-builtin-declaration-mismatch -nostdinc -I../.. -I../../include/lib -I../../include -I../../include/lib/kernel -I../../include/lib/user -I. -Wall -W -Wstrict-prototypes -Wmissing-prototypes -Wsystem-headers  -MMD -MF tests/userprog/create-empty.d
gcc -g -msoft-float -O0 -fno-omit-frame-pointer -mno-red-zone -mcmodel=large -fno-plt -fno-pic -mno-sse -fno-stack-protector  -fno-stack-protector -Wno-builtin-declaration-mismatch -nostdlib -static -Wl,-T,../../lib/user/user.lds tests/userprog/create-empty.o tests/main.o tests/lib.o lib/user/entry.o libc.a -o tests/userprog/create-empty
pintos -v -k -T 60 -m 20   --fs-disk=10 -p tests/userprog/create-empty:create-empty --swap-disk=4 -- -q   -f run create-empty < /dev/null 2> tests/userprog/create-empty.errors > tests/userprog/create-empty.output
perl -I../.. ../../tests/userprog/create-empty.ck tests/userprog/create-empty tests/userprog/create-empty.result
pass tests/userprog/create-empty
gcc -c ../../tests/userprog/create-null.c -o tests/userprog/create-null.o -g -msoft-float -O0 -fno-omit-frame-pointer -mno-red-zone -mcmodel=large -fno-plt -fno-pic -mno-sse -fno-stack-protector  -fno-stack-protector -Wno-builtin-declaration-mismatch -nostdinc -I../.. -I../../include/lib -I../../include -I../../include/lib/kernel -I../../include/lib/user -I. -Wall -W -Wstrict-prototypes -Wmissing-prototypes -Wsystem-headers  -MMD -MF tests/userprog/create-null.d
gcc -g -msoft-float -O0 -fno-omit-frame-pointer -mno-red-zone -mcmodel=large -fno-plt -fno-pic -mno-sse -fno-stack-protector  -fno-stack-protector -Wno-builtin-declaration-mismatch -nostdlib -static -Wl,-T,../../lib/user/user.lds tests/userprog/create-null.o tests/main.o tests/lib.o lib/user/entry.o libc.a -o tests/userprog/create-null
pintos -v -k -T 60 -m 20   --fs-disk=10 -p tests/userprog/create-null:create-null --swap-disk=4 -- -q   -f run create-null < /dev/null 2> tests/userprog/create-null.errors > tests/userprog/create-null.output
perl -I../.. ../../tests/userprog/create-null.ck tests/userprog/create-null tests/userprog/create-null.result
pass tests/userprog/create-null
gcc -c ../../tests/userprog/create-bad-ptr.c -o tests/userprog/create-bad-ptr.o -g -msoft-float -O0 -fno-omit-frame-pointer -mno-red-zone -mcmodel=large -fno-plt -fno-pic -mno-sse -fno-stack-protector  -fno-stack-protector -Wno-builtin-declaration-mismatch -nostdinc -I../.. -I../../include/lib -I../../include -I../../include/lib/kernel -I../../include/lib/user -I. -Wall -W -Wstrict-prototypes -Wmissing-prototypes -Wsystem-headers  -MMD -MF tests/userprog/create-bad-ptr.d
gcc -g -msoft-float -O0 -fno-omit-frame-pointer -mno-red-zone -mcmodel=large -fno-plt -fno-pic -mno-sse -fno-stack-protector  -fno-stack-protector -Wno-builtin-declaration-mismatch -nostdlib -static -Wl,-T,../../lib/user/user.lds tests/userprog/create-bad-ptr.o tests/main.o tests/lib.o lib/user/entry.o libc.a -o tests/userprog/create-bad-ptr
pintos -v -k -T 60 -m 20   --fs-disk=10 -p tests/userprog/create-bad-ptr:create-bad-ptr --swap-disk=4 -- -q   -f run create-bad-ptr < /dev/null 2> tests/userprog/create-bad-ptr.errors > tests/userprog/create-bad-ptr.output
perl -I../.. ../../tests/userprog/create-bad-ptr.ck tests/userprog/create-bad-ptr tests/userprog/create-bad-ptr.result
pass tests/userprog/create-bad-ptr
gcc -c ../../tests/userprog/create-long.c -o tests/userprog/create-long.o -g -msoft-float -O0 -fno-omit-frame-pointer -mno-red-zone -mcmodel=large -fno-plt -fno-pic -mno-sse -fno-stack-protector  -fno-stack-protector -Wno-builtin-declaration-mismatch -nostdinc -I../.. -I../../include/lib -I../../include -I../../include/lib/kernel -I../../include/lib/user -I. -Wall -W -Wstrict-prototypes -Wmissing-prototypes -Wsystem-headers  -MMD -MF tests/userprog/create-long.d
gcc -g -msoft-float -O0 -fno-omit-frame-pointer -mno-red-zone -mcmodel=large -fno-plt -fno-pic -mno-sse -fno-stack-protector  -fno-stack-protector -Wno-builtin-declaration-mismatch -nostdlib -static -Wl,-T,../../lib/user/user.lds tests/userprog/create-long.o tests/main.o tests/lib.o lib/user/entry.o libc.a -o tests/userprog/create-long
pintos -v -k -T 60 -m 20   --fs-disk=10 -p tests/userprog/create-long:create-long --swap-disk=4 -- -q   -f run create-long < /dev/null 2> tests/userprog/create-long.errors > tests/userprog/create-long.output
perl -I../.. ../../tests/userprog/create-long.ck tests/userprog/create-long tests/userprog/create-long.result
pass tests/userprog/create-long
gcc -c ../../tests/userprog/create-exists.c -o tests/userprog/create-exists.o -g -msoft-float -O0 -fno-omit-frame-pointer -mno-red-zone -mcmodel=large -fno-plt -fno-pic -mno-sse -fno-stack-protector  -fno-stack-protector -Wno-builtin-declaration-mismatch -nostdinc -I../.. -I../../include/lib -I../../include -I../../include/lib/kernel -I../../include/lib/user -I. -Wall -W -Wstrict-prototypes -Wmissing-prototypes -Wsystem-headers  -MMD -MF tests/userprog/create-exists.d
gcc -g -msoft-float -O0 -fno-omit-frame-pointer -mno-red-zone -mcmodel=large -fno-plt -fno-pic -mno-sse -fno-stack-protector  -fno-stack-protector -Wno-builtin-declaration-mismatch -nostdlib -static -Wl,-T,../../lib/user/user.lds tests/userprog/create-exists.o tests/main.o tests/lib.o lib/user/entry.o libc.a -o tests/userprog/create-exists
pintos -v -k -T 60 -m 20   --fs-disk=10 -p tests/userprog/create-exists:create-exists --swap-disk=4 -- -q   -f run create-exists < /dev/null 2> tests/userprog/create-exists.errors > tests/userprog/create-exists.output
perl -I../.. ../../tests/userprog/create-exists.ck tests/userprog/create-exists tests/userprog/create-exists.result
pass tests/userprog/create-exists
gcc -c ../../tests/userprog/create-bound.c -o tests/userprog/create-bound.o -g -msoft-float -O0 -fno-omit-frame-pointer -mno-red-zone -mcmodel=large -fno-plt -fno-pic -mno-sse -fno-stack-protector  -fno-stack-protector -Wno-builtin-declaration-mismatch -nostdinc -I../.. -I../../include/lib -I../../include -I../../include/lib/kernel -I../../include/lib/user -I. -Wall -W -Wstrict-prototypes -Wmissing-prototypes -Wsystem-headers  -MMD -MF tests/userprog/create-bound.d
gcc -c ../../tests/userprog/boundary.c -o tests/userprog/boundary.o -g -msoft-float -O0 -fno-omit-frame-pointer -mno-red-zone -mcmodel=large -fno-plt -fno-pic -mno-sse -fno-stack-protector  -fno-stack-protector -Wno-builtin-declaration-mismatch -nostdinc -I../.. -I../../include/lib -I../../include -I../../include/lib/kernel -I../../include/lib/user -I. -Wall -W -Wstrict-prototypes -Wmissing-prototypes -Wsystem-headers  -MMD -MF tests/userprog/boundary.d
gcc -g -msoft-float -O0 -fno-omit-frame-pointer -mno-red-zone -mcmodel=large -fno-plt -fno-pic -mno-sse -fno-stack-protector  -fno-stack-protector -Wno-builtin-declaration-mismatch -nostdlib -static -Wl,-T,../../lib/user/user.lds tests/userprog/create-bound.o tests/userprog/boundary.o tests/main.o tests/lib.o lib/user/entry.o libc.a -o tests/userprog/create-bound
pintos -v -k -T 60 -m 20   --fs-disk=10 -p tests/userprog/create-bound:create-bound --swap-disk=4 -- -q   -f run create-bound < /dev/null 2> tests/userprog/create-bound.errors > tests/userprog/create-bound.output
perl -I../.. ../../tests/userprog/create-bound.ck tests/userprog/create-bound tests/userprog/create-bound.result
pass tests/userprog/create-bound
gcc -c ../../tests/userprog/open-normal.c -o tests/userprog/open-normal.o -g -msoft-float -O0 -fno-omit-frame-pointer -mno-red-zone -mcmodel=large -fno-plt -fno-pic -mno-sse -fno-stack-protector  -fno-stack-protector -Wno-builtin-declaration-mismatch -nostdinc -I../.. -I../../include/lib -I../../include -I../../include/lib/kernel -I../../include/lib/user -I. -Wall -W -Wstrict-prototypes -Wmissing-prototypes -Wsystem-headers  -MMD -MF tests/userprog/open-normal.d
gcc -g -msoft-float -O0 -fno-omit-frame-pointer -mno-red-zone -mcmodel=large -fno-plt -fno-pic -mno-sse -fno-stack-protector  -fno-stack-protector -Wno-builtin-declaration-mismatch -nostdlib -static -Wl,-T,../../lib/user/user.lds tests/userprog/open-normal.o tests/main.o tests/lib.o lib/user/entry.o libc.a -o tests/userprog/open-normal
pintos -v -k -T 60 -m 20   --fs-disk=10 -p tests/userprog/open-normal:open-normal -p ../../tests/userprog/sample.txt:sample.txt --swap-disk=4 -- -q   -f run open-normal < /dev/null 2> tests/userprog/open-normal.errors > tests/userprog/open-normal.output
perl -I../.. ../../tests/userprog/open-normal.ck tests/userprog/open-normal tests/userprog/open-normal.result
pass tests/userprog/open-normal
gcc -c ../../tests/userprog/open-missing.c -o tests/userprog/open-missing.o -g -msoft-float -O0 -fno-omit-frame-pointer -mno-red-zone -mcmodel=large -fno-plt -fno-pic -mno-sse -fno-stack-protector  -fno-stack-protector -Wno-builtin-declaration-mismatch -nostdinc -I../.. -I../../include/lib -I../../include -I../../include/lib/kernel -I../../include/lib/user -I. -Wall -W -Wstrict-prototypes -Wmissing-prototypes -Wsystem-headers  -MMD -MF tests/userprog/open-missing.d
gcc -g -msoft-float -O0 -fno-omit-frame-pointer -mno-red-zone -mcmodel=large -fno-plt -fno-pic -mno-sse -fno-stack-protector  -fno-stack-protector -Wno-builtin-declaration-mismatch -nostdlib -static -Wl,-T,../../lib/user/user.lds tests/userprog/open-missing.o tests/main.o tests/lib.o lib/user/entry.o libc.a -o tests/userprog/open-missing
pintos -v -k -T 60 -m 20   --fs-disk=10 -p tests/userprog/open-missing:open-missing --swap-disk=4 -- -q   -f run open-missing < /dev/null 2> tests/userprog/open-missing.errors > tests/userprog/open-missing.output
perl -I../.. ../../tests/userprog/open-missing.ck tests/userprog/open-missing tests/userprog/open-missing.result
pass tests/userprog/open-missing
gcc -c ../../tests/userprog/open-boundary.c -o tests/userprog/open-boundary.o -g -msoft-float -O0 -fno-omit-frame-pointer -mno-red-zone -mcmodel=large -fno-plt -fno-pic -mno-sse -fno-stack-protector  -fno-stack-protector -Wno-builtin-declaration-mismatch -nostdinc -I../.. -I../../include/lib -I../../include -I../../include/lib/kernel -I../../include/lib/user -I. -Wall -W -Wstrict-prototypes -Wmissing-prototypes -Wsystem-headers  -MMD -MF tests/userprog/open-boundary.d
gcc -g -msoft-float -O0 -fno-omit-frame-pointer -mno-red-zone -mcmodel=large -fno-plt -fno-pic -mno-sse -fno-stack-protector  -fno-stack-protector -Wno-builtin-declaration-mismatch -nostdlib -static -Wl,-T,../../lib/user/user.lds tests/userprog/open-boundary.o tests/userprog/boundary.o tests/main.o tests/lib.o lib/user/entry.o libc.a -o tests/userprog/open-boundary
pintos -v -k -T 60 -m 20   --fs-disk=10 -p tests/userprog/open-boundary:open-boundary -p ../../tests/userprog/sample.txt:sample.txt --swap-disk=4 -- -q   -f run open-boundary < /dev/null 2> tests/userprog/open-boundary.errors > tests/userprog/open-boundary.output
perl -I../.. ../../tests/userprog/open-boundary.ck tests/userprog/open-boundary tests/userprog/open-boundary.result
pass tests/userprog/open-boundary
gcc -c ../../tests/userprog/open-empty.c -o tests/userprog/open-empty.o -g -msoft-float -O0 -fno-omit-frame-pointer -mno-red-zone -mcmodel=large -fno-plt -fno-pic -mno-sse -fno-stack-protector  -fno-stack-protector -Wno-builtin-declaration-mismatch -nostdinc -I../.. -I../../include/lib -I../../include -I../../include/lib/kernel -I../../include/lib/user -I. -Wall -W -Wstrict-prototypes -Wmissing-prototypes -Wsystem-headers  -MMD -MF tests/userprog/open-empty.d
gcc -g -msoft-float -O0 -fno-omit-frame-pointer -mno-red-zone -mcmodel=large -fno-plt -fno-pic -mno-sse -fno-stack-protector  -fno-stack-protector -Wno-builtin-declaration-mismatch -nostdlib -static -Wl,-T,../../lib/user/user.lds tests/userprog/open-empty.o tests/main.o tests/lib.o lib/user/entry.o libc.a -o tests/userprog/open-empty
pintos -v -k -T 60 -m 20   --fs-disk=10 -p tests/userprog/open-empty:open-empty --swap-disk=4 -- -q   -f run open-empty < /dev/null 2> tests/userprog/open-empty.errors > tests/userprog/open-empty.output
perl -I../.. ../../tests/userprog/open-empty.ck tests/userprog/open-empty tests/userprog/open-empty.result
pass tests/userprog/open-empty
gcc -c ../../tests/userprog/open-null.c -o tests/userprog/open-null.o -g -msoft-float -O0 -fno-omit-frame-pointer -mno-red-zone -mcmodel=large -fno-plt -fno-pic -mno-sse -fno-stack-protector  -fno-stack-protector -Wno-builtin-declaration-mismatch -nostdinc -I../.. -I../../include/lib -I../../include -I../../include/lib/kernel -I../../include/lib/user -I. -Wall -W -Wstrict-prototypes -Wmissing-prototypes -Wsystem-headers  -MMD -MF tests/userprog/open-null.d
gcc -g -msoft-float -O0 -fno-omit-frame-pointer -mno-red-zone -mcmodel=large -fno-plt -fno-pic -mno-sse -fno-stack-protector  -fno-stack-protector -Wno-builtin-declaration-mismatch -nostdlib -static -Wl,-T,../../lib/user/user.lds tests/userprog/open-null.o tests/main.o tests/lib.o lib/user/entry.o libc.a -o tests/userprog/open-null
pintos -v -k -T 60 -m 20   --fs-disk=10 -p tests/userprog/open-null:open-null --swap-disk=4 -- -q   -f run open-null < /dev/null 2> tests/userprog/open-null.errors > tests/userprog/open-null.output
perl -I../.. ../../tests/userprog/open-null.ck tests/userprog/open-null tests/userprog/open-null.result
pass tests/userprog/open-null
gcc -c ../../tests/userprog/open-bad-ptr.c -o tests/userprog/open-bad-ptr.o -g -msoft-float -O0 -fno-omit-frame-pointer -mno-red-zone -mcmodel=large -fno-plt -fno-pic -mno-sse -fno-stack-protector  -fno-stack-protector -Wno-builtin-declaration-mismatch -nostdinc -I../.. -I../../include/lib -I../../include -I../../include/lib/kernel -I../../include/lib/user -I. -Wall -W -Wstrict-prototypes -Wmissing-prototypes -Wsystem-headers  -MMD -MF tests/userprog/open-bad-ptr.d
gcc -g -msoft-float -O0 -fno-omit-frame-pointer -mno-red-zone -mcmodel=large -fno-plt -fno-pic -mno-sse -fno-stack-protector  -fno-stack-protector -Wno-builtin-declaration-mismatch -nostdlib -static -Wl,-T,../../lib/user/user.lds tests/userprog/open-bad-ptr.o tests/main.o tests/lib.o lib/user/entry.o libc.a -o tests/userprog/open-bad-ptr
pintos -v -k -T 60 -m 20   --fs-disk=10 -p tests/userprog/open-bad-ptr:open-bad-ptr --swap-disk=4 -- -q   -f run open-bad-ptr < /dev/null 2> tests/userprog/open-bad-ptr.errors > tests/userprog/open-bad-ptr.output
perl -I../.. ../../tests/userprog/open-bad-ptr.ck tests/userprog/open-bad-ptr tests/userprog/open-bad-ptr.result
pass tests/userprog/open-bad-ptr
gcc -c ../../tests/userprog/open-twice.c -o tests/userprog/open-twice.o -g -msoft-float -O0 -fno-omit-frame-pointer -mno-red-zone -mcmodel=large -fno-plt -fno-pic -mno-sse -fno-stack-protector  -fno-stack-protector -Wno-builtin-declaration-mismatch -nostdinc -I../.. -I../../include/lib -I../../include -I../../include/lib/kernel -I../../include/lib/user -I. -Wall -W -Wstrict-prototypes -Wmissing-prototypes -Wsystem-headers  -MMD -MF tests/userprog/open-twice.d
gcc -g -msoft-float -O0 -fno-omit-frame-pointer -mno-red-zone -mcmodel=large -fno-plt -fno-pic -mno-sse -fno-stack-protector  -fno-stack-protector -Wno-builtin-declaration-mismatch -nostdlib -static -Wl,-T,../../lib/user/user.lds tests/userprog/open-twice.o tests/main.o tests/lib.o lib/user/entry.o libc.a -o tests/userprog/open-twice
pintos -v -k -T 60 -m 20   --fs-disk=10 -p tests/userprog/open-twice:open-twice -p ../../tests/userprog/sample.txt:sample.txt --swap-disk=4 -- -q   -f run open-twice < /dev/null 2> tests/userprog/open-twice.errors > tests/userprog/open-twice.output
perl -I../.. ../../tests/userprog/open-twice.ck tests/userprog/open-twice tests/userprog/open-twice.result
pass tests/userprog/open-twice
gcc -c ../../tests/userprog/close-normal.c -o tests/userprog/close-normal.o -g -msoft-float -O0 -fno-omit-frame-pointer -mno-red-zone -mcmodel=large -fno-plt -fno-pic -mno-sse -fno-stack-protector  -fno-stack-protector -Wno-builtin-declaration-mismatch -nostdinc -I../.. -I../../include/lib -I../../include -I../../include/lib/kernel -I../../include/lib/user -I. -Wall -W -Wstrict-prototypes -Wmissing-prototypes -Wsystem-headers  -MMD -MF tests/userprog/close-normal.d
gcc -g -msoft-float -O0 -fno-omit-frame-pointer -mno-red-zone -mcmodel=large -fno-plt -fno-pic -mno-sse -fno-stack-protector  -fno-stack-protector -Wno-builtin-declaration-mismatch -nostdlib -static -Wl,-T,../../lib/user/user.lds tests/userprog/close-normal.o tests/main.o tests/lib.o lib/user/entry.o libc.a -o tests/userprog/close-normal
pintos -v -k -T 60 -m 20   --fs-disk=10 -p tests/userprog/close-normal:close-normal -p ../../tests/userprog/sample.txt:sample.txt --swap-disk=4 -- -q   -f run close-normal < /dev/null 2> tests/userprog/close-normal.errors > tests/userprog/close-normal.output
perl -I../.. ../../tests/userprog/close-normal.ck tests/userprog/close-normal tests/userprog/close-normal.result
pass tests/userprog/close-normal
gcc -c ../../tests/userprog/close-twice.c -o tests/userprog/close-twice.o -g -msoft-float -O0 -fno-omit-frame-pointer -mno-red-zone -mcmodel=large -fno-plt -fno-pic -mno-sse -fno-stack-protector  -fno-stack-protector -Wno-builtin-declaration-mismatch -nostdinc -I../.. -I../../include/lib -I../../include -I../../include/lib/kernel -I../../include/lib/user -I. -Wall -W -Wstrict-prototypes -Wmissing-prototypes -Wsystem-headers  -MMD -MF tests/userprog/close-twice.d
gcc -g -msoft-float -O0 -fno-omit-frame-pointer -mno-red-zone -mcmodel=large -fno-plt -fno-pic -mno-sse -fno-stack-protector  -fno-stack-protector -Wno-builtin-declaration-mismatch -nostdlib -static -Wl,-T,../../lib/user/user.lds tests/userprog/close-twice.o tests/main.o tests/lib.o lib/user/entry.o libc.a -o tests/userprog/close-twice
pintos -v -k -T 60 -m 20   --fs-disk=10 -p tests/userprog/close-twice:close-twice -p ../../tests/userprog/sample.txt:sample.txt --swap-disk=4 -- -q   -f run close-twice < /dev/null 2> tests/userprog/close-twice.errors > tests/userprog/close-twice.output
perl -I../.. ../../tests/userprog/close-twice.ck tests/userprog/close-twice tests/userprog/close-twice.result
pass tests/userprog/close-twice
gcc -c ../../tests/userprog/close-bad-fd.c -o tests/userprog/close-bad-fd.o -g -msoft-float -O0 -fno-omit-frame-pointer -mno-red-zone -mcmodel=large -fno-plt -fno-pic -mno-sse -fno-stack-protector  -fno-stack-protector -Wno-builtin-declaration-mismatch -nostdinc -I../.. -I../../include/lib -I../../include -I../../include/lib/kernel -I../../include/lib/user -I. -Wall -W -Wstrict-prototypes -Wmissing-prototypes -Wsystem-headers  -MMD -MF tests/userprog/close-bad-fd.d
gcc -g -msoft-float -O0 -fno-omit-frame-pointer -mno-red-zone -mcmodel=large -fno-plt -fno-pic -mno-sse -fno-stack-protector  -fno-stack-protector -Wno-builtin-declaration-mismatch -nostdlib -static -Wl,-T,../../lib/user/user.lds tests/userprog/close-bad-fd.o tests/main.o tests/lib.o lib/user/entry.o libc.a -o tests/userprog/close-bad-fd
pintos -v -k -T 60 -m 20   --fs-disk=10 -p tests/userprog/close-bad-fd:close-bad-fd --swap-disk=4 -- -q   -f run close-bad-fd < /dev/null 2> tests/userprog/close-bad-fd.errors > tests/userprog/close-bad-fd.output
perl -I../.. ../../tests/userprog/close-bad-fd.ck tests/userprog/close-bad-fd tests/userprog/close-bad-fd.result
pass tests/userprog/close-bad-fd
gcc -c ../../tests/userprog/read-normal.c -o tests/userprog/read-normal.o -g -msoft-float -O0 -fno-omit-frame-pointer -mno-red-zone -mcmodel=large -fno-plt -fno-pic -mno-sse -fno-stack-protector  -fno-stack-protector -Wno-builtin-declaration-mismatch -nostdinc -I../.. -I../../include/lib -I../../include -I../../include/lib/kernel -I../../include/lib/user -I. -Wall -W -Wstrict-prototypes -Wmissing-prototypes -Wsystem-headers  -MMD -MF tests/userprog/read-normal.d
gcc -g -msoft-float -O0 -fno-omit-frame-pointer -mno-red-zone -mcmodel=large -fno-plt -fno-pic -mno-sse -fno-stack-protector  -fno-stack-protector -Wno-builtin-declaration-mismatch -nostdlib -static -Wl,-T,../../lib/user/user.lds tests/userprog/read-normal.o tests/main.o tests/lib.o lib/user/entry.o libc.a -o tests/userprog/read-normal
pintos -v -k -T 60 -m 20   --fs-disk=10 -p tests/userprog/read-normal:read-normal -p ../../tests/userprog/sample.txt:sample.txt --swap-disk=4 -- -q   -f run read-normal < /dev/null 2> tests/userprog/read-normal.errors > tests/userprog/read-normal.output
perl -I../.. ../../tests/userprog/read-normal.ck tests/userprog/read-normal tests/userprog/read-normal.result
pass tests/userprog/read-normal
gcc -c ../../tests/userprog/read-bad-ptr.c -o tests/userprog/read-bad-ptr.o -g -msoft-float -O0 -fno-omit-frame-pointer -mno-red-zone -mcmodel=large -fno-plt -fno-pic -mno-sse -fno-stack-protector  -fno-stack-protector -Wno-builtin-declaration-mismatch -nostdinc -I../.. -I../../include/lib -I../../include -I../../include/lib/kernel -I../../include/lib/user -I. -Wall -W -Wstrict-prototypes -Wmissing-prototypes -Wsystem-headers  -MMD -MF tests/userprog/read-bad-ptr.d
gcc -g -msoft-float -O0 -fno-omit-frame-pointer -mno-red-zone -mcmodel=large -fno-plt -fno-pic -mno-sse -fno-stack-protector  -fno-stack-protector -Wno-builtin-declaration-mismatch -nostdlib -static -Wl,-T,../../lib/user/user.lds tests/userprog/read-bad-ptr.o tests/main.o tests/lib.o lib/user/entry.o libc.a -o tests/userprog/read-bad-ptr
pintos -v -k -T 60 -m 20   --fs-disk=10 -p tests/userprog/read-bad-ptr:read-bad-ptr -p ../../tests/userprog/sample.txt:sample.txt --swap-disk=4 -- -q   -f run read-bad-ptr < /dev/null 2> tests/userprog/read-bad-ptr.errors > tests/userprog/read-bad-ptr.output
perl -I../.. ../../tests/userprog/read-bad-ptr.ck tests/userprog/read-bad-ptr tests/userprog/read-bad-ptr.result
pass tests/userprog/read-bad-ptr
gcc -c ../../tests/userprog/read-boundary.c -o tests/userprog/read-boundary.o -g -msoft-float -O0 -fno-omit-frame-pointer -mno-red-zone -mcmodel=large -fno-plt -fno-pic -mno-sse -fno-stack-protector  -fno-stack-protector -Wno-builtin-declaration-mismatch -nostdinc -I../.. -I../../include/lib -I../../include -I../../include/lib/kernel -I../../include/lib/user -I. -Wall -W -Wstrict-prototypes -Wmissing-prototypes -Wsystem-headers  -MMD -MF tests/userprog/read-boundary.d
gcc -g -msoft-float -O0 -fno-omit-frame-pointer -mno-red-zone -mcmodel=large -fno-plt -fno-pic -mno-sse -fno-stack-protector  -fno-stack-protector -Wno-builtin-declaration-mismatch -nostdlib -static -Wl,-T,../../lib/user/user.lds tests/userprog/read-boundary.o tests/userprog/boundary.o tests/main.o tests/lib.o lib/user/entry.o libc.a -o tests/userprog/read-boundary
pintos -v -k -T 60 -m 20   --fs-disk=10 -p tests/userprog/read-boundary:read-boundary -p ../../tests/userprog/sample.txt:sample.txt --swap-disk=4 -- -q   -f run read-boundary < /dev/null 2> tests/userprog/read-boundary.errors > tests/userprog/read-boundary.output
perl -I../.. ../../tests/userprog/read-boundary.ck tests/userprog/read-boundary tests/userprog/read-boundary.result
pass tests/userprog/read-boundary
gcc -c ../../tests/userprog/read-zero.c -o tests/userprog/read-zero.o -g -msoft-float -O0 -fno-omit-frame-pointer -mno-red-zone -mcmodel=large -fno-plt -fno-pic -mno-sse -fno-stack-protector  -fno-stack-protector -Wno-builtin-declaration-mismatch -nostdinc -I../.. -I../../include/lib -I../../include -I../../include/lib/kernel -I../../include/lib/user -I. -Wall -W -Wstrict-prototypes -Wmissing-prototypes -Wsystem-headers  -MMD -MF tests/userprog/read-zero.d
gcc -g -msoft-float -O0 -fno-omit-frame-pointer -mno-red-zone -mcmodel=large -fno-plt -fno-pic -mno-sse -fno-stack-protector  -fno-stack-protector -Wno-builtin-declaration-mismatch -nostdlib -static -Wl,-T,../../lib/user/user.lds tests/userprog/read-zero.o tests/main.o tests/lib.o lib/user/entry.o libc.a -o tests/userprog/read-zero
pintos -v -k -T 60 -m 20   --fs-disk=10 -p tests/userprog/read-zero:read-zero -p ../../tests/userprog/sample.txt:sample.txt --swap-disk=4 -- -q   -f run read-zero < /dev/null 2> tests/userprog/read-zero.errors > tests/userprog/read-zero.output
perl -I../.. ../../tests/userprog/read-zero.ck tests/userprog/read-zero tests/userprog/read-zero.result
pass tests/userprog/read-zero
gcc -c ../../tests/userprog/read-stdout.c -o tests/userprog/read-stdout.o -g -msoft-float -O0 -fno-omit-frame-pointer -mno-red-zone -mcmodel=large -fno-plt -fno-pic -mno-sse -fno-stack-protector  -fno-stack-protector -Wno-builtin-declaration-mismatch -nostdinc -I../.. -I../../include/lib -I../../include -I../../include/lib/kernel -I../../include/lib/user -I. -Wall -W -Wstrict-prototypes -Wmissing-prototypes -Wsystem-headers  -MMD -MF tests/userprog/read-stdout.d
gcc -g -msoft-float -O0 -fno-omit-frame-pointer -mno-red-zone -mcmodel=large -fno-plt -fno-pic -mno-sse -fno-stack-protector  -fno-stack-protector -Wno-builtin-declaration-mismatch -nostdlib -static -Wl,-T,../../lib/user/user.lds tests/userprog/read-stdout.o tests/main.o tests/lib.o lib/user/entry.o libc.a -o tests/userprog/read-stdout
pintos -v -k -T 60 -m 20   --fs-disk=10 -p tests/userprog/read-stdout:read-stdout --swap-disk=4 -- -q   -f run read-stdout < /dev/null 2> tests/userprog/read-stdout.errors > tests/userprog/read-stdout.output
perl -I../.. ../../tests/userprog/read-stdout.ck tests/userprog/read-stdout tests/userprog/read-stdout.result
pass tests/userprog/read-stdout
gcc -c ../../tests/userprog/read-bad-fd.c -o tests/userprog/read-bad-fd.o -g -msoft-float -O0 -fno-omit-frame-pointer -mno-red-zone -mcmodel=large -fno-plt -fno-pic -mno-sse -fno-stack-protector  -fno-stack-protector -Wno-builtin-declaration-mismatch -nostdinc -I../.. -I../../include/lib -I../../include -I../../include/lib/kernel -I../../include/lib/user -I. -Wall -W -Wstrict-prototypes -Wmissing-prototypes -Wsystem-headers  -MMD -MF tests/userprog/read-bad-fd.d
gcc -g -msoft-float -O0 -fno-omit-frame-pointer -mno-red-zone -mcmodel=large -fno-plt -fno-pic -mno-sse -fno-stack-protector  -fno-stack-protector -Wno-builtin-declaration-mismatch -nostdlib -static -Wl,-T,../../lib/user/user.lds tests/userprog/read-bad-fd.o tests/main.o tests/lib.o lib/user/entry.o libc.a -o tests/userprog/read-bad-fd
pintos -v -k -T 60 -m 20   --fs-disk=10 -p tests/userprog/read-bad-fd:read-bad-fd --swap-disk=4 -- -q   -f run read-bad-fd < /dev/null 2> tests/userprog/read-bad-fd.errors > tests/userprog/read-bad-fd.output
perl -I../.. ../../tests/userprog/read-bad-fd.ck tests/userprog/read-bad-fd tests/userprog/read-bad-fd.result
pass tests/userprog/read-bad-fd
gcc -c ../../tests/userprog/write-normal.c -o tests/userprog/write-normal.o -g -msoft-float -O0 -fno-omit-frame-pointer -mno-red-zone -mcmodel=large -fno-plt -fno-pic -mno-sse -fno-stack-protector  -fno-stack-protector -Wno-builtin-declaration-mismatch -nostdinc -I../.. -I../../include/lib -I../../include -I../../include/lib/kernel -I../../include/lib/user -I. -Wall -W -Wstrict-prototypes -Wmissing-prototypes -Wsystem-headers  -MMD -MF tests/userprog/write-normal.d
gcc -g -msoft-float -O0 -fno-omit-frame-pointer -mno-red-zone -mcmodel=large -fno-plt -fno-pic -mno-sse -fno-stack-protector  -fno-stack-protector -Wno-builtin-declaration-mismatch -nostdlib -static -Wl,-T,../../lib/user/user.lds tests/userprog/write-normal.o tests/main.o tests/lib.o lib/user/entry.o libc.a -o tests/userprog/write-normal
pintos -v -k -T 60 -m 20   --fs-disk=10 -p tests/userprog/write-normal:write-normal -p ../../tests/userprog/sample.txt:sample.txt --swap-disk=4 -- -q   -f run write-normal < /dev/null 2> tests/userprog/write-normal.errors > tests/userprog/write-normal.output
perl -I../.. ../../tests/userprog/write-normal.ck tests/userprog/write-normal tests/userprog/write-normal.result
pass tests/userprog/write-normal
gcc -c ../../tests/userprog/write-bad-ptr.c -o tests/userprog/write-bad-ptr.o -g -msoft-float -O0 -fno-omit-frame-pointer -mno-red-zone -mcmodel=large -fno-plt -fno-pic -mno-sse -fno-stack-protector  -fno-stack-protector -Wno-builtin-declaration-mismatch -nostdinc -I../.. -I../../include/lib -I../../include -I../../include/lib/kernel -I../../include/lib/user -I. -Wall -W -Wstrict-prototypes -Wmissing-prototypes -Wsystem-headers  -MMD -MF tests/userprog/write-bad-ptr.d
gcc -g -msoft-float -O0 -fno-omit-frame-pointer -mno-red-zone -mcmodel=large -fno-plt -fno-pic -mno-sse -fno-stack-protector  -fno-stack-protector -Wno-builtin-declaration-mismatch -nostdlib -static -Wl,-T,../../lib/user/user.lds tests/userprog/write-bad-ptr.o tests/main.o tests/lib.o lib/user/entry.o libc.a -o tests/userprog/write-bad-ptr
pintos -v -k -T 60 -m 20   --fs-disk=10 -p tests/userprog/write-bad-ptr:write-bad-ptr -p ../../tests/userprog/sample.txt:sample.txt --swap-disk=4 -- -q   -f run write-bad-ptr < /dev/null 2> tests/userprog/write-bad-ptr.errors > tests/userprog/write-bad-ptr.output
perl -I../.. ../../tests/userprog/write-bad-ptr.ck tests/userprog/write-bad-ptr tests/userprog/write-bad-ptr.result
pass tests/userprog/write-bad-ptr
gcc -c ../../tests/userprog/write-boundary.c -o tests/userprog/write-boundary.o -g -msoft-float -O0 -fno-omit-frame-pointer -mno-red-zone -mcmodel=large -fno-plt -fno-pic -mno-sse -fno-stack-protector  -fno-stack-protector -Wno-builtin-declaration-mismatch -nostdinc -I../.. -I../../include/lib -I../../include -I../../include/lib/kernel -I../../include/lib/user -I. -Wall -W -Wstrict-prototypes -Wmissing-prototypes -Wsystem-headers  -MMD -MF tests/userprog/write-boundary.d
gcc -g -msoft-float -O0 -fno-omit-frame-pointer -mno-red-zone -mcmodel=large -fno-plt -fno-pic -mno-sse -fno-stack-protector  -fno-stack-protector -Wno-builtin-declaration-mismatch -nostdlib -static -Wl,-T,../../lib/user/user.lds tests/userprog/write-boundary.o tests/userprog/boundary.o tests/main.o tests/lib.o lib/user/entry.o libc.a -o tests/userprog/write-boundary
pintos -v -k -T 60 -m 20   --fs-disk=10 -p tests/userprog/write-boundary:write-boundary -p ../../tests/userprog/sample.txt:sample.txt --swap-disk=4 -- -q   -f run write-boundary < /dev/null 2> tests/userprog/write-boundary.errors > tests/userprog/write-boundary.output
perl -I../.. ../../tests/userprog/write-boundary.ck tests/userprog/write-boundary tests/userprog/write-boundary.result
pass tests/userprog/write-boundary
gcc -c ../../tests/userprog/write-zero.c -o tests/userprog/write-zero.o -g -msoft-float -O0 -fno-omit-frame-pointer -mno-red-zone -mcmodel=large -fno-plt -fno-pic -mno-sse -fno-stack-protector  -fno-stack-protector -Wno-builtin-declaration-mismatch -nostdinc -I../.. -I../../include/lib -I../../include -I../../include/lib/kernel -I../../include/lib/user -I. -Wall -W -Wstrict-prototypes -Wmissing-prototypes -Wsystem-headers  -MMD -MF tests/userprog/write-zero.d
gcc -g -msoft-float -O0 -fno-omit-frame-pointer -mno-red-zone -mcmodel=large -fno-plt -fno-pic -mno-sse -fno-stack-protector  -fno-stack-protector -Wno-builtin-declaration-mismatch -nostdlib -static -Wl,-T,../../lib/user/user.lds tests/userprog/write-zero.o tests/main.o tests/lib.o lib/user/entry.o libc.a -o tests/userprog/write-zero
pintos -v -k -T 60 -m 20   --fs-disk=10 -p tests/userprog/write-zero:write-zero -p ../../tests/userprog/sample.txt:sample.txt --swap-disk=4 -- -q   -f run write-zero < /dev/null 2> tests/userprog/write-zero.errors > tests/userprog/write-zero.output
perl -I../.. ../../tests/userprog/write-zero.ck tests/userprog/write-zero tests/userprog/write-zero.result
pass tests/userprog/write-zero
gcc -c ../../tests/userprog/write-stdin.c -o tests/userprog/write-stdin.o -g -msoft-float -O0 -fno-omit-frame-pointer -mno-red-zone -mcmodel=large -fno-plt -fno-pic -mno-sse -fno-stack-protector  -fno-stack-protector -Wno-builtin-declaration-mismatch -nostdinc -I../.. -I../../include/lib -I../../include -I../../include/lib/kernel -I../../include/lib/user -I. -Wall -W -Wstrict-prototypes -Wmissing-prototypes -Wsystem-headers  -MMD -MF tests/userprog/write-stdin.d
gcc -g -msoft-float -O0 -fno-omit-frame-pointer -mno-red-zone -mcmodel=large -fno-plt -fno-pic -mno-sse -fno-stack-protector  -fno-stack-protector -Wno-builtin-declaration-mismatch -nostdlib -static -Wl,-T,../../lib/user/user.lds tests/userprog/write-stdin.o tests/main.o tests/lib.o lib/user/entry.o libc.a -o tests/userprog/write-stdin
pintos -v -k -T 60 -m 20   --fs-disk=10 -p tests/userprog/write-stdin:write-stdin --swap-disk=4 -- -q   -f run write-stdin < /dev/null 2> tests/userprog/write-stdin.errors > tests/userprog/write-stdin.output
perl -I../.. ../../tests/userprog/write-stdin.ck tests/userprog/write-stdin tests/userprog/write-stdin.result
pass tests/userprog/write-stdin
gcc -c ../../tests/userprog/write-bad-fd.c -o tests/userprog/write-bad-fd.o -g -msoft-float -O0 -fno-omit-frame-pointer -mno-red-zone -mcmodel=large -fno-plt -fno-pic -mno-sse -fno-stack-protector  -fno-stack-protector -Wno-builtin-declaration-mismatch -nostdinc -I../.. -I../../include/lib -I../../include -I../../include/lib/kernel -I../../include/lib/user -I. -Wall -W -Wstrict-prototypes -Wmissing-prototypes -Wsystem-headers  -MMD -MF tests/userprog/write-bad-fd.d
gcc -g -msoft-float -O0 -fno-omit-frame-pointer -mno-red-zone -mcmodel=large -fno-plt -fno-pic -mno-sse -fno-stack-protector  -fno-stack-protector -Wno-builtin-declaration-mismatch -nostdlib -static -Wl,-T,../../lib/user/user.lds tests/userprog/write-bad-fd.o tests/main.o tests/lib.o lib/user/entry.o libc.a -o tests/userprog/write-bad-fd
pintos -v -k -T 60 -m 20   --fs-disk=10 -p tests/userprog/write-bad-fd:write-bad-fd --swap-disk=4 -- -q   -f run write-bad-fd < /dev/null 2> tests/userprog/write-bad-fd.errors > tests/userprog/write-bad-fd.output
perl -I../.. ../../tests/userprog/write-bad-fd.ck tests/userprog/write-bad-fd tests/userprog/write-bad-fd.result
pass tests/userprog/write-bad-fd
gcc -c ../../tests/userprog/fork-once.c -o tests/userprog/fork-once.o -g -msoft-float -O0 -fno-omit-frame-pointer -mno-red-zone -mcmodel=large -fno-plt -fno-pic -mno-sse -fno-stack-protector  -fno-stack-protector -Wno-builtin-declaration-mismatch -nostdinc -I../.. -I../../include/lib -I../../include -I../../include/lib/kernel -I../../include/lib/user -I. -Wall -W -Wstrict-prototypes -Wmissing-prototypes -Wsystem-headers  -MMD -MF tests/userprog/fork-once.d
gcc -g -msoft-float -O0 -fno-omit-frame-pointer -mno-red-zone -mcmodel=large -fno-plt -fno-pic -mno-sse -fno-stack-protector  -fno-stack-protector -Wno-builtin-declaration-mismatch -nostdlib -static -Wl,-T,../../lib/user/user.lds tests/userprog/fork-once.o tests/main.o tests/lib.o lib/user/entry.o libc.a -o tests/userprog/fork-once
pintos -v -k -T 60 -m 20   --fs-disk=10 -p tests/userprog/fork-once:fork-once --swap-disk=4 -- -q   -f run fork-once < /dev/null 2> tests/userprog/fork-once.errors > tests/userprog/fork-once.output
perl -I../.. ../../tests/userprog/fork-once.ck tests/userprog/fork-once tests/userprog/fork-once.result
pass tests/userprog/fork-once
gcc -c ../../tests/userprog/fork-multiple.c -o tests/userprog/fork-multiple.o -g -msoft-float -O0 -fno-omit-frame-pointer -mno-red-zone -mcmodel=large -fno-plt -fno-pic -mno-sse -fno-stack-protector  -fno-stack-protector -Wno-builtin-declaration-mismatch -nostdinc -I../.. -I../../include/lib -I../../include -I../../include/lib/kernel -I../../include/lib/user -I. -Wall -W -Wstrict-prototypes -Wmissing-prototypes -Wsystem-headers  -MMD -MF tests/userprog/fork-multiple.d
gcc -g -msoft-float -O0 -fno-omit-frame-pointer -mno-red-zone -mcmodel=large -fno-plt -fno-pic -mno-sse -fno-stack-protector  -fno-stack-protector -Wno-builtin-declaration-mismatch -nostdlib -static -Wl,-T,../../lib/user/user.lds tests/userprog/fork-multiple.o tests/main.o tests/lib.o lib/user/entry.o libc.a -o tests/userprog/fork-multiple
pintos -v -k -T 60 -m 20   --fs-disk=10 -p tests/userprog/fork-multiple:fork-multiple --swap-disk=4 -- -q   -f run fork-multiple < /dev/null 2> tests/userprog/fork-multiple.errors > tests/userprog/fork-multiple.output
perl -I../.. ../../tests/userprog/fork-multiple.ck tests/userprog/fork-multiple tests/userprog/fork-multiple.result
pass tests/userprog/fork-multiple
gcc -c ../../tests/userprog/fork-recursive.c -o tests/userprog/fork-recursive.o -g -msoft-float -O0 -fno-omit-frame-pointer -mno-red-zone -mcmodel=large -fno-plt -fno-pic -mno-sse -fno-stack-protector  -fno-stack-protector -Wno-builtin-declaration-mismatch -nostdinc -I../.. -I../../include/lib -I../../include -I../../include/lib/kernel -I../../include/lib/user -I. -Wall -W -Wstrict-prototypes -Wmissing-prototypes -Wsystem-headers  -MMD -MF tests/userprog/fork-recursive.d
gcc -g -msoft-float -O0 -fno-omit-frame-pointer -mno-red-zone -mcmodel=large -fno-plt -fno-pic -mno-sse -fno-stack-protector  -fno-stack-protector -Wno-builtin-declaration-mismatch -nostdlib -static -Wl,-T,../../lib/user/user.lds tests/userprog/fork-recursive.o tests/main.o tests/lib.o lib/user/entry.o libc.a -o tests/userprog/fork-recursive
pintos -v -k -T 60 -m 20   --fs-disk=10 -p tests/userprog/fork-recursive:fork-recursive --swap-disk=4 -- -q   -f run fork-recursive < /dev/null 2> tests/userprog/fork-recursive.errors > tests/userprog/fork-recursive.output
perl -I../.. ../../tests/userprog/fork-recursive.ck tests/userprog/fork-recursive tests/userprog/fork-recursive.result
pass tests/userprog/fork-recursive
gcc -c ../../tests/userprog/fork-read.c -o tests/userprog/fork-read.o -g -msoft-float -O0 -fno-omit-frame-pointer -mno-red-zone -mcmodel=large -fno-plt -fno-pic -mno-sse -fno-stack-protector  -fno-stack-protector -Wno-builtin-declaration-mismatch -nostdinc -I../.. -I../../include/lib -I../../include -I../../include/lib/kernel -I../../include/lib/user -I. -Wall -W -Wstrict-prototypes -Wmissing-prototypes -Wsystem-headers  -MMD -MF tests/userprog/fork-read.d
gcc -g -msoft-float -O0 -fno-omit-frame-pointer -mno-red-zone -mcmodel=large -fno-plt -fno-pic -mno-sse -fno-stack-protector  -fno-stack-protector -Wno-builtin-declaration-mismatch -nostdlib -static -Wl,-T,../../lib/user/user.lds tests/userprog/fork-read.o tests/userprog/boundary.o tests/main.o tests/lib.o lib/user/entry.o libc.a -o tests/userprog/fork-read
pintos -v -k -T 60 -m 20   --fs-disk=10 -p tests/userprog/fork-read:fork-read -p ../../tests/userprog/sample.txt:sample.txt --swap-disk=4 -- -q   -f run fork-read < /dev/null 2> tests/userprog/fork-read.errors > tests/userprog/fork-read.output
perl -I../.. ../../tests/userprog/fork-read.ck tests/userprog/fork-read tests/userprog/fork-read.result
pass tests/userprog/fork-read
gcc -c ../../tests/userprog/fork-close.c -o tests/userprog/fork-close.o -g -msoft-float -O0 -fno-omit-frame-pointer -mno-red-zone -mcmodel=large -fno-plt -fno-pic -mno-sse -fno-stack-protector  -fno-stack-protector -Wno-builtin-declaration-mismatch -nostdinc -I../.. -I../../include/lib -I../../include -I../../include/lib/kernel -I../../include/lib/user -I. -Wall -W -Wstrict-prototypes -Wmissing-prototypes -Wsystem-headers  -MMD -MF tests/userprog/fork-close.d
gcc -g -msoft-float -O0 -fno-omit-frame-pointer -mno-red-zone -mcmodel=large -fno-plt -fno-pic -mno-sse -fno-stack-protector  -fno-stack-protector -Wno-builtin-declaration-mismatch -nostdlib -static -Wl,-T,../../lib/user/user.lds tests/userprog/fork-close.o tests/userprog/boundary.o tests/main.o tests/lib.o lib/user/entry.o libc.a -o tests/userprog/fork-close
pintos -v -k -T 60 -m 20   --fs-disk=10 -p tests/userprog/fork-close:fork-close -p ../../tests/userprog/sample.txt:sample.txt --swap-disk=4 -- -q   -f run fork-close < /dev/null 2> tests/userprog/fork-close.errors > tests/userprog/fork-close.output
perl -I../.. ../../tests/userprog/fork-close.ck tests/userprog/fork-close tests/userprog/fork-close.result
pass tests/userprog/fork-close
gcc -c ../../tests/userprog/fork-boundary.c -o tests/userprog/fork-boundary.o -g -msoft-float -O0 -fno-omit-frame-pointer -mno-red-zone -mcmodel=large -fno-plt -fno-pic -mno-sse -fno-stack-protector  -fno-stack-protector -Wno-builtin-declaration-mismatch -nostdinc -I../.. -I../../include/lib -I../../include -I../../include/lib/kernel -I../../include/lib/user -I. -Wall -W -Wstrict-prototypes -Wmissing-prototypes -Wsystem-headers  -MMD -MF tests/userprog/fork-boundary.d
gcc -g -msoft-float -O0 -fno-omit-frame-pointer -mno-red-zone -mcmodel=large -fno-plt -fno-pic -mno-sse -fno-stack-protector  -fno-stack-protector -Wno-builtin-declaration-mismatch -nostdlib -static -Wl,-T,../../lib/user/user.lds tests/userprog/fork-boundary.o tests/userprog/boundary.o tests/main.o tests/lib.o lib/user/entry.o libc.a -o tests/userprog/fork-boundary
pintos -v -k -T 60 -m 20   --fs-disk=10 -p tests/userprog/fork-boundary:fork-boundary --swap-disk=4 -- -q   -f run fork-boundary < /dev/null 2> tests/userprog/fork-boundary.errors > tests/userprog/fork-boundary.output
perl -I../.. ../../tests/userprog/fork-boundary.ck tests/userprog/fork-boundary tests/userprog/fork-boundary.result
pass tests/userprog/fork-boundary
gcc -c ../../tests/userprog/exec-once.c -o tests/userprog/exec-once.o -g -msoft-float -O0 -fno-omit-frame-pointer -mno-red-zone -mcmodel=large -fno-plt -fno-pic -mno-sse -fno-stack-protector  -fno-stack-protector -Wno-builtin-declaration-mismatch -nostdinc -I../.. -I../../include/lib -I../../include -I../../include/lib/kernel -I../../include/lib/user -I. -Wall -W -Wstrict-prototypes -Wmissing-prototypes -Wsystem-headers  -MMD -MF tests/userprog/exec-once.d
gcc -g -msoft-float -O0 -fno-omit-frame-pointer -mno-red-zone -mcmodel=large -fno-plt -fno-pic -mno-sse -fno-stack-protector  -fno-stack-protector -Wno-builtin-declaration-mismatch -nostdlib -static -Wl,-T,../../lib/user/user.lds tests/userprog/exec-once.o tests/main.o tests/lib.o lib/user/entry.o libc.a -o tests/userprog/exec-once
gcc -c ../../tests/userprog/child-simple.c -o tests/userprog/child-simple.o -g -msoft-float -O0 -fno-omit-frame-pointer -mno-red-zone -mcmodel=large -fno-plt -fno-pic -mno-sse -fno-stack-protector  -fno-stack-protector -Wno-builtin-declaration-mismatch -nostdinc -I../.. -I../../include/lib -I../../include -I../../include/lib/kernel -I../../include/lib/user -I. -Wall -W -Wstrict-prototypes -Wmissing-prototypes -Wsystem-headers  -MMD -MF tests/userprog/child-simple.d
gcc -g -msoft-float -O0 -fno-omit-frame-pointer -mno-red-zone -mcmodel=large -fno-plt -fno-pic -mno-sse -fno-stack-protector  -fno-stack-protector -Wno-builtin-declaration-mismatch -nostdlib -static -Wl,-T,../../lib/user/user.lds tests/userprog/child-simple.o tests/lib.o lib/user/entry.o libc.a -o tests/userprog/child-simple
pintos -v -k -T 60 -m 20   --fs-disk=10 -p tests/userprog/exec-once:exec-once -p tests/userprog/child-simple:child-simple --swap-disk=4 -- -q   -f run exec-once < /dev/null 2> tests/userprog/exec-once.errors > tests/userprog/exec-once.output
perl -I../.. ../../tests/userprog/exec-once.ck tests/userprog/exec-once tests/userprog/exec-once.result
pass tests/userprog/exec-once
gcc -c ../../tests/userprog/exec-arg.c -o tests/userprog/exec-arg.o -g -msoft-float -O0 -fno-omit-frame-pointer -mno-red-zone -mcmodel=large -fno-plt -fno-pic -mno-sse -fno-stack-protector  -fno-stack-protector -Wno-builtin-declaration-mismatch -nostdinc -I../.. -I../../include/lib -I../../include -I../../include/lib/kernel -I../../include/lib/user -I. -Wall -W -Wstrict-prototypes -Wmissing-prototypes -Wsystem-headers  -MMD -MF tests/userprog/exec-arg.d
gcc -g -msoft-float -O0 -fno-omit-frame-pointer -mno-red-zone -mcmodel=large -fno-plt -fno-pic -mno-sse -fno-stack-protector  -fno-stack-protector -Wno-builtin-declaration-mismatch -nostdlib -static -Wl,-T,../../lib/user/user.lds tests/userprog/exec-arg.o tests/main.o tests/lib.o lib/user/entry.o libc.a -o tests/userprog/exec-arg
gcc -g -msoft-float -O0 -fno-omit-frame-pointer -mno-red-zone -mcmodel=large -fno-plt -fno-pic -mno-sse -fno-stack-protector  -fno-stack-protector -Wno-builtin-declaration-mismatch -nostdlib -static -Wl,-T,../../lib/user/user.lds tests/userprog/args.o tests/lib.o lib/user/entry.o libc.a -o tests/userprog/child-args
pintos -v -k -T 60 -m 20   --fs-disk=10 -p tests/userprog/exec-arg:exec-arg -p tests/userprog/child-args:child-args --swap-disk=4 -- -q   -f run exec-arg < /dev/null 2> tests/userprog/exec-arg.errors > tests/userprog/exec-arg.output
perl -I../.. ../../tests/userprog/exec-arg.ck tests/userprog/exec-arg tests/userprog/exec-arg.result
pass tests/userprog/exec-arg
gcc -c ../../tests/userprog/exec-boundary.c -o tests/userprog/exec-boundary.o -g -msoft-float -O0 -fno-omit-frame-pointer -mno-red-zone -mcmodel=large -fno-plt -fno-pic -mno-sse -fno-stack-protector  -fno-stack-protector -Wno-builtin-declaration-mismatch -nostdinc -I../.. -I../../include/lib -I../../include -I../../include/lib/kernel -I../../include/lib/user -I. -Wall -W -Wstrict-prototypes -Wmissing-prototypes -Wsystem-headers  -MMD -MF tests/userprog/exec-boundary.d
gcc -g -msoft-float -O0 -fno-omit-frame-pointer -mno-red-zone -mcmodel=large -fno-plt -fno-pic -mno-sse -fno-stack-protector  -fno-stack-protector -Wno-builtin-declaration-mismatch -nostdlib -static -Wl,-T,../../lib/user/user.lds tests/userprog/exec-boundary.o tests/userprog/boundary.o tests/main.o tests/lib.o lib/user/entry.o libc.a -o tests/userprog/exec-boundary
pintos -v -k -T 60 -m 20   --fs-disk=10 -p tests/userprog/exec-boundary:exec-boundary -p tests/userprog/child-simple:child-simple --swap-disk=4 -- -q   -f run exec-boundary < /dev/null 2> tests/userprog/exec-boundary.errors > tests/userprog/exec-boundary.output
perl -I../.. ../../tests/userprog/exec-boundary.ck tests/userprog/exec-boundary tests/userprog/exec-boundary.result
pass tests/userprog/exec-boundary
gcc -c ../../tests/userprog/exec-missing.c -o tests/userprog/exec-missing.o -g -msoft-float -O0 -fno-omit-frame-pointer -mno-red-zone -mcmodel=large -fno-plt -fno-pic -mno-sse -fno-stack-protector  -fno-stack-protector -Wno-builtin-declaration-mismatch -nostdinc -I../.. -I../../include/lib -I../../include -I../../include/lib/kernel -I../../include/lib/user -I. -Wall -W -Wstrict-prototypes -Wmissing-prototypes -Wsystem-headers  -MMD -MF tests/userprog/exec-missing.d
gcc -g -msoft-float -O0 -fno-omit-frame-pointer -mno-red-zone -mcmodel=large -fno-plt -fno-pic -mno-sse -fno-stack-protector  -fno-stack-protector -Wno-builtin-declaration-mismatch -nostdlib -static -Wl,-T,../../lib/user/user.lds tests/userprog/exec-missing.o tests/main.o tests/lib.o lib/user/entry.o libc.a -o tests/userprog/exec-missing
pintos -v -k -T 60 -m 20   --fs-disk=10 -p tests/userprog/exec-missing:exec-missing --swap-disk=4 -- -q   -f run exec-missing < /dev/null 2> tests/userprog/exec-missing.errors > tests/userprog/exec-missing.output
perl -I../.. ../../tests/userprog/exec-missing.ck tests/userprog/exec-missing tests/userprog/exec-missing.result
pass tests/userprog/exec-missing
gcc -c ../../tests/userprog/exec-bad-ptr.c -o tests/userprog/exec-bad-ptr.o -g -msoft-float -O0 -fno-omit-frame-pointer -mno-red-zone -mcmodel=large -fno-plt -fno-pic -mno-sse -fno-stack-protector  -fno-stack-protector -Wno-builtin-declaration-mismatch -nostdinc -I../.. -I../../include/lib -I../../include -I../../include/lib/kernel -I../../include/lib/user -I. -Wall -W -Wstrict-prototypes -Wmissing-prototypes -Wsystem-headers  -MMD -MF tests/userprog/exec-bad-ptr.d
gcc -g -msoft-float -O0 -fno-omit-frame-pointer -mno-red-zone -mcmodel=large -fno-plt -fno-pic -mno-sse -fno-stack-protector  -fno-stack-protector -Wno-builtin-declaration-mismatch -nostdlib -static -Wl,-T,../../lib/user/user.lds tests/userprog/exec-bad-ptr.o tests/main.o tests/lib.o lib/user/entry.o libc.a -o tests/userprog/exec-bad-ptr
pintos -v -k -T 60 -m 20   --fs-disk=10 -p tests/userprog/exec-bad-ptr:exec-bad-ptr --swap-disk=4 -- -q   -f run exec-bad-ptr < /dev/null 2> tests/userprog/exec-bad-ptr.errors > tests/userprog/exec-bad-ptr.output
perl -I../.. ../../tests/userprog/exec-bad-ptr.ck tests/userprog/exec-bad-ptr tests/userprog/exec-bad-ptr.result
pass tests/userprog/exec-bad-ptr
gcc -c ../../tests/userprog/exec-read.c -o tests/userprog/exec-read.o -g -msoft-float -O0 -fno-omit-frame-pointer -mno-red-zone -mcmodel=large -fno-plt -fno-pic -mno-sse -fno-stack-protector  -fno-stack-protector -Wno-builtin-declaration-mismatch -nostdinc -I../.. -I../../include/lib -I../../include -I../../include/lib/kernel -I../../include/lib/user -I. -Wall -W -Wstrict-prototypes -Wmissing-prototypes -Wsystem-headers  -MMD -MF tests/userprog/exec-read.d
gcc -g -msoft-float -O0 -fno-omit-frame-pointer -mno-red-zone -mcmodel=large -fno-plt -fno-pic -mno-sse -fno-stack-protector  -fno-stack-protector -Wno-builtin-declaration-mismatch -nostdlib -static -Wl,-T,../../lib/user/user.lds tests/userprog/exec-read.o tests/userprog/boundary.o tests/main.o tests/lib.o lib/user/entry.o libc.a -o tests/userprog/exec-read
gcc -c ../../tests/userprog/child-read.c -o tests/userprog/child-read.o -g -msoft-float -O0 -fno-omit-frame-pointer -mno-red-zone -mcmodel=large -fno-plt -fno-pic -mno-sse -fno-stack-protector  -fno-stack-protector -Wno-builtin-declaration-mismatch -nostdinc -I../.. -I../../include/lib -I../../include -I../../include/lib/kernel -I../../include/lib/user -I. -Wall -W -Wstrict-prototypes -Wmissing-prototypes -Wsystem-headers  -MMD -MF tests/userprog/child-read.d
gcc -g -msoft-float -O0 -fno-omit-frame-pointer -mno-red-zone -mcmodel=large -fno-plt -fno-pic -mno-sse -fno-stack-protector  -fno-stack-protector -Wno-builtin-declaration-mismatch -nostdlib -static -Wl,-T,../../lib/user/user.lds tests/userprog/child-read.o tests/userprog/boundary.o tests/lib.o lib/user/entry.o libc.a -o tests/userprog/child-read
pintos -v -k -T 60 -m 20   --fs-disk=10 -p tests/userprog/exec-read:exec-read -p ../../tests/userprog/sample.txt:sample.txt -p tests/userprog/child-read:child-read --swap-disk=4 -- -q   -f run exec-read < /dev/null 2> tests/userprog/exec-read.errors > tests/userprog/exec-read.output
perl -I../.. ../../tests/userprog/exec-read.ck tests/userprog/exec-read tests/userprog/exec-read.result
pass tests/userprog/exec-read
gcc -c ../../tests/userprog/wait-simple.c -o tests/userprog/wait-simple.o -g -msoft-float -O0 -fno-omit-frame-pointer -mno-red-zone -mcmodel=large -fno-plt -fno-pic -mno-sse -fno-stack-protector  -fno-stack-protector -Wno-builtin-declaration-mismatch -nostdinc -I../.. -I../../include/lib -I../../include -I../../include/lib/kernel -I../../include/lib/user -I. -Wall -W -Wstrict-prototypes -Wmissing-prototypes -Wsystem-headers  -MMD -MF tests/userprog/wait-simple.d
gcc -g -msoft-float -O0 -fno-omit-frame-pointer -mno-red-zone -mcmodel=large -fno-plt -fno-pic -mno-sse -fno-stack-protector  -fno-stack-protector -Wno-builtin-declaration-mismatch -nostdlib -static -Wl,-T,../../lib/user/user.lds tests/userprog/wait-simple.o tests/main.o tests/lib.o lib/user/entry.o libc.a -o tests/userprog/wait-simple
pintos -v -k -T 60 -m 20   --fs-disk=10 -p tests/userprog/wait-simple:wait-simple -p tests/userprog/child-simple:child-simple --swap-disk=4 -- -q   -f run wait-simple < /dev/null 2> tests/userprog/wait-simple.errors > tests/userprog/wait-simple.output
perl -I../.. ../../tests/userprog/wait-simple.ck tests/userprog/wait-simple tests/userprog/wait-simple.result
pass tests/userprog/wait-simple
gcc -c ../../tests/userprog/wait-twice.c -o tests/userprog/wait-twice.o -g -msoft-float -O0 -fno-omit-frame-pointer -mno-red-zone -mcmodel=large -fno-plt -fno-pic -mno-sse -fno-stack-protector  -fno-stack-protector -Wno-builtin-declaration-mismatch -nostdinc -I../.. -I../../include/lib -I../../include -I../../include/lib/kernel -I../../include/lib/user -I. -Wall -W -Wstrict-prototypes -Wmissing-prototypes -Wsystem-headers  -MMD -MF tests/userprog/wait-twice.d
gcc -g -msoft-float -O0 -fno-omit-frame-pointer -mno-red-zone -mcmodel=large -fno-plt -fno-pic -mno-sse -fno-stack-protector  -fno-stack-protector -Wno-builtin-declaration-mismatch -nostdlib -static -Wl,-T,../../lib/user/user.lds tests/userprog/wait-twice.o tests/main.o tests/lib.o lib/user/entry.o libc.a -o tests/userprog/wait-twice
pintos -v -k -T 60 -m 20   --fs-disk=10 -p tests/userprog/wait-twice:wait-twice -p tests/userprog/child-simple:child-simple --swap-disk=4 -- -q   -f run wait-twice < /dev/null 2> tests/userprog/wait-twice.errors > tests/userprog/wait-twice.output
perl -I../.. ../../tests/userprog/wait-twice.ck tests/userprog/wait-twice tests/userprog/wait-twice.result
pass tests/userprog/wait-twice
gcc -c ../../tests/userprog/wait-killed.c -o tests/userprog/wait-killed.o -g -msoft-float -O0 -fno-omit-frame-pointer -mno-red-zone -mcmodel=large -fno-plt -fno-pic -mno-sse -fno-stack-protector  -fno-stack-protector -Wno-builtin-declaration-mismatch -nostdinc -I../.. -I../../include/lib -I../../include -I../../include/lib/kernel -I../../include/lib/user -I. -Wall -W -Wstrict-prototypes -Wmissing-prototypes -Wsystem-headers  -MMD -MF tests/userprog/wait-killed.d
gcc -g -msoft-float -O0 -fno-omit-frame-pointer -mno-red-zone -mcmodel=large -fno-plt -fno-pic -mno-sse -fno-stack-protector  -fno-stack-protector -Wno-builtin-declaration-mismatch -nostdlib -static -Wl,-T,../../lib/user/user.lds tests/userprog/wait-killed.o tests/main.o tests/lib.o lib/user/entry.o libc.a -o tests/userprog/wait-killed
gcc -c ../../tests/userprog/child-bad.c -o tests/userprog/child-bad.o -g -msoft-float -O0 -fno-omit-frame-pointer -mno-red-zone -mcmodel=large -fno-plt -fno-pic -mno-sse -fno-stack-protector  -fno-stack-protector -Wno-builtin-declaration-mismatch -nostdinc -I../.. -I../../include/lib -I../../include -I../../include/lib/kernel -I../../include/lib/user -I. -Wall -W -Wstrict-prototypes -Wmissing-prototypes -Wsystem-headers  -MMD -MF tests/userprog/child-bad.d
gcc -g -msoft-float -O0 -fno-omit-frame-pointer -mno-red-zone -mcmodel=large -fno-plt -fno-pic -mno-sse -fno-stack-protector  -fno-stack-protector -Wno-builtin-declaration-mismatch -nostdlib -static -Wl,-T,../../lib/user/user.lds tests/userprog/child-bad.o tests/main.o tests/lib.o lib/user/entry.o libc.a -o tests/userprog/child-bad
pintos -v -k -T 60 -m 20   --fs-disk=10 -p tests/userprog/wait-killed:wait-killed -p tests/userprog/child-bad:child-bad --swap-disk=4 -- -q   -f run wait-killed < /dev/null 2> tests/userprog/wait-killed.errors > tests/userprog/wait-killed.output
perl -I../.. ../../tests/userprog/wait-killed.ck tests/userprog/wait-killed tests/userprog/wait-killed.result
pass tests/userprog/wait-killed
gcc -c ../../tests/userprog/wait-bad-pid.c -o tests/userprog/wait-bad-pid.o -g -msoft-float -O0 -fno-omit-frame-pointer -mno-red-zone -mcmodel=large -fno-plt -fno-pic -mno-sse -fno-stack-protector  -fno-stack-protector -Wno-builtin-declaration-mismatch -nostdinc -I../.. -I../../include/lib -I../../include -I../../include/lib/kernel -I../../include/lib/user -I. -Wall -W -Wstrict-prototypes -Wmissing-prototypes -Wsystem-headers  -MMD -MF tests/userprog/wait-bad-pid.d
gcc -g -msoft-float -O0 -fno-omit-frame-pointer -mno-red-zone -mcmodel=large -fno-plt -fno-pic -mno-sse -fno-stack-protector  -fno-stack-protector -Wno-builtin-declaration-mismatch -nostdlib -static -Wl,-T,../../lib/user/user.lds tests/userprog/wait-bad-pid.o tests/main.o tests/lib.o lib/user/entry.o libc.a -o tests/userprog/wait-bad-pid
pintos -v -k -T 60 -m 20   --fs-disk=10 -p tests/userprog/wait-bad-pid:wait-bad-pid --swap-disk=4 -- -q   -f run wait-bad-pid < /dev/null 2> tests/userprog/wait-bad-pid.errors > tests/userprog/wait-bad-pid.output
perl -I../.. ../../tests/userprog/wait-bad-pid.ck tests/userprog/wait-bad-pid tests/userprog/wait-bad-pid.result
pass tests/userprog/wait-bad-pid
gcc -c ../../tests/userprog/multi-recurse.c -o tests/userprog/multi-recurse.o -g -msoft-float -O0 -fno-omit-frame-pointer -mno-red-zone -mcmodel=large -fno-plt -fno-pic -mno-sse -fno-stack-protector  -fno-stack-protector -Wno-builtin-declaration-mismatch -nostdinc -I../.. -I../../include/lib -I../../include -I../../include/lib/kernel -I../../include/lib/user -I. -Wall -W -Wstrict-prototypes -Wmissing-prototypes -Wsystem-headers  -MMD -MF tests/userprog/multi-recurse.d
gcc -g -msoft-float -O0 -fno-omit-frame-pointer -mno-red-zone -mcmodel=large -fno-plt -fno-pic -mno-sse -fno-stack-protector  -fno-stack-protector -Wno-builtin-declaration-mismatch -nostdlib -static -Wl,-T,../../lib/user/user.lds tests/userprog/multi-recurse.o tests/lib.o lib/user/entry.o libc.a -o tests/userprog/multi-recurse
pintos -v -k -T 60 -m 20   --fs-disk=10 -p tests/userprog/multi-recurse:multi-recurse --swap-disk=4 -- -q   -f run 'multi-recurse 15' < /dev/null 2> tests/userprog/multi-recurse.errors > tests/userprog/multi-recurse.output
perl -I../.. ../../tests/userprog/multi-recurse.ck tests/userprog/multi-recurse tests/userprog/multi-recurse.result
pass tests/userprog/multi-recurse
gcc -c ../../tests/userprog/multi-child-fd.c -o tests/userprog/multi-child-fd.o -g -msoft-float -O0 -fno-omit-frame-pointer -mno-red-zone -mcmodel=large -fno-plt -fno-pic -mno-sse -fno-stack-protector  -fno-stack-protector -Wno-builtin-declaration-mismatch -nostdinc -I../.. -I../../include/lib -I../../include -I../../include/lib/kernel -I../../include/lib/user -I. -Wall -W -Wstrict-prototypes -Wmissing-prototypes -Wsystem-headers  -MMD -MF tests/userprog/multi-child-fd.d
gcc -g -msoft-float -O0 -fno-omit-frame-pointer -mno-red-zone -mcmodel=large -fno-plt -fno-pic -mno-sse -fno-stack-protector  -fno-stack-protector -Wno-builtin-declaration-mismatch -nostdlib -static -Wl,-T,../../lib/user/user.lds tests/userprog/multi-child-fd.o tests/main.o tests/lib.o lib/user/entry.o libc.a -o tests/userprog/multi-child-fd
gcc -c ../../tests/userprog/child-close.c -o tests/userprog/child-close.o -g -msoft-float -O0 -fno-omit-frame-pointer -mno-red-zone -mcmodel=large -fno-plt -fno-pic -mno-sse -fno-stack-protector  -fno-stack-protector -Wno-builtin-declaration-mismatch -nostdinc -I../.. -I../../include/lib -I../../include -I../../include/lib/kernel -I../../include/lib/user -I. -Wall -W -Wstrict-prototypes -Wmissing-prototypes -Wsystem-headers  -MMD -MF tests/userprog/child-close.d
gcc -g -msoft-float -O0 -fno-omit-frame-pointer -mno-red-zone -mcmodel=large -fno-plt -fno-pic -mno-sse -fno-stack-protector  -fno-stack-protector -Wno-builtin-declaration-mismatch -nostdlib -static -Wl,-T,../../lib/user/user.lds tests/userprog/child-close.o tests/lib.o lib/user/entry.o libc.a -o tests/userprog/child-close
pintos -v -k -T 60 -m 20   --fs-disk=10 -p tests/userprog/multi-child-fd:multi-child-fd -p ../../tests/userprog/sample.txt:sample.txt -p tests/userprog/child-close:child-close --swap-disk=4 -- -q   -f run multi-child-fd < /dev/null 2> tests/userprog/multi-child-fd.errors > tests/userprog/multi-child-fd.output
perl -I../.. ../../tests/userprog/multi-child-fd.ck tests/userprog/multi-child-fd tests/userprog/multi-child-fd.result
pass tests/userprog/multi-child-fd
gcc -c ../../tests/userprog/rox-simple.c -o tests/userprog/rox-simple.o -g -msoft-float -O0 -fno-omit-frame-pointer -mno-red-zone -mcmodel=large -fno-plt -fno-pic -mno-sse -fno-stack-protector  -fno-stack-protector -Wno-builtin-declaration-mismatch -nostdinc -I../.. -I../../include/lib -I../../include -I../../include/lib/kernel -I../../include/lib/user -I. -Wall -W -Wstrict-prototypes -Wmissing-prototypes -Wsystem-headers  -MMD -MF tests/userprog/rox-simple.d
gcc -g -msoft-float -O0 -fno-omit-frame-pointer -mno-red-zone -mcmodel=large -fno-plt -fno-pic -mno-sse -fno-stack-protector  -fno-stack-protector -Wno-builtin-declaration-mismatch -nostdlib -static -Wl,-T,../../lib/user/user.lds tests/userprog/rox-simple.o tests/main.o tests/lib.o lib/user/entry.o libc.a -o tests/userprog/rox-simple
pintos -v -k -T 60 -m 20   --fs-disk=10 -p tests/userprog/rox-simple:rox-simple --swap-disk=4 -- -q   -f run rox-simple < /dev/null 2> tests/userprog/rox-simple.errors > tests/userprog/rox-simple.output
perl -I../.. ../../tests/userprog/rox-simple.ck tests/userprog/rox-simple tests/userprog/rox-simple.result
pass tests/userprog/rox-simple
gcc -c ../../tests/userprog/rox-child.c -o tests/userprog/rox-child.o -g -msoft-float -O0 -fno-omit-frame-pointer -mno-red-zone -mcmodel=large -fno-plt -fno-pic -mno-sse -fno-stack-protector  -fno-stack-protector -Wno-builtin-declaration-mismatch -nostdinc -I../.. -I../../include/lib -I../../include -I../../include/lib/kernel -I../../include/lib/user -I. -Wall -W -Wstrict-prototypes -Wmissing-prototypes -Wsystem-headers  -MMD -MF tests/userprog/rox-child.d
gcc -g -msoft-float -O0 -fno-omit-frame-pointer -mno-red-zone -mcmodel=large -fno-plt -fno-pic -mno-sse -fno-stack-protector  -fno-stack-protector -Wno-builtin-declaration-mismatch -nostdlib -static -Wl,-T,../../lib/user/user.lds tests/userprog/rox-child.o tests/main.o tests/lib.o lib/user/entry.o libc.a -o tests/userprog/rox-child
gcc -c ../../tests/userprog/child-rox.c -o tests/userprog/child-rox.o -g -msoft-float -O0 -fno-omit-frame-pointer -mno-red-zone -mcmodel=large -fno-plt -fno-pic -mno-sse -fno-stack-protector  -fno-stack-protector -Wno-builtin-declaration-mismatch -nostdinc -I../.. -I../../include/lib -I../../include -I../../include/lib/kernel -I../../include/lib/user -I. -Wall -W -Wstrict-prototypes -Wmissing-prototypes -Wsystem-headers  -MMD -MF tests/userprog/child-rox.d
gcc -g -msoft-float -O0 -fno-omit-frame-pointer -mno-red-zone -mcmodel=large -fno-plt -fno-pic -mno-sse -fno-stack-protector  -fno-stack-protector -Wno-builtin-declaration-mismatch -nostdlib -static -Wl,-T,../../lib/user/user.lds tests/userprog/child-rox.o tests/lib.o lib/user/entry.o libc.a -o tests/userprog/child-rox
pintos -v -k -T 60 -m 20   --fs-disk=10 -p tests/userprog/rox-child:rox-child -p tests/userprog/child-rox:child-rox --swap-disk=4 -- -q   -f run rox-child < /dev/null 2> tests/userprog/rox-child.errors > tests/userprog/rox-child.output
perl -I../.. ../../tests/userprog/rox-child.ck tests/userprog/rox-child tests/userprog/rox-child.result
pass tests/userprog/rox-child
gcc -c ../../tests/userprog/rox-multichild.c -o tests/userprog/rox-multichild.o -g -msoft-float -O0 -fno-omit-frame-pointer -mno-red-zone -mcmodel=large -fno-plt -fno-pic -mno-sse -fno-stack-protector  -fno-stack-protector -Wno-builtin-declaration-mismatch -nostdinc -I../.. -I../../include/lib -I../../include -I../../include/lib/kernel -I../../include/lib/user -I. -Wall -W -Wstrict-prototypes -Wmissing-prototypes -Wsystem-headers  -MMD -MF tests/userprog/rox-multichild.d
gcc -g -msoft-float -O0 -fno-omit-frame-pointer -mno-red-zone -mcmodel=large -fno-plt -fno-pic -mno-sse -fno-stack-protector  -fno-stack-protector -Wno-builtin-declaration-mismatch -nostdlib -static -Wl,-T,../../lib/user/user.lds tests/userprog/rox-multichild.o tests/main.o tests/lib.o lib/user/entry.o libc.a -o tests/userprog/rox-multichild
pintos -v -k -T 60 -m 20   --fs-disk=10 -p tests/userprog/rox-multichild:rox-multichild -p tests/userprog/child-rox:child-rox --swap-disk=4 -- -q   -f run rox-multichild < /dev/null 2> tests/userprog/rox-multichild.errors > tests/userprog/rox-multichild.output
perl -I../.. ../../tests/userprog/rox-multichild.ck tests/userprog/rox-multichild tests/userprog/rox-multichild.result
pass tests/userprog/rox-multichild
gcc -c ../../tests/userprog/bad-read.c -o tests/userprog/bad-read.o -g -msoft-float -O0 -fno-omit-frame-pointer -mno-red-zone -mcmodel=large -fno-plt -fno-pic -mno-sse -fno-stack-protector  -fno-stack-protector -Wno-builtin-declaration-mismatch -nostdinc -I../.. -I../../include/lib -I../../include -I../../include/lib/kernel -I../../include/lib/user -I. -Wall -W -Wstrict-prototypes -Wmissing-prototypes -Wsystem-headers  -MMD -MF tests/userprog/bad-read.d
gcc -g -msoft-float -O0 -fno-omit-frame-pointer -mno-red-zone -mcmodel=large -fno-plt -fno-pic -mno-sse -fno-stack-protector  -fno-stack-protector -Wno-builtin-declaration-mismatch -nostdlib -static -Wl,-T,../../lib/user/user.lds tests/userprog/bad-read.o tests/main.o tests/lib.o lib/user/entry.o libc.a -o tests/userprog/bad-read
pintos -v -k -T 60 -m 20   --fs-disk=10 -p tests/userprog/bad-read:bad-read --swap-disk=4 -- -q   -f run bad-read < /dev/null 2> tests/userprog/bad-read.errors > tests/userprog/bad-read.output
perl -I../.. ../../tests/userprog/bad-read.ck tests/userprog/bad-read tests/userprog/bad-read.result
pass tests/userprog/bad-read
gcc -c ../../tests/userprog/bad-write.c -o tests/userprog/bad-write.o -g -msoft-float -O0 -fno-omit-frame-pointer -mno-red-zone -mcmodel=large -fno-plt -fno-pic -mno-sse -fno-stack-protector  -fno-stack-protector -Wno-builtin-declaration-mismatch -nostdinc -I../.. -I../../include/lib -I../../include -I../../include/lib/kernel -I../../include/lib/user -I. -Wall -W -Wstrict-prototypes -Wmissing-prototypes -Wsystem-headers  -MMD -MF tests/userprog/bad-write.d
gcc -g -msoft-float -O0 -fno-omit-frame-pointer -mno-red-zone -mcmodel=large -fno-plt -fno-pic -mno-sse -fno-stack-protector  -fno-stack-protector -Wno-builtin-declaration-mismatch -nostdlib -static -Wl,-T,../../lib/user/user.lds tests/userprog/bad-write.o tests/main.o tests/lib.o lib/user/entry.o libc.a -o tests/userprog/bad-write
pintos -v -k -T 60 -m 20   --fs-disk=10 -p tests/userprog/bad-write:bad-write --swap-disk=4 -- -q   -f run bad-write < /dev/null 2> tests/userprog/bad-write.errors > tests/userprog/bad-write.output
perl -I../.. ../../tests/userprog/bad-write.ck tests/userprog/bad-write tests/userprog/bad-write.result
pass tests/userprog/bad-write
gcc -c ../../tests/userprog/bad-read2.c -o tests/userprog/bad-read2.o -g -msoft-float -O0 -fno-omit-frame-pointer -mno-red-zone -mcmodel=large -fno-plt -fno-pic -mno-sse -fno-stack-protector  -fno-stack-protector -Wno-builtin-declaration-mismatch -nostdinc -I../.. -I../../include/lib -I../../include -I../../include/lib/kernel -I../../include/lib/user -I. -Wall -W -Wstrict-prototypes -Wmissing-prototypes -Wsystem-headers  -MMD -MF tests/userprog/bad-read2.d
gcc -g -msoft-float -O0 -fno-omit-frame-pointer -mno-red-zone -mcmodel=large -fno-plt -fno-pic -mno-sse -fno-stack-protector  -fno-stack-protector -Wno-builtin-declaration-mismatch -nostdlib -static -Wl,-T,../../lib/user/user.lds tests/userprog/bad-read2.o tests/main.o tests/lib.o lib/user/entry.o libc.a -o tests/userprog/bad-read2
pintos -v -k -T 60 -m 20   --fs-disk=10 -p tests/userprog/bad-read2:bad-read2 --swap-disk=4 -- -q   -f run bad-read2 < /dev/null 2> tests/userprog/bad-read2.errors > tests/userprog/bad-read2.output
perl -I../.. ../../tests/userprog/bad-read2.ck tests/userprog/bad-read2 tests/userprog/bad-read2.result
pass tests/userprog/bad-read2
gcc -c ../../tests/userprog/bad-write2.c -o tests/userprog/bad-write2.o -g -msoft-float -O0 -fno-omit-frame-pointer -mno-red-zone -mcmodel=large -fno-plt -fno-pic -mno-sse -fno-stack-protector  -fno-stack-protector -Wno-builtin-declaration-mismatch -nostdinc -I../.. -I../../include/lib -I../../include -I../../include/lib/kernel -I../../include/lib/user -I. -Wall -W -Wstrict-prototypes -Wmissing-prototypes -Wsystem-headers  -MMD -MF tests/userprog/bad-write2.d
gcc -g -msoft-float -O0 -fno-omit-frame-pointer -mno-red-zone -mcmodel=large -fno-plt -fno-pic -mno-sse -fno-stack-protector  -fno-stack-protector -Wno-builtin-declaration-mismatch -nostdlib -static -Wl,-T,../../lib/user/user.lds tests/userprog/bad-write2.o tests/main.o tests/lib.o lib/user/entry.o libc.a -o tests/userprog/bad-write2
pintos -v -k -T 60 -m 20   --fs-disk=10 -p tests/userprog/bad-write2:bad-write2 --swap-disk=4 -- -q   -f run bad-write2 < /dev/null 2> tests/userprog/bad-write2.errors > tests/userprog/bad-write2.output
perl -I../.. ../../tests/userprog/bad-write2.ck tests/userprog/bad-write2 tests/userprog/bad-write2.result
pass tests/userprog/bad-write2
gcc -c ../../tests/userprog/bad-jump.c -o tests/userprog/bad-jump.o -g -msoft-float -O0 -fno-omit-frame-pointer -mno-red-zone -mcmodel=large -fno-plt -fno-pic -mno-sse -fno-stack-protector  -fno-stack-protector -Wno-builtin-declaration-mismatch -nostdinc -I../.. -I../../include/lib -I../../include -I../../include/lib/kernel -I../../include/lib/user -I. -Wall -W -Wstrict-prototypes -Wmissing-prototypes -Wsystem-headers  -MMD -MF tests/userprog/bad-jump.d
gcc -g -msoft-float -O0 -fno-omit-frame-pointer -mno-red-zone -mcmodel=large -fno-plt -fno-pic -mno-sse -fno-stack-protector  -fno-stack-protector -Wno-builtin-declaration-mismatch -nostdlib -static -Wl,-T,../../lib/user/user.lds tests/userprog/bad-jump.o tests/main.o tests/lib.o lib/user/entry.o libc.a -o tests/userprog/bad-jump
pintos -v -k -T 60 -m 20   --fs-disk=10 -p tests/userprog/bad-jump:bad-jump --swap-disk=4 -- -q   -f run bad-jump < /dev/null 2> tests/userprog/bad-jump.errors > tests/userprog/bad-jump.output
perl -I../.. ../../tests/userprog/bad-jump.ck tests/userprog/bad-jump tests/userprog/bad-jump.result
pass tests/userprog/bad-jump
gcc -c ../../tests/userprog/bad-jump2.c -o tests/userprog/bad-jump2.o -g -msoft-float -O0 -fno-omit-frame-pointer -mno-red-zone -mcmodel=large -fno-plt -fno-pic -mno-sse -fno-stack-protector  -fno-stack-protector -Wno-builtin-declaration-mismatch -nostdinc -I../.. -I../../include/lib -I../../include -I../../include/lib/kernel -I../../include/lib/user -I. -Wall -W -Wstrict-prototypes -Wmissing-prototypes -Wsystem-headers  -MMD -MF tests/userprog/bad-jump2.d
gcc -g -msoft-float -O0 -fno-omit-frame-pointer -mno-red-zone -mcmodel=large -fno-plt -fno-pic -mno-sse -fno-stack-protector  -fno-stack-protector -Wno-builtin-declaration-mismatch -nostdlib -static -Wl,-T,../../lib/user/user.lds tests/userprog/bad-jump2.o tests/main.o tests/lib.o lib/user/entry.o libc.a -o tests/userprog/bad-jump2
pintos -v -k -T 60 -m 20   --fs-disk=10 -p tests/userprog/bad-jump2:bad-jump2 --swap-disk=4 -- -q   -f run bad-jump2 < /dev/null 2> tests/userprog/bad-jump2.errors > tests/userprog/bad-jump2.output
perl -I../.. ../../tests/userprog/bad-jump2.ck tests/userprog/bad-jump2 tests/userprog/bad-jump2.result
pass tests/userprog/bad-jump2
gcc -c ../../tests/vm/pt-grow-stack.c -o tests/vm/pt-grow-stack.o -g -msoft-float -O0 -fno-omit-frame-pointer -mno-red-zone -mcmodel=large -fno-plt -fno-pic -mno-sse -fno-stack-protector  -fno-stack-protector -Wno-builtin-declaration-mismatch -nostdinc -I../.. -I../../include/lib -I../../include -I../../include/lib/kernel -I../../include/lib/user -I. -Wall -W -Wstrict-prototypes -Wmissing-prototypes -Wsystem-headers  -MMD -MF tests/vm/pt-grow-stack.d
gcc -c ../../tests/arc4.c -o tests/arc4.o -g -msoft-float -O0 -fno-omit-frame-pointer -mno-red-zone -mcmodel=large -fno-plt -fno-pic -mno-sse -fno-stack-protector  -fno-stack-protector -Wno-builtin-declaration-mismatch -nostdinc -I../.. -I../../include/lib -I../../include -I../../include/lib/kernel -I../../include/lib/user -I. -Wall -W -Wstrict-prototypes -Wmissing-prototypes -Wsystem-headers  -MMD -MF tests/arc4.d
gcc -c ../../tests/cksum.c -o tests/cksum.o -g -msoft-float -O0 -fno-omit-frame-pointer -mno-red-zone -mcmodel=large -fno-plt -fno-pic -mno-sse -fno-stack-protector  -fno-stack-protector -Wno-builtin-declaration-mismatch -nostdinc -I../.. -I../../include/lib -I../../include -I../../include/lib/kernel -I../../include/lib/user -I. -Wall -W -Wstrict-prototypes -Wmissing-prototypes -Wsystem-headers  -MMD -MF tests/cksum.d
gcc -g -msoft-float -O0 -fno-omit-frame-pointer -mno-red-zone -mcmodel=large -fno-plt -fno-pic -mno-sse -fno-stack-protector  -fno-stack-protector -Wno-builtin-declaration-mismatch -nostdlib -static -Wl,-T,../../lib/user/user.lds tests/vm/pt-grow-stack.o tests/arc4.o tests/cksum.o tests/lib.o tests/main.o lib/user/entry.o libc.a -o tests/vm/pt-grow-stack
pintos -v -k -T 60 -m 20   --fs-disk=10 -p tests/vm/pt-grow-stack:pt-grow-stack --swap-disk=4 -- -q   -f run pt-grow-stack < /dev/null 2> tests/vm/pt-grow-stack.errors > tests/vm/pt-grow-stack.output
perl -I../.. ../../tests/vm/pt-grow-stack.ck tests/vm/pt-grow-stack tests/vm/pt-grow-stack.result
pass tests/vm/pt-grow-stack
gcc -c ../../tests/vm/pt-grow-bad.c -o tests/vm/pt-grow-bad.o -g -msoft-float -O0 -fno-omit-frame-pointer -mno-red-zone -mcmodel=large -fno-plt -fno-pic -mno-sse -fno-stack-protector  -fno-stack-protector -Wno-builtin-declaration-mismatch -nostdinc -I../.. -I../../include/lib -I../../include -I../../include/lib/kernel -I../../include/lib/user -I. -Wall -W -Wstrict-prototypes -Wmissing-prototypes -Wsystem-headers  -MMD -MF tests/vm/pt-grow-bad.d
gcc -g -msoft-float -O0 -fno-omit-frame-pointer -mno-red-zone -mcmodel=large -fno-plt -fno-pic -mno-sse -fno-stack-protector  -fno-stack-protector -Wno-builtin-declaration-mismatch -nostdlib -static -Wl,-T,../../lib/user/user.lds tests/vm/pt-grow-bad.o tests/lib.o tests/main.o lib/user/entry.o libc.a -o tests/vm/pt-grow-bad
pintos -v -k -T 60 -m 20   --fs-disk=10 -p tests/vm/pt-grow-bad:pt-grow-bad --swap-disk=4 -- -q   -f run pt-grow-bad < /dev/null 2> tests/vm/pt-grow-bad.errors > tests/vm/pt-grow-bad.output
perl -I../.. ../../tests/vm/pt-grow-bad.ck tests/vm/pt-grow-bad tests/vm/pt-grow-bad.result
pass tests/vm/pt-grow-bad
gcc -c ../../tests/vm/pt-big-stk-obj.c -o tests/vm/pt-big-stk-obj.o -g -msoft-float -O0 -fno-omit-frame-pointer -mno-red-zone -mcmodel=large -fno-plt -fno-pic -mno-sse -fno-stack-protector  -fno-stack-protector -Wno-builtin-declaration-mismatch -nostdinc -I../.. -I../../include/lib -I../../include -I../../include/lib/kernel -I../../include/lib/user -I. -Wall -W -Wstrict-prototypes -Wmissing-prototypes -Wsystem-headers  -MMD -MF tests/vm/pt-big-stk-obj.d
gcc -g -msoft-float -O0 -fno-omit-frame-pointer -mno-red-zone -mcmodel=large -fno-plt -fno-pic -mno-sse -fno-stack-protector  -fno-stack-protector -Wno-builtin-declaration-mismatch -nostdlib -static -Wl,-T,../../lib/user/user.lds tests/vm/pt-big-stk-obj.o tests/arc4.o tests/cksum.o tests/lib.o tests/main.o lib/user/entry.o libc.a -o tests/vm/pt-big-stk-obj
pintos -v -k -T 60 -m 20   --fs-disk=10 -p tests/vm/pt-big-stk-obj:pt-big-stk-obj --swap-disk=4 -- -q   -f run pt-big-stk-obj < /dev/null 2> tests/vm/pt-big-stk-obj.errors > tests/vm/pt-big-stk-obj.output
perl -I../.. ../../tests/vm/pt-big-stk-obj.ck tests/vm/pt-big-stk-obj tests/vm/pt-big-stk-obj.result
pass tests/vm/pt-big-stk-obj
gcc -c ../../tests/vm/pt-bad-addr.c -o tests/vm/pt-bad-addr.o -g -msoft-float -O0 -fno-omit-frame-pointer -mno-red-zone -mcmodel=large -fno-plt -fno-pic -mno-sse -fno-stack-protector  -fno-stack-protector -Wno-builtin-declaration-mismatch -nostdinc -I../.. -I../../include/lib -I../../include -I../../include/lib/kernel -I../../include/lib/user -I. -Wall -W -Wstrict-prototypes -Wmissing-prototypes -Wsystem-headers  -MMD -MF tests/vm/pt-bad-addr.d
gcc -g -msoft-float -O0 -fno-omit-frame-pointer -mno-red-zone -mcmodel=large -fno-plt -fno-pic -mno-sse -fno-stack-protector  -fno-stack-protector -Wno-builtin-declaration-mismatch -nostdlib -static -Wl,-T,../../lib/user/user.lds tests/vm/pt-bad-addr.o tests/lib.o tests/main.o lib/user/entry.o libc.a -o tests/vm/pt-bad-addr
pintos -v -k -T 60 -m 20   --fs-disk=10 -p tests/vm/pt-bad-addr:pt-bad-addr --swap-disk=4 -- -q   -f run pt-bad-addr < /dev/null 2> tests/vm/pt-bad-addr.errors > tests/vm/pt-bad-addr.output
perl -I../.. ../../tests/vm/pt-bad-addr.ck tests/vm/pt-bad-addr tests/vm/pt-bad-addr.result
pass tests/vm/pt-bad-addr
gcc -c ../../tests/vm/pt-bad-read.c -o tests/vm/pt-bad-read.o -g -msoft-float -O0 -fno-omit-frame-pointer -mno-red-zone -mcmodel=large -fno-plt -fno-pic -mno-sse -fno-stack-protector  -fno-stack-protector -Wno-builtin-declaration-mismatch -nostdinc -I../.. -I../../include/lib -I../../include -I../../include/lib/kernel -I../../include/lib/user -I. -Wall -W -Wstrict-prototypes -Wmissing-prototypes -Wsystem-headers  -MMD -MF tests/vm/pt-bad-read.d
gcc -g -msoft-float -O0 -fno-omit-frame-pointer -mno-red-zone -mcmodel=large -fno-plt -fno-pic -mno-sse -fno-stack-protector  -fno-stack-protector -Wno-builtin-declaration-mismatch -nostdlib -static -Wl,-T,../../lib/user/user.lds tests/vm/pt-bad-read.o tests/lib.o tests/main.o lib/user/entry.o libc.a -o tests/vm/pt-bad-read
pintos -v -k -T 60 -m 20   --fs-disk=10 -p tests/vm/pt-bad-read:pt-bad-read -p ../../tests/vm/sample.txt:sample.txt --swap-disk=4 -- -q   -f run pt-bad-read < /dev/null 2> tests/vm/pt-bad-read.errors > tests/vm/pt-bad-read.output
perl -I../.. ../../tests/vm/pt-bad-read.ck tests/vm/pt-bad-read tests/vm/pt-bad-read.result
pass tests/vm/pt-bad-read
gcc -c ../../tests/vm/pt-write-code.c -o tests/vm/pt-write-code.o -g -msoft-float -O0 -fno-omit-frame-pointer -mno-red-zone -mcmodel=large -fno-plt -fno-pic -mno-sse -fno-stack-protector  -fno-stack-protector -Wno-builtin-declaration-mismatch -nostdinc -I../.. -I../../include/lib -I../../include -I../../include/lib/kernel -I../../include/lib/user -I. -Wall -W -Wstrict-prototypes -Wmissing-prototypes -Wsystem-headers  -MMD -MF tests/vm/pt-write-code.d
gcc -g -msoft-float -O0 -fno-omit-frame-pointer -mno-red-zone -mcmodel=large -fno-plt -fno-pic -mno-sse -fno-stack-protector  -fno-stack-protector -Wno-builtin-declaration-mismatch -nostdlib -static -Wl,-T,../../lib/user/user.lds tests/vm/pt-write-code.o tests/lib.o tests/main.o lib/user/entry.o libc.a -o tests/vm/pt-write-code
pintos -v -k -T 60 -m 20   --fs-disk=10 -p tests/vm/pt-write-code:pt-write-code --swap-disk=4 -- -q   -f run pt-write-code < /dev/null 2> tests/vm/pt-write-code.errors > tests/vm/pt-write-code.output
perl -I../.. ../../tests/vm/pt-write-code.ck tests/vm/pt-write-code tests/vm/pt-write-code.result
pass tests/vm/pt-write-code
gcc -c ../../tests/vm/pt-write-code2.c -o tests/vm/pt-write-code2.o -g -msoft-float -O0 -fno-omit-frame-pointer -mno-red-zone -mcmodel=large -fno-plt -fno-pic -mno-sse -fno-stack-protector  -fno-stack-protector -Wno-builtin-declaration-mismatch -nostdinc -I../.. -I../../include/lib -I../../include -I../../include/lib/kernel -I../../include/lib/user -I. -Wall -W -Wstrict-prototypes -Wmissing-prototypes -Wsystem-headers  -MMD -MF tests/vm/pt-write-code2.d
gcc -g -msoft-float -O0 -fno-omit-frame-pointer -mno-red-zone -mcmodel=large -fno-plt -fno-pic -mno-sse -fno-stack-protector  -fno-stack-protector -Wno-builtin-declaration-mismatch -nostdlib -static -Wl,-T,../../lib/user/user.lds tests/vm/pt-write-code2.o tests/lib.o tests/main.o lib/user/entry.o libc.a -o tests/vm/pt-write-code2
pintos -v -k -T 60 -m 20   --fs-disk=10 -p tests/vm/pt-write-code2:pt-write-code2 -p ../../tests/vm/sample.txt:sample.txt --swap-disk=4 -- -q   -f run pt-write-code2 < /dev/null 2> tests/vm/pt-write-code2.errors > tests/vm/pt-write-code2.output
perl -I../.. ../../tests/vm/pt-write-code2.ck tests/vm/pt-write-code2 tests/vm/pt-write-code2.result
pass tests/vm/pt-write-code2
gcc -c ../../tests/vm/pt-grow-stk-sc.c -o tests/vm/pt-grow-stk-sc.o -g -msoft-float -O0 -fno-omit-frame-pointer -mno-red-zone -mcmodel=large -fno-plt -fno-pic -mno-sse -fno-stack-protector  -fno-stack-protector -Wno-builtin-declaration-mismatch -nostdinc -I../.. -I../../include/lib -I../../include -I../../include/lib/kernel -I../../include/lib/user -I. -Wall -W -Wstrict-prototypes -Wmissing-prototypes -Wsystem-headers  -MMD -MF tests/vm/pt-grow-stk-sc.d
gcc -g -msoft-float -O0 -fno-omit-frame-pointer -mno-red-zone -mcmodel=large -fno-plt -fno-pic -mno-sse -fno-stack-protector  -fno-stack-protector -Wno-builtin-declaration-mismatch -nostdlib -static -Wl,-T,../../lib/user/user.lds tests/vm/pt-grow-stk-sc.o tests/lib.o tests/main.o lib/user/entry.o libc.a -o tests/vm/pt-grow-stk-sc
pintos -v -k -T 60 -m 20   --fs-disk=10 -p tests/vm/pt-grow-stk-sc:pt-grow-stk-sc --swap-disk=4 -- -q   -f run pt-grow-stk-sc < /dev/null 2> tests/vm/pt-grow-stk-sc.errors > tests/vm/pt-grow-stk-sc.output
perl -I../.. ../../tests/vm/pt-grow-stk-sc.ck tests/vm/pt-grow-stk-sc tests/vm/pt-grow-stk-sc.result
pass tests/vm/pt-grow-stk-sc
gcc -c ../../tests/vm/page-linear.c -o tests/vm/page-linear.o -g -msoft-float -O0 -fno-omit-frame-pointer -mno-red-zone -mcmodel=large -fno-plt -fno-pic -mno-sse -fno-stack-protector  -fno-stack-protector -Wno-builtin-declaration-mismatch -nostdinc -I../.. -I../../include/lib -I../../include -I../../include/lib/kernel -I../../include/lib/user -I. -Wall -W -Wstrict-prototypes -Wmissing-prototypes -Wsystem-headers  -MMD -MF tests/vm/page-linear.d
gcc -g -msoft-float -O0 -fno-omit-frame-pointer -mno-red-zone -mcmodel=large -fno-plt -fno-pic -mno-sse -fno-stack-protector  -fno-stack-protector -Wno-builtin-declaration-mismatch -nostdlib -static -Wl,-T,../../lib/user/user.lds tests/vm/page-linear.o tests/arc4.o tests/lib.o tests/main.o lib/user/entry.o libc.a -o tests/vm/page-linear
pintos -v -k -T 300 -m 20   --fs-disk=10 -p tests/vm/page-linear:page-linear --swap-disk=4 -- -q   -f run page-linear < /dev/null 2> tests/vm/page-linear.errors > tests/vm/page-linear.output
perl -I../.. ../../tests/vm/page-linear.ck tests/vm/page-linear tests/vm/page-linear.result
pass tests/vm/page-linear
gcc -c ../../tests/vm/page-parallel.c -o tests/vm/page-parallel.o -g -msoft-float -O0 -fno-omit-frame-pointer -mno-red-zone -mcmodel=large -fno-plt -fno-pic -mno-sse -fno-stack-protector  -fno-stack-protector -Wno-builtin-declaration-mismatch -nostdinc -I../.. -I../../include/lib -I../../include -I../../include/lib/kernel -I../../include/lib/user -I. -Wall -W -Wstrict-prototypes -Wmissing-prototypes -Wsystem-headers  -MMD -MF tests/vm/page-parallel.d
gcc -g -msoft-float -O0 -fno-omit-frame-pointer -mno-red-zone -mcmodel=large -fno-plt -fno-pic -mno-sse -fno-stack-protector  -fno-stack-protector -Wno-builtin-declaration-mismatch -nostdlib -static -Wl,-T,../../lib/user/user.lds tests/vm/page-parallel.o tests/lib.o tests/main.o lib/user/entry.o libc.a -o tests/vm/page-parallel
gcc -c ../../tests/vm/child-linear.c -o tests/vm/child-linear.o -g -msoft-float -O0 -fno-omit-frame-pointer -mno-red-zone -mcmodel=large -fno-plt -fno-pic -mno-sse -fno-stack-protector  -fno-stack-protector -Wno-builtin-declaration-mismatch -nostdinc -I../.. -I../../include/lib -I../../include -I../../include/lib/kernel -I../../include/lib/user -I. -Wall -W -Wstrict-prototypes -Wmissing-prototypes -Wsystem-headers  -MMD -MF tests/vm/child-linear.d
gcc -g -msoft-float -O0 -fno-omit-frame-pointer -mno-red-zone -mcmodel=large -fno-plt -fno-pic -mno-sse -fno-stack-protector  -fno-stack-protector -Wno-builtin-declaration-mismatch -nostdlib -static -Wl,-T,../../lib/user/user.lds tests/vm/child-linear.o tests/arc4.o tests/lib.o lib/user/entry.o libc.a -o tests/vm/child-linear
pintos -v -k -T 60 -m 20   --fs-disk=10 -p tests/vm/page-parallel:page-parallel -p tests/vm/child-linear:child-linear --swap-disk=4 -- -q   -f run page-parallel < /dev/null 2> tests/vm/page-parallel.errors > tests/vm/page-parallel.output
perl -I../.. ../../tests/vm/page-parallel.ck tests/vm/page-parallel tests/vm/page-parallel.result
pass tests/vm/page-parallel
gcc -c ../../tests/vm/page-merge-seq.c -o tests/vm/page-merge-seq.o -g -msoft-float -O0 -fno-omit-frame-pointer -mno-red-zone -mcmodel=large -fno-plt -fno-pic -mno-sse -fno-stack-protector  -fno-stack-protector -Wno-builtin-declaration-mismatch -nostdinc -I../.. -I../../include/lib -I../../include -I../../include/lib/kernel -I../../include/lib/user -I. -Wall -W -Wstrict-prototypes -Wmissing-prototypes -Wsystem-headers  -MMD -MF tests/vm/page-merge-seq.d
gcc -g -msoft-float -O0 -fno-omit-frame-pointer -mno-red-zone -mcmodel=large -fno-plt -fno-pic -mno-sse -fno-stack-protector  -fno-stack-protector -Wno-builtin-declaration-mismatch -nostdlib -static -Wl,-T,../../lib/user/user.lds tests/vm/page-merge-seq.o tests/arc4.o tests/lib.o tests/main.o lib/user/entry.o libc.a -o tests/vm/page-merge-seq
gcc -c ../../tests/vm/child-sort.c -o tests/vm/child-sort.o -g -msoft-float -O0 -fno-omit-frame-pointer -mno-red-zone -mcmodel=large -fno-plt -fno-pic -mno-sse -fno-stack-protector  -fno-stack-protector -Wno-builtin-declaration-mismatch -nostdinc -I../.. -I../../include/lib -I../../include -I../../include/lib/kernel -I../../include/lib/user -I. -Wall -W -Wstrict-prototypes -Wmissing-prototypes -Wsystem-headers  -MMD -MF tests/vm/child-sort.d
gcc -g -msoft-float -O0 -fno-omit-frame-pointer -mno-red-zone -mcmodel=large -fno-plt -fno-pic -mno-sse -fno-stack-protector  -fno-stack-protector -Wno-builtin-declaration-mismatch -nostdlib -static -Wl,-T,../../lib/user/user.lds tests/vm/child-sort.o tests/lib.o lib/user/entry.o libc.a -o tests/vm/child-sort
pintos -v -k -T 600 -m 20   --fs-disk=10 -p tests/vm/page-merge-seq:page-merge-seq -p tests/vm/child-sort:child-sort --swap-disk=4 -- -q   -f run page-merge-seq < /dev/null 2> tests/vm/page-merge-seq.errors > tests/vm/page-merge-seq.output
perl -I../.. ../../tests/vm/page-merge-seq.ck tests/vm/page-merge-seq tests/vm/page-merge-seq.result
pass tests/vm/page-merge-seq
gcc -c ../../tests/vm/page-merge-par.c -o tests/vm/page-merge-par.o -g -msoft-float -O0 -fno-omit-frame-pointer -mno-red-zone -mcmodel=large -fno-plt -fno-pic -mno-sse -fno-stack-protector  -fno-stack-protector -Wno-builtin-declaration-mismatch -nostdinc -I../.. -I../../include/lib -I../../include -I../../include/lib/kernel -I../../include/lib/user -I. -Wall -W -Wstrict-prototypes -Wmissing-prototypes -Wsystem-headers  -MMD -MF tests/vm/page-merge-par.d
gcc -c ../../tests/vm/parallel-merge.c -o tests/vm/parallel-merge.o -g -msoft-float -O0 -fno-omit-frame-pointer -mno-red-zone -mcmodel=large -fno-plt -fno-pic -mno-sse -fno-stack-protector  -fno-stack-protector -Wno-builtin-declaration-mismatch -nostdinc -I../.. -I../../include/lib -I../../include -I../../include/lib/kernel -I../../include/lib/user -I. -Wall -W -Wstrict-prototypes -Wmissing-prototypes -Wsystem-headers  -MMD -MF tests/vm/parallel-merge.d
gcc -g -msoft-float -O0 -fno-omit-frame-pointer -mno-red-zone -mcmodel=large -fno-plt -fno-pic -mno-sse -fno-stack-protector  -fno-stack-protector -Wno-builtin-declaration-mismatch -nostdlib -static -Wl,-T,../../lib/user/user.lds tests/vm/page-merge-par.o tests/vm/parallel-merge.o tests/arc4.o tests/lib.o tests/main.o lib/user/entry.o libc.a -o tests/vm/page-merge-par
pintos -v -k -T 600 -m 20   --fs-disk=10 -p tests/vm/page-merge-par:page-merge-par -p tests/vm/child-sort:child-sort --swap-disk=10 -- -q   -f run page-merge-par < /dev/null 2> tests/vm/page-merge-par.errors > tests/vm/page-merge-par.output
perl -I../.. ../../tests/vm/page-merge-par.ck tests/vm/page-merge-par tests/vm/page-merge-par.result
pass tests/vm/page-merge-par
gcc -c ../../tests/vm/page-merge-stk.c -o tests/vm/page-merge-stk.o -g -msoft-float -O0 -fno-omit-frame-pointer -mno-red-zone -mcmodel=large -fno-plt -fno-pic -mno-sse -fno-stack-protector  -fno-stack-protector -Wno-builtin-declaration-mismatch -nostdinc -I../.. -I../../include/lib -I../../include -I../../include/lib/kernel -I../../include/lib/user -I. -Wall -W -Wstrict-prototypes -Wmissing-prototypes -Wsystem-headers  -MMD -MF tests/vm/page-merge-stk.d
gcc -g -msoft-float -O0 -fno-omit-frame-pointer -mno-red-zone -mcmodel=large -fno-plt -fno-pic -mno-sse -fno-stack-protector  -fno-stack-protector -Wno-builtin-declaration-mismatch -nostdlib -static -Wl,-T,../../lib/user/user.lds tests/vm/page-merge-stk.o tests/vm/parallel-merge.o tests/arc4.o tests/lib.o tests/main.o lib/user/entry.o libc.a -o tests/vm/page-merge-stk
gcc -c ../../tests/vm/child-qsort.c -o tests/vm/child-qsort.o -g -msoft-float -O0 -fno-omit-frame-pointer -mno-red-zone -mcmodel=large -fno-plt -fno-pic -mno-sse -fno-stack-protector  -fno-stack-protector -Wno-builtin-declaration-mismatch -nostdinc -I../.. -I../../include/lib -I../../include -I../../include/lib/kernel -I../../include/lib/user -I. -Wall -W -Wstrict-prototypes -Wmissing-prototypes -Wsystem-headers  -MMD -MF tests/vm/child-qsort.d
gcc -c ../../tests/vm/qsort.c -o tests/vm/qsort.o -g -msoft-float -O0 -fno-omit-frame-pointer -mno-red-zone -mcmodel=large -fno-plt -fno-pic -mno-sse -fno-stack-protector  -fno-stack-protector -Wno-builtin-declaration-mismatch -nostdinc -I../.. -I../../include/lib -I../../include -I../../include/lib/kernel -I../../include/lib/user -I. -Wall -W -Wstrict-prototypes -Wmissing-prototypes -Wsystem-headers  -MMD -MF tests/vm/qsort.d
gcc -g -msoft-float -O0 -fno-omit-frame-pointer -mno-red-zone -mcmodel=large -fno-plt -fno-pic -mno-sse -fno-stack-protector  -fno-stack-protector -Wno-builtin-declaration-mismatch -nostdlib -static -Wl,-T,../../lib/user/user.lds tests/vm/child-qsort.o tests/vm/qsort.o tests/lib.o lib/user/entry.o libc.a -o tests/vm/child-qsort
pintos -v -k -T 60 -m 20   --fs-disk=10 -p tests/vm/page-merge-stk:page-merge-stk -p tests/vm/child-qsort:child-qsort --swap-disk=10 -- -q   -f run page-merge-stk < /dev/null 2> tests/vm/page-merge-stk.errors > tests/vm/page-merge-stk.output
perl -I../.. ../../tests/vm/page-merge-stk.ck tests/vm/page-merge-stk tests/vm/page-merge-stk.result
pass tests/vm/page-merge-stk
gcc -c ../../tests/vm/page-merge-mm.c -o tests/vm/page-merge-mm.o -g -msoft-float -O0 -fno-omit-frame-pointer -mno-red-zone -mcmodel=large -fno-plt -fno-pic -mno-sse -fno-stack-protector  -fno-stack-protector -Wno-builtin-declaration-mismatch -nostdinc -I../.. -I../../include/lib -I../../include -I../../include/lib/kernel -I../../include/lib/user -I. -Wall -W -Wstrict-prototypes -Wmissing-prototypes -Wsystem-headers  -MMD -MF tests/vm/page-merge-mm.d
gcc -g -msoft-float -O0 -fno-omit-frame-pointer -mno-red-zone -mcmodel=large -fno-plt -fno-pic -mno-sse -fno-stack-protector  -fno-stack-protector -Wno-builtin-declaration-mismatch -nostdlib -static -Wl,-T,../../lib/user/user.lds tests/vm/page-merge-mm.o tests/vm/parallel-merge.o tests/arc4.o tests/lib.o tests/main.o lib/user/entry.o libc.a -o tests/vm/page-merge-mm
gcc -c ../../tests/vm/child-qsort-mm.c -o tests/vm/child-qsort-mm.o -g -msoft-float -O0 -fno-omit-frame-pointer -mno-red-zone -mcmodel=large -fno-plt -fno-pic -mno-sse -fno-stack-protector  -fno-stack-protector -Wno-builtin-declaration-mismatch -nostdinc -I../.. -I../../include/lib -I../../include -I../../include/lib/kernel -I../../include/lib/user -I. -Wall -W -Wstrict-prototypes -Wmissing-prototypes -Wsystem-headers  -MMD -MF tests/vm/child-qsort-mm.d
gcc -g -msoft-float -O0 -fno-omit-frame-pointer -mno-red-zone -mcmodel=large -fno-plt -fno-pic -mno-sse -fno-stack-protector  -fno-stack-protector -Wno-builtin-declaration-mismatch -nostdlib -static -Wl,-T,../../lib/user/user.lds tests/vm/child-qsort-mm.o tests/vm/qsort.o tests/lib.o lib/user/entry.o libc.a -o tests/vm/child-qsort-mm
pintos -v -k -T 60 -m 20   --fs-disk=10 -p tests/vm/page-merge-mm:page-merge-mm -p tests/vm/child-qsort-mm:child-qsort-mm --swap-disk=10 -- -q   -f run page-merge-mm < /dev/null 2> tests/vm/page-merge-mm.errors > tests/vm/page-merge-mm.output
perl -I../.. ../../tests/vm/page-merge-mm.ck tests/vm/page-merge-mm tests/vm/page-merge-mm.result
pass tests/vm/page-merge-mm
gcc -c ../../tests/vm/page-shuffle.c -o tests/vm/page-shuffle.o -g -msoft-float -O0 -fno-omit-frame-pointer -mno-red-zone -mcmodel=large -fno-plt -fno-pic -mno-sse -fno-stack-protector  -fno-stack-protector -Wno-builtin-declaration-mismatch -nostdinc -I../.. -I../../include/lib -I../../include -I../../include/lib/kernel -I../../include/lib/user -I. -Wall -W -Wstrict-prototypes -Wmissing-prototypes -Wsystem-headers  -MMD -MF tests/vm/page-shuffle.d
gcc -g -msoft-float -O0 -fno-omit-frame-pointer -mno-red-zone -mcmodel=large -fno-plt -fno-pic -mno-sse -fno-stack-protector  -fno-stack-protector -Wno-builtin-declaration-mismatch -nostdlib -static -Wl,-T,../../lib/user/user.lds tests/vm/page-shuffle.o tests/arc4.o tests/cksum.o tests/lib.o tests/main.o lib/user/entry.o libc.a -o tests/vm/page-shuffle
pintos -v -k -T 600 -m 20   --fs-disk=10 -p tests/vm/page-shuffle:page-shuffle --swap-disk=4 -- -q   -f run page-shuffle < /dev/null 2> tests/vm/page-shuffle.errors > tests/vm/page-shuffle.output
perl -I../.. ../../tests/vm/page-shuffle.ck tests/vm/page-shuffle tests/vm/page-shuffle.result
pass tests/vm/page-shuffle
gcc -c ../../tests/vm/mmap-read.c -o tests/vm/mmap-read.o -g -msoft-float -O0 -fno-omit-frame-pointer -mno-red-zone -mcmodel=large -fno-plt -fno-pic -mno-sse -fno-stack-protector  -fno-stack-protector -Wno-builtin-declaration-mismatch -nostdinc -I../.. -I../../include/lib -I../../include -I../../include/lib/kernel -I../../include/lib/user -I. -Wall -W -Wstrict-prototypes -Wmissing-prototypes -Wsystem-headers  -MMD -MF tests/vm/mmap-read.d
gcc -g -msoft-float -O0 -fno-omit-frame-pointer -mno-red-zone -mcmodel=large -fno-plt -fno-pic -mno-sse -fno-stack-protector  -fno-stack-protector -Wno-builtin-declaration-mismatch -nostdlib -static -Wl,-T,../../lib/user/user.lds tests/vm/mmap-read.o tests/lib.o tests/main.o lib/user/entry.o libc.a -o tests/vm/mmap-read
pintos -v -k -T 60 -m 20   --fs-disk=10 -p tests/vm/mmap-read:mmap-read -p ../../tests/vm/sample.txt:sample.txt --swap-disk=4 -- -q   -f run mmap-read < /dev/null 2> tests/vm/mmap-read.errors > tests/vm/mmap-read.output
perl -I../.. ../../tests/vm/mmap-read.ck tests/vm/mmap-read tests/vm/mmap-read.result
pass tests/vm/mmap-read
gcc -c ../../tests/vm/mmap-close.c -o tests/vm/mmap-close.o -g -msoft-float -O0 -fno-omit-frame-pointer -mno-red-zone -mcmodel=large -fno-plt -fno-pic -mno-sse -fno-stack-protector  -fno-stack-protector -Wno-builtin-declaration-mismatch -nostdinc -I../.. -I../../include/lib -I../../include -I../../include/lib/kernel -I../../include/lib/user -I. -Wall -W -Wstrict-prototypes -Wmissing-prototypes -Wsystem-headers  -MMD -MF tests/vm/mmap-close.d
gcc -g -msoft-float -O0 -fno-omit-frame-pointer -mno-red-zone -mcmodel=large -fno-plt -fno-pic -mno-sse -fno-stack-protector  -fno-stack-protector -Wno-builtin-declaration-mismatch -nostdlib -static -Wl,-T,../../lib/user/user.lds tests/vm/mmap-close.o tests/lib.o tests/main.o lib/user/entry.o libc.a -o tests/vm/mmap-close
pintos -v -k -T 60 -m 20   --fs-disk=10 -p tests/vm/mmap-close:mmap-close -p ../../tests/vm/sample.txt:sample.txt --swap-disk=4 -- -q   -f run mmap-close < /dev/null 2> tests/vm/mmap-close.errors > tests/vm/mmap-close.output
perl -I../.. ../../tests/vm/mmap-close.ck tests/vm/mmap-close tests/vm/mmap-close.result
pass tests/vm/mmap-close
gcc -c ../../tests/vm/mmap-unmap.c -o tests/vm/mmap-unmap.o -g -msoft-float -O0 -fno-omit-frame-pointer -mno-red-zone -mcmodel=large -fno-plt -fno-pic -mno-sse -fno-stack-protector  -fno-stack-protector -Wno-builtin-declaration-mismatch -nostdinc -I../.. -I../../include/lib -I../../include -I../../include/lib/kernel -I../../include/lib/user -I. -Wall -W -Wstrict-prototypes -Wmissing-prototypes -Wsystem-headers  -MMD -MF tests/vm/mmap-unmap.d
gcc -g -msoft-float -O0 -fno-omit-frame-pointer -mno-red-zone -mcmodel=large -fno-plt -fno-pic -mno-sse -fno-stack-protector  -fno-stack-protector -Wno-builtin-declaration-mismatch -nostdlib -static -Wl,-T,../../lib/user/user.lds tests/vm/mmap-unmap.o tests/lib.o tests/main.o lib/user/entry.o libc.a -o tests/vm/mmap-unmap
pintos -v -k -T 60 -m 20   --fs-disk=10 -p tests/vm/mmap-unmap:mmap-unmap -p ../../tests/vm/sample.txt:sample.txt --swap-disk=4 -- -q   -f run mmap-unmap < /dev/null 2> tests/vm/mmap-unmap.errors > tests/vm/mmap-unmap.output
perl -I../.. ../../tests/vm/mmap-unmap.ck tests/vm/mmap-unmap tests/vm/mmap-unmap.result
pass tests/vm/mmap-unmap
gcc -c ../../tests/vm/mmap-overlap.c -o tests/vm/mmap-overlap.o -g -msoft-float -O0 -fno-omit-frame-pointer -mno-red-zone -mcmodel=large -fno-plt -fno-pic -mno-sse -fno-stack-protector  -fno-stack-protector -Wno-builtin-declaration-mismatch -nostdinc -I../.. -I../../include/lib -I../../include -I../../include/lib/kernel -I../../include/lib/user -I. -Wall -W -Wstrict-prototypes -Wmissing-prototypes -Wsystem-headers  -MMD -MF tests/vm/mmap-overlap.d
gcc -g -msoft-float -O0 -fno-omit-frame-pointer -mno-red-zone -mcmodel=large -fno-plt -fno-pic -mno-sse -fno-stack-protector  -fno-stack-protector -Wno-builtin-declaration-mismatch -nostdlib -static -Wl,-T,../../lib/user/user.lds tests/vm/mmap-overlap.o tests/lib.o tests/main.o lib/user/entry.o libc.a -o tests/vm/mmap-overlap
dd if=/dev/zero of=tests/vm/zeros bs=1024 count=6
6+0 records in
6+0 records out
6144 bytes (6.1 kB, 6.0 KiB) copied, 8.2265e-05 s, 74.7 MB/s
pintos -v -k -T 60 -m 20   --fs-disk=10 -p tests/vm/mmap-overlap:mmap-overlap -p tests/vm/zeros:zeros --swap-disk=4 -- -q   -f run mmap-overlap < /dev/null 2> tests/vm/mmap-overlap.errors > tests/vm/mmap-overlap.output
perl -I../.. ../../tests/vm/mmap-overlap.ck tests/vm/mmap-overlap tests/vm/mmap-overlap.result
pass tests/vm/mmap-overlap
gcc -c ../../tests/vm/mmap-twice.c -o tests/vm/mmap-twice.o -g -msoft-float -O0 -fno-omit-frame-pointer -mno-red-zone -mcmodel=large -fno-plt -fno-pic -mno-sse -fno-stack-protector  -fno-stack-protector -Wno-builtin-declaration-mismatch -nostdinc -I../.. -I../../include/lib -I../../include -I../../include/lib/kernel -I../../include/lib/user -I. -Wall -W -Wstrict-prototypes -Wmissing-prototypes -Wsystem-headers  -MMD -MF tests/vm/mmap-twice.d
gcc -g -msoft-float -O0 -fno-omit-frame-pointer -mno-red-zone -mcmodel=large -fno-plt -fno-pic -mno-sse -fno-stack-protector  -fno-stack-protector -Wno-builtin-declaration-mismatch -nostdlib -static -Wl,-T,../../lib/user/user.lds tests/vm/mmap-twice.o tests/lib.o tests/main.o lib/user/entry.o libc.a -o tests/vm/mmap-twice
pintos -v -k -T 60 -m 20   --fs-disk=10 -p tests/vm/mmap-twice:mmap-twice -p ../../tests/vm/sample.txt:sample.txt --swap-disk=4 -- -q   -f run mmap-twice < /dev/null 2> tests/vm/mmap-twice.errors > tests/vm/mmap-twice.output
perl -I../.. ../../tests/vm/mmap-twice.ck tests/vm/mmap-twice tests/vm/mmap-twice.result
pass tests/vm/mmap-twice
gcc -c ../../tests/vm/mmap-write.c -o tests/vm/mmap-write.o -g -msoft-float -O0 -fno-omit-frame-pointer -mno-red-zone -mcmodel=large -fno-plt -fno-pic -mno-sse -fno-stack-protector  -fno-stack-protector -Wno-builtin-declaration-mismatch -nostdinc -I../.. -I../../include/lib -I../../include -I../../include/lib/kernel -I../../include/lib/user -I. -Wall -W -Wstrict-prototypes -Wmissing-prototypes -Wsystem-headers  -MMD -MF tests/vm/mmap-write.d
gcc -g -msoft-float -O0 -fno-omit-frame-pointer -mno-red-zone -mcmodel=large -fno-plt -fno-pic -mno-sse -fno-stack-protector  -fno-stack-protector -Wno-builtin-declaration-mismatch -nostdlib -static -Wl,-T,../../lib/user/user.lds tests/vm/mmap-write.o tests/lib.o tests/main.o lib/user/entry.o libc.a -o tests/vm/mmap-write
pintos -v -k -T 60 -m 20   --fs-disk=10 -p tests/vm/mmap-write:mmap-write --swap-disk=4 -- -q   -f run mmap-write < /dev/null 2> tests/vm/mmap-write.errors > tests/vm/mmap-write.output
perl -I../.. ../../tests/vm/mmap-write.ck tests/vm/mmap-write tests/vm/mmap-write.result
pass tests/vm/mmap-write
gcc -c ../../tests/vm/mmap-ro.c -o tests/vm/mmap-ro.o -g -msoft-float -O0 -fno-omit-frame-pointer -mno-red-zone -mcmodel=large -fno-plt -fno-pic -mno-sse -fno-stack-protector  -fno-stack-protector -Wno-builtin-declaration-mismatch -nostdinc -I../.. -I../../include/lib -I../../include -I../../include/lib/kernel -I../../include/lib/user -I. -Wall -W -Wstrict-prototypes -Wmissing-prototypes -Wsystem-headers  -MMD -MF tests/vm/mmap-ro.d
../../tests/vm/mmap-ro.c: In function test_main:
../../tests/vm/mmap-ro.c:17:8: warning: unused variable buf [-Wunused-variable]
   char buf[1024];
        ^~~
gcc -g -msoft-float -O0 -fno-omit-frame-pointer -mno-red-zone -mcmodel=large -fno-plt -fno-pic -mno-sse -fno-stack-protector  -fno-stack-protector -Wno-builtin-declaration-mismatch -nostdlib -static -Wl,-T,../../lib/user/user.lds tests/vm/mmap-ro.o tests/lib.o tests/main.o lib/user/entry.o libc.a -o tests/vm/mmap-ro
pintos -v -k -T 60 -m 20   --fs-disk=10 -p tests/vm/mmap-ro:mmap-ro -p ../../tests/vm/large.txt:large.txt --swap-disk=4 -- -q   -f run mmap-ro < /dev/null 2> tests/vm/mmap-ro.errors > tests/vm/mmap-ro.output
perl -I../.. ../../tests/vm/mmap-ro.ck tests/vm/mmap-ro tests/vm/mmap-ro.result
pass tests/vm/mmap-ro
gcc -c ../../tests/vm/mmap-exit.c -o tests/vm/mmap-exit.o -g -msoft-float -O0 -fno-omit-frame-pointer -mno-red-zone -mcmodel=large -fno-plt -fno-pic -mno-sse -fno-stack-protector  -fno-stack-protector -Wno-builtin-declaration-mismatch -nostdinc -I../.. -I../../include/lib -I../../include -I../../include/lib/kernel -I../../include/lib/user -I. -Wall -W -Wstrict-prototypes -Wmissing-prototypes -Wsystem-headers  -MMD -MF tests/vm/mmap-exit.d
gcc -g -msoft-float -O0 -fno-omit-frame-pointer -mno-red-zone -mcmodel=large -fno-plt -fno-pic -mno-sse -fno-stack-protector  -fno-stack-protector -Wno-builtin-declaration-mismatch -nostdlib -static -Wl,-T,../../lib/user/user.lds tests/vm/mmap-exit.o tests/lib.o tests/main.o lib/user/entry.o libc.a -o tests/vm/mmap-exit
gcc -c ../../tests/vm/child-mm-wrt.c -o tests/vm/child-mm-wrt.o -g -msoft-float -O0 -fno-omit-frame-pointer -mno-red-zone -mcmodel=large -fno-plt -fno-pic -mno-sse -fno-stack-protector  -fno-stack-protector -Wno-builtin-declaration-mismatch -nostdinc -I../.. -I../../include/lib -I../../include -I../../include/lib/kernel -I../../include/lib/user -I. -Wall -W -Wstrict-prototypes -Wmissing-prototypes -Wsystem-headers  -MMD -MF tests/vm/child-mm-wrt.d
gcc -g -msoft-float -O0 -fno-omit-frame-pointer -mno-red-zone -mcmodel=large -fno-plt -fno-pic -mno-sse -fno-stack-protector  -fno-stack-protector -Wno-builtin-declaration-mismatch -nostdlib -static -Wl,-T,../../lib/user/user.lds tests/vm/child-mm-wrt.o tests/lib.o tests/main.o lib/user/entry.o libc.a -o tests/vm/child-mm-wrt
pintos -v -k -T 60 -m 20   --fs-disk=10 -p tests/vm/mmap-exit:mmap-exit -p tests/vm/child-mm-wrt:child-mm-wrt --swap-disk=4 -- -q   -f run mmap-exit < /dev/null 2> tests/vm/mmap-exit.errors > tests/vm/mmap-exit.output
perl -I../.. ../../tests/vm/mmap-exit.ck tests/vm/mmap-exit tests/vm/mmap-exit.result
pass tests/vm/mmap-exit
gcc -c ../../tests/vm/mmap-shuffle.c -o tests/vm/mmap-shuffle.o -g -msoft-float -O0 -fno-omit-frame-pointer -mno-red-zone -mcmodel=large -fno-plt -fno-pic -mno-sse -fno-stack-protector  -fno-stack-protector -Wno-builtin-declaration-mismatch -nostdinc -I../.. -I../../include/lib -I../../include -I../../include/lib/kernel -I../../include/lib/user -I. -Wall -W -Wstrict-prototypes -Wmissing-prototypes -Wsystem-headers  -MMD -MF tests/vm/mmap-shuffle.d
gcc -g -msoft-float -O0 -fno-omit-frame-pointer -mno-red-zone -mcmodel=large -fno-plt -fno-pic -mno-sse -fno-stack-protector  -fno-stack-protector -Wno-builtin-declaration-mismatch -nostdlib -static -Wl,-T,../../lib/user/user.lds tests/vm/mmap-shuffle.o tests/arc4.o tests/cksum.o tests/lib.o tests/main.o lib/user/entry.o libc.a -o tests/vm/mmap-shuffle
pintos -v -k -T 600 -m 20   --fs-disk=10 -p tests/vm/mmap-shuffle:mmap-shuffle --swap-disk=4 -- -q   -f run mmap-shuffle < /dev/null 2> tests/vm/mmap-shuffle.errors > tests/vm/mmap-shuffle.output
perl -I../.. ../../tests/vm/mmap-shuffle.ck tests/vm/mmap-shuffle tests/vm/mmap-shuffle.result
pass tests/vm/mmap-shuffle
gcc -c ../../tests/vm/mmap-bad-fd.c -o tests/vm/mmap-bad-fd.o -g -msoft-float -O0 -fno-omit-frame-pointer -mno-red-zone -mcmodel=large -fno-plt -fno-pic -mno-sse -fno-stack-protector  -fno-stack-protector -Wno-builtin-declaration-mismatch -nostdinc -I../.. -I../../include/lib -I../../include -I../../include/lib/kernel -I../../include/lib/user -I. -Wall -W -Wstrict-prototypes -Wmissing-prototypes -Wsystem-headers  -MMD -MF tests/vm/mmap-bad-fd.d
gcc -g -msoft-float -O0 -fno-omit-frame-pointer -mno-red-zone -mcmodel=large -fno-plt -fno-pic -mno-sse -fno-stack-protector  -fno-stack-protector -Wno-builtin-declaration-mismatch -nostdlib -static -Wl,-T,../../lib/user/user.lds tests/vm/mmap-bad-fd.o tests/lib.o tests/main.o lib/user/entry.o libc.a -o tests/vm/mmap-bad-fd
pintos -v -k -T 60 -m 20   --fs-disk=10 -p tests/vm/mmap-bad-fd:mmap-bad-fd --swap-disk=4 -- -q   -f run mmap-bad-fd < /dev/null 2> tests/vm/mmap-bad-fd.errors > tests/vm/mmap-bad-fd.output
perl -I../.. ../../tests/vm/mmap-bad-fd.ck tests/vm/mmap-bad-fd tests/vm/mmap-bad-fd.result
pass tests/vm/mmap-bad-fd
gcc -c ../../tests/vm/mmap-clean.c -o tests/vm/mmap-clean.o -g -msoft-float -O0 -fno-omit-frame-pointer -mno-red-zone -mcmodel=large -fno-plt -fno-pic -mno-sse -fno-stack-protector  -fno-stack-protector -Wno-builtin-declaration-mismatch -nostdinc -I../.. -I../../include/lib -I../../include -I../../include/lib/kernel -I../../include/lib/user -I. -Wall -W -Wstrict-prototypes -Wmissing-prototypes -Wsystem-headers  -MMD -MF tests/vm/mmap-clean.d
gcc -g -msoft-float -O0 -fno-omit-frame-pointer -mno-red-zone -mcmodel=large -fno-plt -fno-pic -mno-sse -fno-stack-protector  -fno-stack-protector -Wno-builtin-declaration-mismatch -nostdlib -static -Wl,-T,../../lib/user/user.lds tests/vm/mmap-clean.o tests/lib.o tests/main.o lib/user/entry.o libc.a -o tests/vm/mmap-clean
pintos -v -k -T 60 -m 20   --fs-disk=10 -p tests/vm/mmap-clean:mmap-clean -p ../../tests/vm/sample.txt:sample.txt --swap-disk=4 -- -q   -f run mmap-clean < /dev/null 2> tests/vm/mmap-clean.errors > tests/vm/mmap-clean.output
perl -I../.. ../../tests/vm/mmap-clean.ck tests/vm/mmap-clean tests/vm/mmap-clean.result
pass tests/vm/mmap-clean
gcc -c ../../tests/vm/mmap-inherit.c -o tests/vm/mmap-inherit.o -g -msoft-float -O0 -fno-omit-frame-pointer -mno-red-zone -mcmodel=large -fno-plt -fno-pic -mno-sse -fno-stack-protector  -fno-stack-protector -Wno-builtin-declaration-mismatch -nostdinc -I../.. -I../../include/lib -I../../include -I../../include/lib/kernel -I../../include/lib/user -I. -Wall -W -Wstrict-prototypes -Wmissing-prototypes -Wsystem-headers  -MMD -MF tests/vm/mmap-inherit.d
gcc -g -msoft-float -O0 -fno-omit-frame-pointer -mno-red-zone -mcmodel=large -fno-plt -fno-pic -mno-sse -fno-stack-protector  -fno-stack-protector -Wno-builtin-declaration-mismatch -nostdlib -static -Wl,-T,../../lib/user/user.lds tests/vm/mmap-inherit.o tests/lib.o tests/main.o lib/user/entry.o libc.a -o tests/vm/mmap-inherit
gcc -c ../../tests/vm/child-inherit.c -o tests/vm/child-inherit.o -g -msoft-float -O0 -fno-omit-frame-pointer -mno-red-zone -mcmodel=large -fno-plt -fno-pic -mno-sse -fno-stack-protector  -fno-stack-protector -Wno-builtin-declaration-mismatch -nostdinc -I../.. -I../../include/lib -I../../include -I../../include/lib/kernel -I../../include/lib/user -I. -Wall -W -Wstrict-prototypes -Wmissing-prototypes -Wsystem-headers  -MMD -MF tests/vm/child-inherit.d
gcc -g -msoft-float -O0 -fno-omit-frame-pointer -mno-red-zone -mcmodel=large -fno-plt -fno-pic -mno-sse -fno-stack-protector  -fno-stack-protector -Wno-builtin-declaration-mismatch -nostdlib -static -Wl,-T,../../lib/user/user.lds tests/vm/child-inherit.o tests/lib.o tests/main.o lib/user/entry.o libc.a -o tests/vm/child-inherit
pintos -v -k -T 60 -m 20   --fs-disk=10 -p tests/vm/mmap-inherit:mmap-inherit -p ../../tests/vm/sample.txt:sample.txt -p tests/vm/child-inherit:child-inherit --swap-disk=4 -- -q   -f run mmap-inherit < /dev/null 2> tests/vm/mmap-inherit.errors > tests/vm/mmap-inherit.output
perl -I../.. ../../tests/vm/mmap-inherit.ck tests/vm/mmap-inherit tests/vm/mmap-inherit.result
pass tests/vm/mmap-inherit
gcc -c ../../tests/vm/mmap-misalign.c -o tests/vm/mmap-misalign.o -g -msoft-float -O0 -fno-omit-frame-pointer -mno-red-zone -mcmodel=large -fno-plt -fno-pic -mno-sse -fno-stack-protector  -fno-stack-protector -Wno-builtin-declaration-mismatch -nostdinc -I../.. -I../../include/lib -I../../include -I../../include/lib/kernel -I../../include/lib/user -I. -Wall -W -Wstrict-prototypes -Wmissing-prototypes -Wsystem-headers  -MMD -MF tests/vm/mmap-misalign.d
gcc -g -msoft-float -O0 -fno-omit-frame-pointer -mno-red-zone -mcmodel=large -fno-plt -fno-pic -mno-sse -fno-stack-protector  -fno-stack-protector -Wno-builtin-declaration-mismatch -nostdlib -static -Wl,-T,../../lib/user/user.lds tests/vm/mmap-misalign.o tests/lib.o tests/main.o lib/user/entry.o libc.a -o tests/vm/mmap-misalign
pintos -v -k -T 60 -m 20   --fs-disk=10 -p tests/vm/mmap-misalign:mmap-misalign -p ../../tests/vm/sample.txt:sample.txt --swap-disk=4 -- -q   -f run mmap-misalign < /dev/null 2> tests/vm/mmap-misalign.errors > tests/vm/mmap-misalign.output
perl -I../.. ../../tests/vm/mmap-misalign.ck tests/vm/mmap-misalign tests/vm/mmap-misalign.result
pass tests/vm/mmap-misalign
gcc -c ../../tests/vm/mmap-null.c -o tests/vm/mmap-null.o -g -msoft-float -O0 -fno-omit-frame-pointer -mno-red-zone -mcmodel=large -fno-plt -fno-pic -mno-sse -fno-stack-protector  -fno-stack-protector -Wno-builtin-declaration-mismatch -nostdinc -I../.. -I../../include/lib -I../../include -I../../include/lib/kernel -I../../include/lib/user -I. -Wall -W -Wstrict-prototypes -Wmissing-prototypes -Wsystem-headers  -MMD -MF tests/vm/mmap-null.d
gcc -g -msoft-float -O0 -fno-omit-frame-pointer -mno-red-zone -mcmodel=large -fno-plt -fno-pic -mno-sse -fno-stack-protector  -fno-stack-protector -Wno-builtin-declaration-mismatch -nostdlib -static -Wl,-T,../../lib/user/user.lds tests/vm/mmap-null.o tests/lib.o tests/main.o lib/user/entry.o libc.a -o tests/vm/mmap-null
pintos -v -k -T 60 -m 20   --fs-disk=10 -p tests/vm/mmap-null:mmap-null -p ../../tests/vm/sample.txt:sample.txt --swap-disk=4 -- -q   -f run mmap-null < /dev/null 2> tests/vm/mmap-null.errors > tests/vm/mmap-null.output
perl -I../.. ../../tests/vm/mmap-null.ck tests/vm/mmap-null tests/vm/mmap-null.result
pass tests/vm/mmap-null
gcc -c ../../tests/vm/mmap-over-code.c -o tests/vm/mmap-over-code.o -g -msoft-float -O0 -fno-omit-frame-pointer -mno-red-zone -mcmodel=large -fno-plt -fno-pic -mno-sse -fno-stack-protector  -fno-stack-protector -Wno-builtin-declaration-mismatch -nostdinc -I../.. -I../../include/lib -I../../include -I../../include/lib/kernel -I../../include/lib/user -I. -Wall -W -Wstrict-prototypes -Wmissing-prototypes -Wsystem-headers  -MMD -MF tests/vm/mmap-over-code.d
gcc -g -msoft-float -O0 -fno-omit-frame-pointer -mno-red-zone -mcmodel=large -fno-plt -fno-pic -mno-sse -fno-stack-protector  -fno-stack-protector -Wno-builtin-declaration-mismatch -nostdlib -static -Wl,-T,../../lib/user/user.lds tests/vm/mmap-over-code.o tests/lib.o tests/main.o lib/user/entry.o libc.a -o tests/vm/mmap-over-code
pintos -v -k -T 60 -m 20   --fs-disk=10 -p tests/vm/mmap-over-code:mmap-over-code -p ../../tests/vm/sample.txt:sample.txt --swap-disk=4 -- -q   -f run mmap-over-code < /dev/null 2> tests/vm/mmap-over-code.errors > tests/vm/mmap-over-code.output
perl -I../.. ../../tests/vm/mmap-over-code.ck tests/vm/mmap-over-code tests/vm/mmap-over-code.result
pass tests/vm/mmap-over-code
gcc -c ../../tests/vm/mmap-over-data.c -o tests/vm/mmap-over-data.o -g -msoft-float -O0 -fno-omit-frame-pointer -mno-red-zone -mcmodel=large -fno-plt -fno-pic -mno-sse -fno-stack-protector  -fno-stack-protector -Wno-builtin-declaration-mismatch -nostdinc -I../.. -I../../include/lib -I../../include -I../../include/lib/kernel -I../../include/lib/user -I. -Wall -W -Wstrict-prototypes -Wmissing-prototypes -Wsystem-headers  -MMD -MF tests/vm/mmap-over-data.d
gcc -g -msoft-float -O0 -fno-omit-frame-pointer -mno-red-zone -mcmodel=large -fno-plt -fno-pic -mno-sse -fno-stack-protector  -fno-stack-protector -Wno-builtin-declaration-mismatch -nostdlib -static -Wl,-T,../../lib/user/user.lds tests/vm/mmap-over-data.o tests/lib.o tests/main.o lib/user/entry.o libc.a -o tests/vm/mmap-over-data
pintos -v -k -T 60 -m 20   --fs-disk=10 -p tests/vm/mmap-over-data:mmap-over-data -p ../../tests/vm/sample.txt:sample.txt --swap-disk=4 -- -q   -f run mmap-over-data < /dev/null 2> tests/vm/mmap-over-data.errors > tests/vm/mmap-over-data.output
perl -I../.. ../../tests/vm/mmap-over-data.ck tests/vm/mmap-over-data tests/vm/mmap-over-data.result
pass tests/vm/mmap-over-data
gcc -c ../../tests/vm/mmap-over-stk.c -o tests/vm/mmap-over-stk.o -g -msoft-float -O0 -fno-omit-frame-pointer -mno-red-zone -mcmodel=large -fno-plt -fno-pic -mno-sse -fno-stack-protector  -fno-stack-protector -Wno-builtin-declaration-mismatch -nostdinc -I../.. -I../../include/lib -I../../include -I../../include/lib/kernel -I../../include/lib/user -I. -Wall -W -Wstrict-prototypes -Wmissing-prototypes -Wsystem-headers  -MMD -MF tests/vm/mmap-over-stk.d
gcc -g -msoft-float -O0 -fno-omit-frame-pointer -mno-red-zone -mcmodel=large -fno-plt -fno-pic -mno-sse -fno-stack-protector  -fno-stack-protector -Wno-builtin-declaration-mismatch -nostdlib -static -Wl,-T,../../lib/user/user.lds tests/vm/mmap-over-stk.o tests/lib.o tests/main.o lib/user/entry.o libc.a -o tests/vm/mmap-over-stk
pintos -v -k -T 60 -m 20   --fs-disk=10 -p tests/vm/mmap-over-stk:mmap-over-stk -p ../../tests/vm/sample.txt:sample.txt --swap-disk=4 -- -q   -f run mmap-over-stk < /dev/null 2> tests/vm/mmap-over-stk.errors > tests/vm/mmap-over-stk.output
perl -I../.. ../../tests/vm/mmap-over-stk.ck tests/vm/mmap-over-stk tests/vm/mmap-over-stk.result
pass tests/vm/mmap-over-stk
gcc -c ../../tests/vm/mmap-remove.c -o tests/vm/mmap-remove.o -g -msoft-float -O0 -fno-omit-frame-pointer -mno-red-zone -mcmodel=large -fno-plt -fno-pic -mno-sse -fno-stack-protector  -fno-stack-protector -Wno-builtin-declaration-mismatch -nostdinc -I../.. -I../../include/lib -I../../include -I../../include/lib/kernel -I../../include/lib/user -I. -Wall -W -Wstrict-prototypes -Wmissing-prototypes -Wsystem-headers  -MMD -MF tests/vm/mmap-remove.d
gcc -g -msoft-float -O0 -fno-omit-frame-pointer -mno-red-zone -mcmodel=large -fno-plt -fno-pic -mno-sse -fno-stack-protector  -fno-stack-protector -Wno-builtin-declaration-mismatch -nostdlib -static -Wl,-T,../../lib/user/user.lds tests/vm/mmap-remove.o tests/lib.o tests/main.o lib/user/entry.o libc.a -o tests/vm/mmap-remove
pintos -v -k -T 60 -m 20   --fs-disk=10 -p tests/vm/mmap-remove:mmap-remove -p ../../tests/vm/sample.txt:sample.txt --swap-disk=4 -- -q   -f run mmap-remove < /dev/null 2> tests/vm/mmap-remove.errors > tests/vm/mmap-remove.output
perl -I../.. ../../tests/vm/mmap-remove.ck tests/vm/mmap-remove tests/vm/mmap-remove.result
pass tests/vm/mmap-remove
gcc -c ../../tests/vm/mmap-zero.c -o tests/vm/mmap-zero.o -g -msoft-float -O0 -fno-omit-frame-pointer -mno-red-zone -mcmodel=large -fno-plt -fno-pic -mno-sse -fno-stack-protector  -fno-stack-protector -Wno-builtin-declaration-mismatch -nostdinc -I../.. -I../../include/lib -I../../include -I../../include/lib/kernel -I../../include/lib/user -I. -Wall -W -Wstrict-prototypes -Wmissing-prototypes -Wsystem-headers  -MMD -MF tests/vm/mmap-zero.d
gcc -g -msoft-float -O0 -fno-omit-frame-pointer -mno-red-zone -mcmodel=large -fno-plt -fno-pic -mno-sse -fno-stack-protector  -fno-stack-protector -Wno-builtin-declaration-mismatch -nostdlib -static -Wl,-T,../../lib/user/user.lds tests/vm/mmap-zero.o tests/lib.o tests/main.o lib/user/entry.o libc.a -o tests/vm/mmap-zero
pintos -v -k -T 60 -m 20   --fs-disk=10 -p tests/vm/mmap-zero:mmap-zero --swap-disk=4 -- -q   -f run mmap-zero < /dev/null 2> tests/vm/mmap-zero.errors > tests/vm/mmap-zero.output
perl -I../.. ../../tests/vm/mmap-zero.ck tests/vm/mmap-zero tests/vm/mmap-zero.result
pass tests/vm/mmap-zero
gcc -c ../../tests/vm/mmap-bad-fd2.c -o tests/vm/mmap-bad-fd2.o -g -msoft-float -O0 -fno-omit-frame-pointer -mno-red-zone -mcmodel=large -fno-plt -fno-pic -mno-sse -fno-stack-protector  -fno-stack-protector -Wno-builtin-declaration-mismatch -nostdinc -I../.. -I../../include/lib -I../../include -I../../include/lib/kernel -I../../include/lib/user -I. -Wall -W -Wstrict-prototypes -Wmissing-prototypes -Wsystem-headers  -MMD -MF tests/vm/mmap-bad-fd2.d
gcc -g -msoft-float -O0 -fno-omit-frame-pointer -mno-red-zone -mcmodel=large -fno-plt -fno-pic -mno-sse -fno-stack-protector  -fno-stack-protector -Wno-builtin-declaration-mismatch -nostdlib -static -Wl,-T,../../lib/user/user.lds tests/vm/mmap-bad-fd2.o tests/lib.o tests/main.o lib/user/entry.o libc.a -o tests/vm/mmap-bad-fd2
pintos -v -k -T 60 -m 20   --fs-disk=10 -p tests/vm/mmap-bad-fd2:mmap-bad-fd2 --swap-disk=4 -- -q   -f run mmap-bad-fd2 < /dev/null 2> tests/vm/mmap-bad-fd2.errors > tests/vm/mmap-bad-fd2.output
perl -I../.. ../../tests/vm/mmap-bad-fd2.ck tests/vm/mmap-bad-fd2 tests/vm/mmap-bad-fd2.result
pass tests/vm/mmap-bad-fd2
gcc -c ../../tests/vm/mmap-bad-fd3.c -o tests/vm/mmap-bad-fd3.o -g -msoft-float -O0 -fno-omit-frame-pointer -mno-red-zone -mcmodel=large -fno-plt -fno-pic -mno-sse -fno-stack-protector  -fno-stack-protector -Wno-builtin-declaration-mismatch -nostdinc -I../.. -I../../include/lib -I../../include -I../../include/lib/kernel -I../../include/lib/user -I. -Wall -W -Wstrict-prototypes -Wmissing-prototypes -Wsystem-headers  -MMD -MF tests/vm/mmap-bad-fd3.d
gcc -g -msoft-float -O0 -fno-omit-frame-pointer -mno-red-zone -mcmodel=large -fno-plt -fno-pic -mno-sse -fno-stack-protector  -fno-stack-protector -Wno-builtin-declaration-mismatch -nostdlib -static -Wl,-T,../../lib/user/user.lds tests/vm/mmap-bad-fd3.o tests/lib.o tests/main.o lib/user/entry.o libc.a -o tests/vm/mmap-bad-fd3
pintos -v -k -T 60 -m 20   --fs-disk=10 -p tests/vm/mmap-bad-fd3:mmap-bad-fd3 --swap-disk=4 -- -q   -f run mmap-bad-fd3 < /dev/null 2> tests/vm/mmap-bad-fd3.errors > tests/vm/mmap-bad-fd3.output
perl -I../.. ../../tests/vm/mmap-bad-fd3.ck tests/vm/mmap-bad-fd3 tests/vm/mmap-bad-fd3.result
pass tests/vm/mmap-bad-fd3
gcc -c ../../tests/vm/mmap-zero-len.c -o tests/vm/mmap-zero-len.o -g -msoft-float -O0 -fno-omit-frame-pointer -mno-red-zone -mcmodel=large -fno-plt -fno-pic -mno-sse -fno-stack-protector  -fno-stack-protector -Wno-builtin-declaration-mismatch -nostdinc -I../.. -I../../include/lib -I../../include -I../../include/lib/kernel -I../../include/lib/user -I. -Wall -W -Wstrict-prototypes -Wmissing-prototypes -Wsystem-headers  -MMD -MF tests/vm/mmap-zero-len.d
gcc -g -msoft-float -O0 -fno-omit-frame-pointer -mno-red-zone -mcmodel=large -fno-plt -fno-pic -mno-sse -fno-stack-protector  -fno-stack-protector -Wno-builtin-declaration-mismatch -nostdlib -static -Wl,-T,../../lib/user/user.lds tests/vm/mmap-zero-len.o tests/lib.o tests/main.o lib/user/entry.o libc.a -o tests/vm/mmap-zero-len
pintos -v -k -T 60 -m 20   --fs-disk=10 -p tests/vm/mmap-zero-len:mmap-zero-len --swap-disk=4 -- -q   -f run mmap-zero-len < /dev/null 2> tests/vm/mmap-zero-len.errors > tests/vm/mmap-zero-len.output
perl -I../.. ../../tests/vm/mmap-zero-len.ck tests/vm/mmap-zero-len tests/vm/mmap-zero-len.result
pass tests/vm/mmap-zero-len
gcc -c ../../tests/vm/mmap-off.c -o tests/vm/mmap-off.o -g -msoft-float -O0 -fno-omit-frame-pointer -mno-red-zone -mcmodel=large -fno-plt -fno-pic -mno-sse -fno-stack-protector  -fno-stack-protector -Wno-builtin-declaration-mismatch -nostdinc -I../.. -I../../include/lib -I../../include -I../../include/lib/kernel -I../../include/lib/user -I. -Wall -W -Wstrict-prototypes -Wmissing-prototypes -Wsystem-headers  -MMD -MF tests/vm/mmap-off.d
gcc -g -msoft-float -O0 -fno-omit-frame-pointer -mno-red-zone -mcmodel=large -fno-plt -fno-pic -mno-sse -fno-stack-protector  -fno-stack-protector -Wno-builtin-declaration-mismatch -nostdlib -static -Wl,-T,../../lib/user/user.lds tests/vm/mmap-off.o tests/lib.o tests/main.o lib/user/entry.o libc.a -o tests/vm/mmap-off
pintos -v -k -T 60 -m 20   --fs-disk=10 -p tests/vm/mmap-off:mmap-off -p ../../tests/vm/large.txt:large.txt --swap-disk=4 -- -q   -f run mmap-off < /dev/null 2> tests/vm/mmap-off.errors > tests/vm/mmap-off.output
perl -I../.. ../../tests/vm/mmap-off.ck tests/vm/mmap-off tests/vm/mmap-off.result
pass tests/vm/mmap-off
gcc -c ../../tests/vm/mmap-bad-off.c -o tests/vm/mmap-bad-off.o -g -msoft-float -O0 -fno-omit-frame-pointer -mno-red-zone -mcmodel=large -fno-plt -fno-pic -mno-sse -fno-stack-protector  -fno-stack-protector -Wno-builtin-declaration-mismatch -nostdinc -I../.. -I../../include/lib -I../../include -I../../include/lib/kernel -I../../include/lib/user -I. -Wall -W -Wstrict-prototypes -Wmissing-prototypes -Wsystem-headers  -MMD -MF tests/vm/mmap-bad-off.d
gcc -g -msoft-float -O0 -fno-omit-frame-pointer -mno-red-zone -mcmodel=large -fno-plt -fno-pic -mno-sse -fno-stack-protector  -fno-stack-protector -Wno-builtin-declaration-mismatch -nostdlib -static -Wl,-T,../../lib/user/user.lds tests/vm/mmap-bad-off.o tests/lib.o tests/main.o lib/user/entry.o libc.a -o tests/vm/mmap-bad-off
pintos -v -k -T 60 -m 20   --fs-disk=10 -p tests/vm/mmap-bad-off:mmap-bad-off -p ../../tests/vm/large.txt:large.txt --swap-disk=4 -- -q   -f run mmap-bad-off < /dev/null 2> tests/vm/mmap-bad-off.errors > tests/vm/mmap-bad-off.output
perl -I../.. ../../tests/vm/mmap-bad-off.ck tests/vm/mmap-bad-off tests/vm/mmap-bad-off.result
pass tests/vm/mmap-bad-off
gcc -c ../../tests/vm/mmap-kernel.c -o tests/vm/mmap-kernel.o -g -msoft-float -O0 -fno-omit-frame-pointer -mno-red-zone -mcmodel=large -fno-plt -fno-pic -mno-sse -fno-stack-protector  -fno-stack-protector -Wno-builtin-declaration-mismatch -nostdinc -I../.. -I../../include/lib -I../../include -I../../include/lib/kernel -I../../include/lib/user -I. -Wall -W -Wstrict-prototypes -Wmissing-prototypes -Wsystem-headers  -MMD -MF tests/vm/mmap-kernel.d
gcc -g -msoft-float -O0 -fno-omit-frame-pointer -mno-red-zone -mcmodel=large -fno-plt -fno-pic -mno-sse -fno-stack-protector  -fno-stack-protector -Wno-builtin-declaration-mismatch -nostdlib -static -Wl,-T,../../lib/user/user.lds tests/vm/mmap-kernel.o tests/lib.o tests/main.o lib/user/entry.o libc.a -o tests/vm/mmap-kernel
pintos -v -k -T 60 -m 20   --fs-disk=10 -p tests/vm/mmap-kernel:mmap-kernel -p ../../tests/vm/sample.txt:sample.txt --swap-disk=4 -- -q   -f run mmap-kernel < /dev/null 2> tests/vm/mmap-kernel.errors > tests/vm/mmap-kernel.output
perl -I../.. ../../tests/vm/mmap-kernel.ck tests/vm/mmap-kernel tests/vm/mmap-kernel.result
pass tests/vm/mmap-kernel
gcc -c ../../tests/vm/lazy-file.c -o tests/vm/lazy-file.o -g -msoft-float -O0 -fno-omit-frame-pointer -mno-red-zone -mcmodel=large -fno-plt -fno-pic -mno-sse -fno-stack-protector  -fno-stack-protector -Wno-builtin-declaration-mismatch -nostdinc -I../.. -I../../include/lib -I../../include -I../../include/lib/kernel -I../../include/lib/user -I. -Wall -W -Wstrict-prototypes -Wmissing-prototypes -Wsystem-headers  -MMD -MF tests/vm/lazy-file.d
gcc -g -msoft-float -O0 -fno-omit-frame-pointer -mno-red-zone -mcmodel=large -fno-plt -fno-pic -mno-sse -fno-stack-protector  -fno-stack-protector -Wno-builtin-declaration-mismatch -nostdlib -static -Wl,-T,../../lib/user/user.lds tests/vm/lazy-file.o tests/lib.o tests/main.o lib/user/entry.o libc.a -o tests/vm/lazy-file
pintos -v -k -T 600 -m 20   --fs-disk=10 -p tests/vm/lazy-file:lazy-file -p ../../tests/vm/sample.txt:sample.txt -p ../../tests/vm/small.txt:small.txt --swap-disk=4 -- -q   -f run lazy-file < /dev/null 2> tests/vm/lazy-file.errors > tests/vm/lazy-file.output
perl -I../.. ../../tests/vm/lazy-file.ck tests/vm/lazy-file tests/vm/lazy-file.result
pass tests/vm/lazy-file
gcc -c ../../tests/vm/lazy-anon.c -o tests/vm/lazy-anon.o -g -msoft-float -O0 -fno-omit-frame-pointer -mno-red-zone -mcmodel=large -fno-plt -fno-pic -mno-sse -fno-stack-protector  -fno-stack-protector -Wno-builtin-declaration-mismatch -nostdinc -I../.. -I../../include/lib -I../../include -I../../include/lib/kernel -I../../include/lib/user -I. -Wall -W -Wstrict-prototypes -Wmissing-prototypes -Wsystem-headers  -MMD -MF tests/vm/lazy-anon.d
gcc -g -msoft-float -O0 -fno-omit-frame-pointer -mno-red-zone -mcmodel=large -fno-plt -fno-pic -mno-sse -fno-stack-protector  -fno-stack-protector -Wno-builtin-declaration-mismatch -nostdlib -static -Wl,-T,../../lib/user/user.lds tests/vm/lazy-anon.o tests/lib.o tests/main.o lib/user/entry.o libc.a -o tests/vm/lazy-anon
pintos -v -k -T 60 -m 20   --fs-disk=10 -p tests/vm/lazy-anon:lazy-anon --swap-disk=4 -- -q   -f run lazy-anon < /dev/null 2> tests/vm/lazy-anon.errors > tests/vm/lazy-anon.output
perl -I../.. ../../tests/vm/lazy-anon.ck tests/vm/lazy-anon tests/vm/lazy-anon.result
pass tests/vm/lazy-anon
gcc -c ../../tests/vm/swap-file.c -o tests/vm/swap-file.o -g -msoft-float -O0 -fno-omit-frame-pointer -mno-red-zone -mcmodel=large -fno-plt -fno-pic -mno-sse -fno-stack-protector  -fno-stack-protector -Wno-builtin-declaration-mismatch -nostdinc -I../.. -I../../include/lib -I../../include -I../../include/lib/kernel -I../../include/lib/user -I. -Wall -W -Wstrict-prototypes -Wmissing-prototypes -Wsystem-headers  -MMD -MF tests/vm/swap-file.d
gcc -g -msoft-float -O0 -fno-omit-frame-pointer -mno-red-zone -mcmodel=large -fno-plt -fno-pic -mno-sse -fno-stack-protector  -fno-stack-protector -Wno-builtin-declaration-mismatch -nostdlib -static -Wl,-T,../../lib/user/user.lds tests/vm/swap-file.o tests/lib.o tests/main.o lib/user/entry.o libc.a -o tests/vm/swap-file
pintos -v -k -T 180 -m 8   --fs-disk=10 -p tests/vm/swap-file:swap-file -p ../../tests/vm/large.txt:large.txt --swap-disk=10 -- -q   -f run swap-file < /dev/null 2> tests/vm/swap-file.errors > tests/vm/swap-file.output
perl -I../.. ../../tests/vm/swap-file.ck tests/vm/swap-file tests/vm/swap-file.result
pass tests/vm/swap-file
gcc -c ../../tests/vm/swap-anon.c -o tests/vm/swap-anon.o -g -msoft-float -O0 -fno-omit-frame-pointer -mno-red-zone -mcmodel=large -fno-plt -fno-pic -mno-sse -fno-stack-protector  -fno-stack-protector -Wno-builtin-declaration-mismatch -nostdinc -I../.. -I../../include/lib -I../../include -I../../include/lib/kernel -I../../include/lib/user -I. -Wall -W -Wstrict-prototypes -Wmissing-prototypes -Wsystem-headers  -MMD -MF tests/vm/swap-anon.d
../../tests/vm/swap-anon.c: In function test_main:
../../tests/vm/swap-anon.c:28:11: warning: unused variable pa [-Wunused-variable]
     void* pa;
           ^~
gcc -g -msoft-float -O0 -fno-omit-frame-pointer -mno-red-zone -mcmodel=large -fno-plt -fno-pic -mno-sse -fno-stack-protector  -fno-stack-protector -Wno-builtin-declaration-mismatch -nostdlib -static -Wl,-T,../../lib/user/user.lds tests/vm/swap-anon.o tests/lib.o tests/main.o lib/user/entry.o libc.a -o tests/vm/swap-anon
pintos -v -k -T 180 -m 10   --fs-disk=10 -p tests/vm/swap-anon:swap-anon --swap-disk=30 -- -q   -f run swap-anon < /dev/null 2> tests/vm/swap-anon.errors > tests/vm/swap-anon.output
perl -I../.. ../../tests/vm/swap-anon.ck tests/vm/swap-anon tests/vm/swap-anon.result
pass tests/vm/swap-anon
gcc -c ../../tests/vm/swap-iter.c -o tests/vm/swap-iter.o -g -msoft-float -O0 -fno-omit-frame-pointer -mno-red-zone -mcmodel=large -fno-plt -fno-pic -mno-sse -fno-stack-protector  -fno-stack-protector -Wno-builtin-declaration-mismatch -nostdinc -I../.. -I../../include/lib -I../../include -I../../include/lib/kernel -I../../include/lib/user -I. -Wall -W -Wstrict-prototypes -Wmissing-prototypes -Wsystem-headers  -MMD -MF tests/vm/swap-iter.d
gcc -g -msoft-float -O0 -fno-omit-frame-pointer -mno-red-zone -mcmodel=large -fno-plt -fno-pic -mno-sse -fno-stack-protector  -fno-stack-protector -Wno-builtin-declaration-mismatch -nostdlib -static -Wl,-T,../../lib/user/user.lds tests/vm/swap-iter.o tests/lib.o tests/main.o lib/user/entry.o libc.a -o tests/vm/swap-iter
pintos -v -k -T 180 -m 10   --fs-disk=10 -p tests/vm/swap-iter:swap-iter -p ../../tests/vm/large.txt:large.txt --swap-disk=50 -- -q   -f run swap-iter < /dev/null 2> tests/vm/swap-iter.errors > tests/vm/swap-iter.output
perl -I../.. ../../tests/vm/swap-iter.ck tests/vm/swap-iter tests/vm/swap-iter.result
pass tests/vm/swap-iter
gcc -c ../../tests/vm/swap-fork.c -o tests/vm/swap-fork.o -g -msoft-float -O0 -fno-omit-frame-pointer -mno-red-zone -mcmodel=large -fno-plt -fno-pic -mno-sse -fno-stack-protector  -fno-stack-protector -Wno-builtin-declaration-mismatch -nostdinc -I../.. -I../../include/lib -I../../include -I../../include/lib/kernel -I../../include/lib/user -I. -Wall -W -Wstrict-prototypes -Wmissing-prototypes -Wsystem-headers  -MMD -MF tests/vm/swap-fork.d
gcc -g -msoft-float -O0 -fno-omit-frame-pointer -mno-red-zone -mcmodel=large -fno-plt -fno-pic -mno-sse -fno-stack-protector  -fno-stack-protector -Wno-builtin-declaration-mismatch -nostdlib -static -Wl,-T,../../lib/user/user.lds tests/vm/swap-fork.o tests/lib.o tests/main.o lib/user/entry.o libc.a -o tests/vm/swap-fork
gcc -c ../../tests/vm/child-swap.c -o tests/vm/child-swap.o -g -msoft-float -O0 -fno-omit-frame-pointer -mno-red-zone -mcmodel=large -fno-plt -fno-pic -mno-sse -fno-stack-protector  -fno-stack-protector -Wno-builtin-declaration-mismatch -nostdinc -I../.. -I../../include/lib -I../../include -I../../include/lib/kernel -I../../include/lib/user -I. -Wall -W -Wstrict-prototypes -Wmissing-prototypes -Wsystem-headers  -MMD -MF tests/vm/child-swap.d
gcc -g -msoft-float -O0 -fno-omit-frame-pointer -mno-red-zone -mcmodel=large -fno-plt -fno-pic -mno-sse -fno-stack-protector  -fno-stack-protector -Wno-builtin-declaration-mismatch -nostdlib -static -Wl,-T,../../lib/user/user.lds tests/vm/child-swap.o tests/lib.o tests/main.o lib/user/entry.o libc.a -o tests/vm/child-swap
pintos -v -k -T 600 -m 40   --fs-disk=10 -p tests/vm/swap-fork:swap-fork -p tests/vm/child-swap:child-swap --swap-disk=200 -- -q   -f run swap-fork < /dev/null 2> tests/vm/swap-fork.errors > tests/vm/swap-fork.output
perl -I../.. ../../tests/vm/swap-fork.ck tests/vm/swap-fork tests/vm/swap-fork.result
pass tests/vm/swap-fork
gcc -c ../../tests/filesys/base/lg-create.c -o tests/filesys/base/lg-create.o -g -msoft-float -O0 -fno-omit-frame-pointer -mno-red-zone -mcmodel=large -fno-plt -fno-pic -mno-sse -fno-stack-protector  -fno-stack-protector -Wno-builtin-declaration-mismatch -nostdinc -I../.. -I../../include/lib -I../../include -I../../include/lib/kernel -I../../include/lib/user -I. -Wall -W -Wstrict-prototypes -Wmissing-prototypes -Wsystem-headers  -MMD -MF tests/filesys/base/lg-create.d
gcc -c ../../tests/filesys/seq-test.c -o tests/filesys/seq-test.o -g -msoft-float -O0 -fno-omit-frame-pointer -mno-red-zone -mcmodel=large -fno-plt -fno-pic -mno-sse -fno-stack-protector  -fno-stack-protector -Wno-builtin-declaration-mismatch -nostdinc -I../.. -I../../include/lib -I../../include -I../../include/lib/kernel -I../../include/lib/user -I. -Wall -W -Wstrict-prototypes -Wmissing-prototypes -Wsystem-headers  -MMD -MF tests/filesys/seq-test.d
gcc -g -msoft-float -O0 -fno-omit-frame-pointer -mno-red-zone -mcmodel=large -fno-plt -fno-pic -mno-sse -fno-stack-protector  -fno-stack-protector -Wno-builtin-declaration-mismatch -nostdlib -static -Wl,-T,../../lib/user/user.lds tests/filesys/base/lg-create.o tests/lib.o tests/filesys/seq-test.o tests/main.o lib/user/entry.o libc.a -o tests/filesys/base/lg-create
pintos -v -k -T 60 -m 20   --fs-disk=10 -p tests/filesys/base/lg-create:lg-create --swap-disk=4 -- -q   -f run lg-create < /dev/null 2> tests/filesys/base/lg-create.errors > tests/filesys/base/lg-create.output
perl -I../.. ../../tests/filesys/base/lg-create.ck tests/filesys/base/lg-create tests/filesys/base/lg-create.result
pass tests/filesys/base/lg-create
gcc -c ../../tests/filesys/base/lg-full.c -o tests/filesys/base/lg-full.o -g -msoft-float -O0 -fno-omit-frame-pointer -mno-red-zone -mcmodel=large -fno-plt -fno-pic -mno-sse -fno-stack-protector  -fno-stack-protector -Wno-builtin-declaration-mismatch -nostdinc -I../.. -I../../include/lib -I../../include -I../../include/lib/kernel -I../../include/lib/user -I. -Wall -W -Wstrict-prototypes -Wmissing-prototypes -Wsystem-headers  -MMD -MF tests/filesys/base/lg-full.d
gcc -g -msoft-float -O0 -fno-omit-frame-pointer -mno-red-zone -mcmodel=large -fno-plt -fno-pic -mno-sse -fno-stack-protector  -fno-stack-protector -Wno-builtin-declaration-mismatch -nostdlib -static -Wl,-T,../../lib/user/user.lds tests/filesys/base/lg-full.o tests/lib.o tests/filesys/seq-test.o tests/main.o lib/user/entry.o libc.a -o tests/filesys/base/lg-full
pintos -v -k -T 60 -m 20   --fs-disk=10 -p tests/filesys/base/lg-full:lg-full --swap-disk=4 -- -q   -f run lg-full < /dev/null 2> tests/filesys/base/lg-full.errors > tests/filesys/base/lg-full.output
perl -I../.. ../../tests/filesys/base/lg-full.ck tests/filesys/base/lg-full tests/filesys/base/lg-full.result
pass tests/filesys/base/lg-full
gcc -c ../../tests/filesys/base/lg-random.c -o tests/filesys/base/lg-random.o -g -msoft-float -O0 -fno-omit-frame-pointer -mno-red-zone -mcmodel=large -fno-plt -fno-pic -mno-sse -fno-stack-protector  -fno-stack-protector -Wno-builtin-declaration-mismatch -nostdinc -I../.. -I../../include/lib -I../../include -I../../include/lib/kernel -I../../include/lib/user -I. -Wall -W -Wstrict-prototypes -Wmissing-prototypes -Wsystem-headers  -MMD -MF tests/filesys/base/lg-random.d
gcc -g -msoft-float -O0 -fno-omit-frame-pointer -mno-red-zone -mcmodel=large -fno-plt -fno-pic -mno-sse -fno-stack-protector  -fno-stack-protector -Wno-builtin-declaration-mismatch -nostdlib -static -Wl,-T,../../lib/user/user.lds tests/filesys/base/lg-random.o tests/lib.o tests/filesys/seq-test.o tests/main.o lib/user/entry.o libc.a -o tests/filesys/base/lg-random
pintos -v -k -T 60 -m 20   --fs-disk=10 -p tests/filesys/base/lg-random:lg-random --swap-disk=4 -- -q   -f run lg-random < /dev/null 2> tests/filesys/base/lg-random.errors > tests/filesys/base/lg-random.output
perl -I../.. ../../tests/filesys/base/lg-random.ck tests/filesys/base/lg-random tests/filesys/base/lg-random.result
pass tests/filesys/base/lg-random
gcc -c ../../tests/filesys/base/lg-seq-block.c -o tests/filesys/base/lg-seq-block.o -g -msoft-float -O0 -fno-omit-frame-pointer -mno-red-zone -mcmodel=large -fno-plt -fno-pic -mno-sse -fno-stack-protector  -fno-stack-protector -Wno-builtin-declaration-mismatch -nostdinc -I../.. -I../../include/lib -I../../include -I../../include/lib/kernel -I../../include/lib/user -I. -Wall -W -Wstrict-prototypes -Wmissing-prototypes -Wsystem-headers  -MMD -MF tests/filesys/base/lg-seq-block.d
gcc -g -msoft-float -O0 -fno-omit-frame-pointer -mno-red-zone -mcmodel=large -fno-plt -fno-pic -mno-sse -fno-stack-protector  -fno-stack-protector -Wno-builtin-declaration-mismatch -nostdlib -static -Wl,-T,../../lib/user/user.lds tests/filesys/base/lg-seq-block.o tests/lib.o tests/filesys/seq-test.o tests/main.o lib/user/entry.o libc.a -o tests/filesys/base/lg-seq-block
pintos -v -k -T 60 -m 20   --fs-disk=10 -p tests/filesys/base/lg-seq-block:lg-seq-block --swap-disk=4 -- -q   -f run lg-seq-block < /dev/null 2> tests/filesys/base/lg-seq-block.errors > tests/filesys/base/lg-seq-block.output
perl -I../.. ../../tests/filesys/base/lg-seq-block.ck tests/filesys/base/lg-seq-block tests/filesys/base/lg-seq-block.result
pass tests/filesys/base/lg-seq-block
gcc -c ../../tests/filesys/base/lg-seq-random.c -o tests/filesys/base/lg-seq-random.o -g -msoft-float -O0 -fno-omit-frame-pointer -mno-red-zone -mcmodel=large -fno-plt -fno-pic -mno-sse -fno-stack-protector  -fno-stack-protector -Wno-builtin-declaration-mismatch -nostdinc -I../.. -I../../include/lib -I../../include -I../../include/lib/kernel -I../../include/lib/user -I. -Wall -W -Wstrict-prototypes -Wmissing-prototypes -Wsystem-headers  -MMD -MF tests/filesys/base/lg-seq-random.d
gcc -g -msoft-float -O0 -fno-omit-frame-pointer -mno-red-zone -mcmodel=large -fno-plt -fno-pic -mno-sse -fno-stack-protector  -fno-stack-protector -Wno-builtin-declaration-mismatch -nostdlib -static -Wl,-T,../../lib/user/user.lds tests/filesys/base/lg-seq-random.o tests/lib.o tests/filesys/seq-test.o tests/main.o lib/user/entry.o libc.a -o tests/filesys/base/lg-seq-random
pintos -v -k -T 60 -m 20   --fs-disk=10 -p tests/filesys/base/lg-seq-random:lg-seq-random --swap-disk=4 -- -q   -f run lg-seq-random < /dev/null 2> tests/filesys/base/lg-seq-random.errors > tests/filesys/base/lg-seq-random.output
perl -I../.. ../../tests/filesys/base/lg-seq-random.ck tests/filesys/base/lg-seq-random tests/filesys/base/lg-seq-random.result
pass tests/filesys/base/lg-seq-random
gcc -c ../../tests/filesys/base/sm-create.c -o tests/filesys/base/sm-create.o -g -msoft-float -O0 -fno-omit-frame-pointer -mno-red-zone -mcmodel=large -fno-plt -fno-pic -mno-sse -fno-stack-protector  -fno-stack-protector -Wno-builtin-declaration-mismatch -nostdinc -I../.. -I../../include/lib -I../../include -I../../include/lib/kernel -I../../include/lib/user -I. -Wall -W -Wstrict-prototypes -Wmissing-prototypes -Wsystem-headers  -MMD -MF tests/filesys/base/sm-create.d
gcc -g -msoft-float -O0 -fno-omit-frame-pointer -mno-red-zone -mcmodel=large -fno-plt -fno-pic -mno-sse -fno-stack-protector  -fno-stack-protector -Wno-builtin-declaration-mismatch -nostdlib -static -Wl,-T,../../lib/user/user.lds tests/filesys/base/sm-create.o tests/lib.o tests/filesys/seq-test.o tests/main.o lib/user/entry.o libc.a -o tests/filesys/base/sm-create
pintos -v -k -T 60 -m 20   --fs-disk=10 -p tests/filesys/base/sm-create:sm-create --swap-disk=4 -- -q   -f run sm-create < /dev/null 2> tests/filesys/base/sm-create.errors > tests/filesys/base/sm-create.output
perl -I../.. ../../tests/filesys/base/sm-create.ck tests/filesys/base/sm-create tests/filesys/base/sm-create.result
pass tests/filesys/base/sm-create
gcc -c ../../tests/filesys/base/sm-full.c -o tests/filesys/base/sm-full.o -g -msoft-float -O0 -fno-omit-frame-pointer -mno-red-zone -mcmodel=large -fno-plt -fno-pic -mno-sse -fno-stack-protector  -fno-stack-protector -Wno-builtin-declaration-mismatch -nostdinc -I../.. -I../../include/lib -I../../include -I../../include/lib/kernel -I../../include/lib/user -I. -Wall -W -Wstrict-prototypes -Wmissing-prototypes -Wsystem-headers  -MMD -MF tests/filesys/base/sm-full.d
gcc -g -msoft-float -O0 -fno-omit-frame-pointer -mno-red-zone -mcmodel=large -fno-plt -fno-pic -mno-sse -fno-stack-protector  -fno-stack-protector -Wno-builtin-declaration-mismatch -nostdlib -static -Wl,-T,../../lib/user/user.lds tests/filesys/base/sm-full.o tests/lib.o tests/filesys/seq-test.o tests/main.o lib/user/entry.o libc.a -o tests/filesys/base/sm-full
pintos -v -k -T 60 -m 20   --fs-disk=10 -p tests/filesys/base/sm-full:sm-full --swap-disk=4 -- -q   -f run sm-full < /dev/null 2> tests/filesys/base/sm-full.errors > tests/filesys/base/sm-full.output
perl -I../.. ../../tests/filesys/base/sm-full.ck tests/filesys/base/sm-full tests/filesys/base/sm-full.result
pass tests/filesys/base/sm-full
gcc -c ../../tests/filesys/base/sm-random.c -o tests/filesys/base/sm-random.o -g -msoft-float -O0 -fno-omit-frame-pointer -mno-red-zone -mcmodel=large -fno-plt -fno-pic -mno-sse -fno-stack-protector  -fno-stack-protector -Wno-builtin-declaration-mismatch -nostdinc -I../.. -I../../include/lib -I../../include -I../../include/lib/kernel -I../../include/lib/user -I. -Wall -W -Wstrict-prototypes -Wmissing-prototypes -Wsystem-headers  -MMD -MF tests/filesys/base/sm-random.d
gcc -g -msoft-float -O0 -fno-omit-frame-pointer -mno-red-zone -mcmodel=large -fno-plt -fno-pic -mno-sse -fno-stack-protector  -fno-stack-protector -Wno-builtin-declaration-mismatch -nostdlib -static -Wl,-T,../../lib/user/user.lds tests/filesys/base/sm-random.o tests/lib.o tests/filesys/seq-test.o tests/main.o lib/user/entry.o libc.a -o tests/filesys/base/sm-random
pintos -v -k -T 60 -m 20   --fs-disk=10 -p tests/filesys/base/sm-random:sm-random --swap-disk=4 -- -q   -f run sm-random < /dev/null 2> tests/filesys/base/sm-random.errors > tests/filesys/base/sm-random.output
perl -I../.. ../../tests/filesys/base/sm-random.ck tests/filesys/base/sm-random tests/filesys/base/sm-random.result
pass tests/filesys/base/sm-random
gcc -c ../../tests/filesys/base/sm-seq-block.c -o tests/filesys/base/sm-seq-block.o -g -msoft-float -O0 -fno-omit-frame-pointer -mno-red-zone -mcmodel=large -fno-plt -fno-pic -mno-sse -fno-stack-protector  -fno-stack-protector -Wno-builtin-declaration-mismatch -nostdinc -I../.. -I../../include/lib -I../../include -I../../include/lib/kernel -I../../include/lib/user -I. -Wall -W -Wstrict-prototypes -Wmissing-prototypes -Wsystem-headers  -MMD -MF tests/filesys/base/sm-seq-block.d
gcc -g -msoft-float -O0 -fno-omit-frame-pointer -mno-red-zone -mcmodel=large -fno-plt -fno-pic -mno-sse -fno-stack-protector  -fno-stack-protector -Wno-builtin-declaration-mismatch -nostdlib -static -Wl,-T,../../lib/user/user.lds tests/filesys/base/sm-seq-block.o tests/lib.o tests/filesys/seq-test.o tests/main.o lib/user/entry.o libc.a -o tests/filesys/base/sm-seq-block
pintos -v -k -T 60 -m 20   --fs-disk=10 -p tests/filesys/base/sm-seq-block:sm-seq-block --swap-disk=4 -- -q   -f run sm-seq-block < /dev/null 2> tests/filesys/base/sm-seq-block.errors > tests/filesys/base/sm-seq-block.output
perl -I../.. ../../tests/filesys/base/sm-seq-block.ck tests/filesys/base/sm-seq-block tests/filesys/base/sm-seq-block.result
pass tests/filesys/base/sm-seq-block
gcc -c ../../tests/filesys/base/sm-seq-random.c -o tests/filesys/base/sm-seq-random.o -g -msoft-float -O0 -fno-omit-frame-pointer -mno-red-zone -mcmodel=large -fno-plt -fno-pic -mno-sse -fno-stack-protector  -fno-stack-protector -Wno-builtin-declaration-mismatch -nostdinc -I../.. -I../../include/lib -I../../include -I../../include/lib/kernel -I../../include/lib/user -I. -Wall -W -Wstrict-prototypes -Wmissing-prototypes -Wsystem-headers  -MMD -MF tests/filesys/base/sm-seq-random.d
gcc -g -msoft-float -O0 -fno-omit-frame-pointer -mno-red-zone -mcmodel=large -fno-plt -fno-pic -mno-sse -fno-stack-protector  -fno-stack-protector -Wno-builtin-declaration-mismatch -nostdlib -static -Wl,-T,../../lib/user/user.lds tests/filesys/base/sm-seq-random.o tests/lib.o tests/filesys/seq-test.o tests/main.o lib/user/entry.o libc.a -o tests/filesys/base/sm-seq-random
pintos -v -k -T 60 -m 20   --fs-disk=10 -p tests/filesys/base/sm-seq-random:sm-seq-random --swap-disk=4 -- -q   -f run sm-seq-random < /dev/null 2> tests/filesys/base/sm-seq-random.errors > tests/filesys/base/sm-seq-random.output
perl -I../.. ../../tests/filesys/base/sm-seq-random.ck tests/filesys/base/sm-seq-random tests/filesys/base/sm-seq-random.result
pass tests/filesys/base/sm-seq-random
gcc -c ../../tests/filesys/base/syn-read.c -o tests/filesys/base/syn-read.o -g -msoft-float -O0 -fno-omit-frame-pointer -mno-red-zone -mcmodel=large -fno-plt -fno-pic -mno-sse -fno-stack-protector  -fno-stack-protector -Wno-builtin-declaration-mismatch -nostdinc -I../.. -I../../include/lib -I../../include -I../../include/lib/kernel -I../../include/lib/user -I. -Wall -W -Wstrict-prototypes -Wmissing-prototypes -Wsystem-headers  -MMD -MF tests/filesys/base/syn-read.d
gcc -g -msoft-float -O0 -fno-omit-frame-pointer -mno-red-zone -mcmodel=large -fno-plt -fno-pic -mno-sse -fno-stack-protector  -fno-stack-protector -Wno-builtin-declaration-mismatch -nostdlib -static -Wl,-T,../../lib/user/user.lds tests/filesys/base/syn-read.o tests/lib.o tests/filesys/seq-test.o tests/main.o lib/user/entry.o libc.a -o tests/filesys/base/syn-read
gcc -c ../../tests/filesys/base/child-syn-read.c -o tests/filesys/base/child-syn-read.o -g -msoft-float -O0 -fno-omit-frame-pointer -mno-red-zone -mcmodel=large -fno-plt -fno-pic -mno-sse -fno-stack-protector  -fno-stack-protector -Wno-builtin-declaration-mismatch -nostdinc -I../.. -I../../include/lib -I../../include -I../../include/lib/kernel -I../../include/lib/user -I. -Wall -W -Wstrict-prototypes -Wmissing-prototypes -Wsystem-headers  -MMD -MF tests/filesys/base/child-syn-read.d
gcc -g -msoft-float -O0 -fno-omit-frame-pointer -mno-red-zone -mcmodel=large -fno-plt -fno-pic -mno-sse -fno-stack-protector  -fno-stack-protector -Wno-builtin-declaration-mismatch -nostdlib -static -Wl,-T,../../lib/user/user.lds tests/filesys/base/child-syn-read.o tests/lib.o tests/filesys/seq-test.o lib/user/entry.o libc.a -o tests/filesys/base/child-syn-read
pintos -v -k -T 300 -m 20   --fs-disk=10 -p tests/filesys/base/syn-read:syn-read -p tests/filesys/base/child-syn-read:child-syn-read --swap-disk=4 -- -q   -f run syn-read < /dev/null 2> tests/filesys/base/syn-read.errors > tests/filesys/base/syn-read.output
perl -I../.. ../../tests/filesys/base/syn-read.ck tests/filesys/base/syn-read tests/filesys/base/syn-read.result
pass tests/filesys/base/syn-read
gcc -c ../../tests/filesys/base/syn-remove.c -o tests/filesys/base/syn-remove.o -g -msoft-float -O0 -fno-omit-frame-pointer -mno-red-zone -mcmodel=large -fno-plt -fno-pic -mno-sse -fno-stack-protector  -fno-stack-protector -Wno-builtin-declaration-mismatch -nostdinc -I../.. -I../../include/lib -I../../include -I../../include/lib/kernel -I../../include/lib/user -I. -Wall -W -Wstrict-prototypes -Wmissing-prototypes -Wsystem-headers  -MMD -MF tests/filesys/base/syn-remove.d
gcc -g -msoft-float -O0 -fno-omit-frame-pointer -mno-red-zone -mcmodel=large -fno-plt -fno-pic -mno-sse -fno-stack-protector  -fno-stack-protector -Wno-builtin-declaration-mismatch -nostdlib -static -Wl,-T,../../lib/user/user.lds tests/filesys/base/syn-remove.o tests/lib.o tests/filesys/seq-test.o tests/main.o lib/user/entry.o libc.a -o tests/filesys/base/syn-remove
pintos -v -k -T 60 -m 20   --fs-disk=10 -p tests/filesys/base/syn-remove:syn-remove --swap-disk=4 -- -q   -f run syn-remove < /dev/null 2> tests/filesys/base/syn-remove.errors > tests/filesys/base/syn-remove.output
perl -I../.. ../../tests/filesys/base/syn-remove.ck tests/filesys/base/syn-remove tests/filesys/base/syn-remove.result
pass tests/filesys/base/syn-remove
gcc -c ../../tests/filesys/base/syn-write.c -o tests/filesys/base/syn-write.o -g -msoft-float -O0 -fno-omit-frame-pointer -mno-red-zone -mcmodel=large -fno-plt -fno-pic -mno-sse -fno-stack-protector  -fno-stack-protector -Wno-builtin-declaration-mismatch -nostdinc -I../.. -I../../include/lib -I../../include -I../../include/lib/kernel -I../../include/lib/user -I. -Wall -W -Wstrict-prototypes -Wmissing-prototypes -Wsystem-headers  -MMD -MF tests/filesys/base/syn-write.d
gcc -g -msoft-float -O0 -fno-omit-frame-pointer -mno-red-zone -mcmodel=large -fno-plt -fno-pic -mno-sse -fno-stack-protector  -fno-stack-protector -Wno-builtin-declaration-mismatch -nostdlib -static -Wl,-T,../../lib/user/user.lds tests/filesys/base/syn-write.o tests/lib.o tests/filesys/seq-test.o tests/main.o lib/user/entry.o libc.a -o tests/filesys/base/syn-write
gcc -c ../../tests/filesys/base/child-syn-wrt.c -o tests/filesys/base/child-syn-wrt.o -g -msoft-float -O0 -fno-omit-frame-pointer -mno-red-zone -mcmodel=large -fno-plt -fno-pic -mno-sse -fno-stack-protector  -fno-stack-protector -Wno-builtin-declaration-mismatch -nostdinc -I../.. -I../../include/lib -I../../include -I../../include/lib/kernel -I../../include/lib/user -I. -Wall -W -Wstrict-prototypes -Wmissing-prototypes -Wsystem-headers  -MMD -MF tests/filesys/base/child-syn-wrt.d
gcc -g -msoft-float -O0 -fno-omit-frame-pointer -mno-red-zone -mcmodel=large -fno-plt -fno-pic -mno-sse -fno-stack-protector  -fno-stack-protector -Wno-builtin-declaration-mismatch -nostdlib -static -Wl,-T,../../lib/user/user.lds tests/filesys/base/child-syn-wrt.o tests/lib.o tests/filesys/seq-test.o lib/user/entry.o libc.a -o tests/filesys/base/child-syn-wrt
pintos -v -k -T 60 -m 20   --fs-disk=10 -p tests/filesys/base/syn-write:syn-write -p tests/filesys/base/child-syn-wrt:child-syn-wrt --swap-disk=4 -- -q   -f run syn-write < /dev/null 2> tests/filesys/base/syn-write.errors > tests/filesys/base/syn-write.output
perl -I../.. ../../tests/filesys/base/syn-write.ck tests/filesys/base/syn-write tests/filesys/base/syn-write.result
pass tests/filesys/base/syn-write
pintos -v -k -T 60 -m 20   --fs-disk=10  --swap-disk=4 -- -q  -threads-tests -f run alarm-single < /dev/null 2> tests/threads/alarm-single.errors > tests/threads/alarm-single.output
perl -I../.. ../../tests/threads/alarm-single.ck tests/threads/alarm-single tests/threads/alarm-single.result
pass tests/threads/alarm-single
pintos -v -k -T 60 -m 20   --fs-disk=10  --swap-disk=4 -- -q  -threads-tests -f run alarm-multiple < /dev/null 2> tests/threads/alarm-multiple.errors > tests/threads/alarm-multiple.output
perl -I../.. ../../tests/threads/alarm-multiple.ck tests/threads/alarm-multiple tests/threads/alarm-multiple.result
pass tests/threads/alarm-multiple
pintos -v -k -T 60 -m 20   --fs-disk=10  --swap-disk=4 -- -q  -threads-tests -f run alarm-simultaneous < /dev/null 2> tests/threads/alarm-simultaneous.errors > tests/threads/alarm-simultaneous.output
perl -I../.. ../../tests/threads/alarm-simultaneous.ck tests/threads/alarm-simultaneous tests/threads/alarm-simultaneous.result
pass tests/threads/alarm-simultaneous
pintos -v -k -T 60 -m 20   --fs-disk=10  --swap-disk=4 -- -q  -threads-tests -f run alarm-priority < /dev/null 2> tests/threads/alarm-priority.errors > tests/threads/alarm-priority.output
perl -I../.. ../../tests/threads/alarm-priority.ck tests/threads/alarm-priority tests/threads/alarm-priority.result
pass tests/threads/alarm-priority
pintos -v -k -T 60 -m 20   --fs-disk=10  --swap-disk=4 -- -q  -threads-tests -f run alarm-zero < /dev/null 2> tests/threads/alarm-zero.errors > tests/threads/alarm-zero.output
perl -I../.. ../../tests/threads/alarm-zero.ck tests/threads/alarm-zero tests/threads/alarm-zero.result
pass tests/threads/alarm-zero
pintos -v -k -T 60 -m 20   --fs-disk=10  --swap-disk=4 -- -q  -threads-tests -f run alarm-negative < /dev/null 2> tests/threads/alarm-negative.errors > tests/threads/alarm-negative.output
perl -I../.. ../../tests/threads/alarm-negative.ck tests/threads/alarm-negative tests/threads/alarm-negative.result
pass tests/threads/alarm-negative
pintos -v -k -T 60 -m 20   --fs-disk=10  --swap-disk=4 -- -q  -threads-tests -f run priority-change < /dev/null 2> tests/threads/priority-change.errors > tests/threads/priority-change.output
perl -I../.. ../../tests/threads/priority-change.ck tests/threads/priority-change tests/threads/priority-change.result
pass tests/threads/priority-change
pintos -v -k -T 60 -m 20   --fs-disk=10  --swap-disk=4 -- -q  -threads-tests -f run priority-donate-one < /dev/null 2> tests/threads/priority-donate-one.errors > tests/threads/priority-donate-one.output
perl -I../.. ../../tests/threads/priority-donate-one.ck tests/threads/priority-donate-one tests/threads/priority-donate-one.result
pass tests/threads/priority-donate-one
pintos -v -k -T 60 -m 20   --fs-disk=10  --swap-disk=4 -- -q  -threads-tests -f run priority-donate-multiple < /dev/null 2> tests/threads/priority-donate-multiple.errors > tests/threads/priority-donate-multiple.output
perl -I../.. ../../tests/threads/priority-donate-multiple.ck tests/threads/priority-donate-multiple tests/threads/priority-donate-multiple.result
pass tests/threads/priority-donate-multiple
pintos -v -k -T 60 -m 20   --fs-disk=10  --swap-disk=4 -- -q  -threads-tests -f run priority-donate-multiple2 < /dev/null 2> tests/threads/priority-donate-multiple2.errors > tests/threads/priority-donate-multiple2.output
perl -I../.. ../../tests/threads/priority-donate-multiple2.ck tests/threads/priority-donate-multiple2 tests/threads/priority-donate-multiple2.result
pass tests/threads/priority-donate-multiple2
pintos -v -k -T 60 -m 20   --fs-disk=10  --swap-disk=4 -- -q  -threads-tests -f run priority-donate-nest < /dev/null 2> tests/threads/priority-donate-nest.errors > tests/threads/priority-donate-nest.output
perl -I../.. ../../tests/threads/priority-donate-nest.ck tests/threads/priority-donate-nest tests/threads/priority-donate-nest.result
pass tests/threads/priority-donate-nest
pintos -v -k -T 60 -m 20   --fs-disk=10  --swap-disk=4 -- -q  -threads-tests -f run priority-donate-sema < /dev/null 2> tests/threads/priority-donate-sema.errors > tests/threads/priority-donate-sema.output
perl -I../.. ../../tests/threads/priority-donate-sema.ck tests/threads/priority-donate-sema tests/threads/priority-donate-sema.result
pass tests/threads/priority-donate-sema
pintos -v -k -T 60 -m 20   --fs-disk=10  --swap-disk=4 -- -q  -threads-tests -f run priority-donate-lower < /dev/null 2> tests/threads/priority-donate-lower.errors > tests/threads/priority-donate-lower.output
perl -I../.. ../../tests/threads/priority-donate-lower.ck tests/threads/priority-donate-lower tests/threads/priority-donate-lower.result
pass tests/threads/priority-donate-lower
pintos -v -k -T 60 -m 20   --fs-disk=10  --swap-disk=4 -- -q  -threads-tests -f run priority-fifo < /dev/null 2> tests/threads/priority-fifo.errors > tests/threads/priority-fifo.output
perl -I../.. ../../tests/threads/priority-fifo.ck tests/threads/priority-fifo tests/threads/priority-fifo.result
pass tests/threads/priority-fifo
pintos -v -k -T 60 -m 20   --fs-disk=10  --swap-disk=4 -- -q  -threads-tests -f run priority-preempt < /dev/null 2> tests/threads/priority-preempt.errors > tests/threads/priority-preempt.output
perl -I../.. ../../tests/threads/priority-preempt.ck tests/threads/priority-preempt tests/threads/priority-preempt.result
pass tests/threads/priority-preempt
pintos -v -k -T 60 -m 20   --fs-disk=10  --swap-disk=4 -- -q  -threads-tests -f run priority-sema < /dev/null 2> tests/threads/priority-sema.errors > tests/threads/priority-sema.output
perl -I../.. ../../tests/threads/priority-sema.ck tests/threads/priority-sema tests/threads/priority-sema.result
pass tests/threads/priority-sema
pintos -v -k -T 60 -m 20   --fs-disk=10  --swap-disk=4 -- -q  -threads-tests -f run priority-condvar < /dev/null 2> tests/threads/priority-condvar.errors > tests/threads/priority-condvar.output
perl -I../.. ../../tests/threads/priority-condvar.ck tests/threads/priority-condvar tests/threads/priority-condvar.result
pass tests/threads/priority-condvar
pintos -v -k -T 60 -m 20   --fs-disk=10  --swap-disk=4 -- -q  -threads-tests -f run priority-donate-chain < /dev/null 2> tests/threads/priority-donate-chain.errors > tests/threads/priority-donate-chain.output
perl -I../.. ../../tests/threads/priority-donate-chain.ck tests/threads/priority-donate-chain tests/threads/priority-donate-chain.result
pass tests/threads/priority-donate-chain
gcc -c ../../tests/vm/cow/cow-simple.c -o tests/vm/cow/cow-simple.o -g -msoft-float -O0 -fno-omit-frame-pointer -mno-red-zone -mcmodel=large -fno-plt -fno-pic -mno-sse -fno-stack-protector  -fno-stack-protector -Wno-builtin-declaration-mismatch -nostdinc -I../.. -I../../include/lib -I../../include -I../../include/lib/kernel -I../../include/lib/user -I. -Wall -W -Wstrict-prototypes -Wmissing-prototypes -Wsystem-headers  -MMD -MF tests/vm/cow/cow-simple.d
gcc -g -msoft-float -O0 -fno-omit-frame-pointer -mno-red-zone -mcmodel=large -fno-plt -fno-pic -mno-sse -fno-stack-protector  -fno-stack-protector -Wno-builtin-declaration-mismatch -nostdlib -static -Wl,-T,../../lib/user/user.lds tests/vm/cow/cow-simple.o tests/lib.o tests/main.o lib/user/entry.o libc.a -o tests/vm/cow/cow-simple
pintos -v -k -T 60 -m 20   --fs-disk=10 -p tests/vm/cow/cow-simple:cow-simple --swap-disk=4 -- -q   -f run cow-simple < /dev/null 2> tests/vm/cow/cow-simple.errors > tests/vm/cow/cow-simple.output
perl -I../.. ../../tests/vm/cow/cow-simple.ck tests/vm/cow/cow-simple tests/vm/cow/cow-simple.result
FAIL tests/vm/cow/cow-simple
run: two phys addrs should be the same.: FAILED
pass tests/userprog/args-none
pass tests/userprog/args-single
pass tests/userprog/args-multiple
pass tests/userprog/args-many
pass tests/userprog/args-dbl-space
pass tests/userprog/halt
pass tests/userprog/exit
pass tests/userprog/create-normal
pass tests/userprog/create-empty
pass tests/userprog/create-null
pass tests/userprog/create-bad-ptr
pass tests/userprog/create-long
pass tests/userprog/create-exists
pass tests/userprog/create-bound
pass tests/userprog/open-normal
pass tests/userprog/open-missing
pass tests/userprog/open-boundary
pass tests/userprog/open-empty
pass tests/userprog/open-null
pass tests/userprog/open-bad-ptr
pass tests/userprog/open-twice
pass tests/userprog/close-normal
pass tests/userprog/close-twice
pass tests/userprog/close-bad-fd
pass tests/userprog/read-normal
pass tests/userprog/read-bad-ptr
pass tests/userprog/read-boundary
pass tests/userprog/read-zero
pass tests/userprog/read-stdout
pass tests/userprog/read-bad-fd
pass tests/userprog/write-normal
pass tests/userprog/write-bad-ptr
pass tests/userprog/write-boundary
pass tests/userprog/write-zero
pass tests/userprog/write-stdin
pass tests/userprog/write-bad-fd
pass tests/userprog/fork-once
pass tests/userprog/fork-multiple
pass tests/userprog/fork-recursive
pass tests/userprog/fork-read
pass tests/userprog/fork-close
pass tests/userprog/fork-boundary
pass tests/userprog/exec-once
pass tests/userprog/exec-arg
pass tests/userprog/exec-boundary
pass tests/userprog/exec-missing
pass tests/userprog/exec-bad-ptr
pass tests/userprog/exec-read
pass tests/userprog/wait-simple
pass tests/userprog/wait-twice
pass tests/userprog/wait-killed
pass tests/userprog/wait-bad-pid
pass tests/userprog/multi-recurse
pass tests/userprog/multi-child-fd
pass tests/userprog/rox-simple
pass tests/userprog/rox-child
pass tests/userprog/rox-multichild
pass tests/userprog/bad-read
pass tests/userprog/bad-write
pass tests/userprog/bad-read2
pass tests/userprog/bad-write2
pass tests/userprog/bad-jump
pass tests/userprog/bad-jump2
pass tests/vm/pt-grow-stack
pass tests/vm/pt-grow-bad
pass tests/vm/pt-big-stk-obj
pass tests/vm/pt-bad-addr
pass tests/vm/pt-bad-read
pass tests/vm/pt-write-code
pass tests/vm/pt-write-code2
pass tests/vm/pt-grow-stk-sc
pass tests/vm/page-linear
pass tests/vm/page-parallel
pass tests/vm/page-merge-seq
pass tests/vm/page-merge-par
pass tests/vm/page-merge-stk
pass tests/vm/page-merge-mm
pass tests/vm/page-shuffle
pass tests/vm/mmap-read
pass tests/vm/mmap-close
pass tests/vm/mmap-unmap
pass tests/vm/mmap-overlap
pass tests/vm/mmap-twice
pass tests/vm/mmap-write
pass tests/vm/mmap-ro
pass tests/vm/mmap-exit
pass tests/vm/mmap-shuffle
pass tests/vm/mmap-bad-fd
pass tests/vm/mmap-clean
pass tests/vm/mmap-inherit
pass tests/vm/mmap-misalign
pass tests/vm/mmap-null
pass tests/vm/mmap-over-code
pass tests/vm/mmap-over-data
pass tests/vm/mmap-over-stk
pass tests/vm/mmap-remove
pass tests/vm/mmap-zero
pass tests/vm/mmap-bad-fd2
pass tests/vm/mmap-bad-fd3
pass tests/vm/mmap-zero-len
pass tests/vm/mmap-off
pass tests/vm/mmap-bad-off
pass tests/vm/mmap-kernel
pass tests/vm/lazy-file
pass tests/vm/lazy-anon
pass tests/vm/swap-file
pass tests/vm/swap-anon
pass tests/vm/swap-iter
pass tests/vm/swap-fork
pass tests/filesys/base/lg-create
pass tests/filesys/base/lg-full
pass tests/filesys/base/lg-random
pass tests/filesys/base/lg-seq-block
pass tests/filesys/base/lg-seq-random
pass tests/filesys/base/sm-create
pass tests/filesys/base/sm-full
pass tests/filesys/base/sm-random
pass tests/filesys/base/sm-seq-block
pass tests/filesys/base/sm-seq-random
pass tests/filesys/base/syn-read
pass tests/filesys/base/syn-remove
pass tests/filesys/base/syn-write
pass tests/threads/alarm-single
pass tests/threads/alarm-multiple
pass tests/threads/alarm-simultaneous
pass tests/threads/alarm-priority
pass tests/threads/alarm-zero
pass tests/threads/alarm-negative
pass tests/threads/priority-change
pass tests/threads/priority-donate-one
pass tests/threads/priority-donate-multiple
pass tests/threads/priority-donate-multiple2
pass tests/threads/priority-donate-nest
pass tests/threads/priority-donate-sema
pass tests/threads/priority-donate-lower
pass tests/threads/priority-fifo
pass tests/threads/priority-preempt
pass tests/threads/priority-sema
pass tests/threads/priority-condvar
pass tests/threads/priority-donate-chain
FAIL tests/vm/cow/cow-simple
1 of 141 tests failed.
../../tests/Make.tests:28: recipe for target 'check' failed
make: *** [check] Error 1
